<?xml version="1.0" encoding="UTF-8"?>
<coverage generated="1576763076277" clover="3.2.0">
  <project timestamp="1576763076277" name="All files">
    <metrics statements="615" coveredstatements="351" conditionals="238" coveredconditionals="58" methods="191" coveredmethods="91" elements="1044" coveredelements="500" complexity="0" loc="615" ncloc="615" packages="2" files="7" classes="7">
      <package name="src">
        <metrics statements="334" coveredstatements="140" conditionals="190" coveredconditionals="37" methods="83" coveredmethods="26"/>
        <file name="AgendaViewModel.ts" path="/Users/i511786/Documents/ba_code/react-event-agenda_repos/react-event-agenda/src/AgendaViewModel.ts">
          <metrics statements="334" coveredstatements="140" conditionals="190" coveredconditionals="37" methods="83" coveredmethods="26"/>
          <line num="15" count="1" type="stmt"/>
          <line num="20" count="8" type="stmt"/>
          <line num="21" count="8" type="stmt"/>
          <line num="22" count="8" type="stmt"/>
          <line num="23" count="8" type="cond" truecount="1" falsecount="1"/>
          <line num="26" count="1" type="stmt"/>
          <line num="27" count="1" type="stmt"/>
          <line num="28" count="3" type="stmt"/>
          <line num="29" count="3" type="stmt"/>
          <line num="30" count="10" type="stmt"/>
          <line num="34" count="1" type="stmt"/>
          <line num="35" count="1" type="stmt"/>
          <line num="38" count="1" type="stmt"/>
          <line num="39" count="5" type="stmt"/>
          <line num="40" count="5" type="stmt"/>
          <line num="42" count="15" type="stmt"/>
          <line num="43" count="15" type="stmt"/>
          <line num="44" count="50" type="stmt"/>
          <line num="48" count="5" type="stmt"/>
          <line num="53" count="1" type="stmt"/>
          <line num="54" count="1" type="stmt"/>
          <line num="57" count="1" type="stmt"/>
          <line num="58" count="1" type="stmt"/>
          <line num="61" count="1" type="stmt"/>
          <line num="62" count="1" type="stmt"/>
          <line num="65" count="1" type="stmt"/>
          <line num="66" count="0" type="stmt"/>
          <line num="69" count="1" type="stmt"/>
          <line num="70" count="0" type="stmt"/>
          <line num="73" count="1" type="stmt"/>
          <line num="74" count="0" type="stmt"/>
          <line num="79" count="1" type="stmt"/>
          <line num="80" count="4" type="stmt"/>
          <line num="83" count="1" type="stmt"/>
          <line num="84" count="0" type="stmt"/>
          <line num="88" count="1" type="stmt"/>
          <line num="89" count="0" type="stmt"/>
          <line num="93" count="1" type="stmt"/>
          <line num="94" count="0" type="stmt"/>
          <line num="97" count="1" type="stmt"/>
          <line num="98" count="0" type="stmt"/>
          <line num="101" count="1" type="stmt"/>
          <line num="102" count="0" type="stmt"/>
          <line num="103" count="0" type="cond" truecount="0" falsecount="2"/>
          <line num="104" count="0" type="stmt"/>
          <line num="108" count="1" type="stmt"/>
          <line num="109" count="0" type="stmt"/>
          <line num="112" count="1" type="stmt"/>
          <line num="113" count="0" type="stmt"/>
          <line num="117" count="1" type="stmt"/>
          <line num="118" count="3" type="stmt"/>
          <line num="119" count="3" type="cond" truecount="1" falsecount="1"/>
          <line num="120" count="3" type="cond" truecount="1" falsecount="1"/>
          <line num="121" count="3" type="stmt"/>
          <line num="122" count="9" type="stmt"/>
          <line num="123" count="9" type="stmt"/>
          <line num="128" count="9" type="stmt"/>
          <line num="130" count="3" type="stmt"/>
          <line num="132" count="0" type="stmt"/>
          <line num="135" count="1" type="stmt"/>
          <line num="136" count="0" type="stmt"/>
          <line num="137" count="0" type="cond" truecount="0" falsecount="2"/>
          <line num="138" count="0" type="cond" truecount="0" falsecount="2"/>
          <line num="139" count="0" type="stmt"/>
          <line num="140" count="0" type="stmt"/>
          <line num="141" count="0" type="stmt"/>
          <line num="146" count="0" type="stmt"/>
          <line num="148" count="0" type="stmt"/>
          <line num="150" count="0" type="stmt"/>
          <line num="153" count="1" type="stmt"/>
          <line num="154" count="0" type="stmt"/>
          <line num="157" count="1" type="stmt"/>
          <line num="158" count="0" type="stmt"/>
          <line num="161" count="1" type="stmt"/>
          <line num="162" count="0" type="stmt"/>
          <line num="165" count="1" type="stmt"/>
          <line num="166" count="0" type="stmt"/>
          <line num="169" count="1" type="stmt"/>
          <line num="170" count="0" type="stmt"/>
          <line num="173" count="1" type="stmt"/>
          <line num="174" count="0" type="stmt"/>
          <line num="175" count="0" type="stmt"/>
          <line num="179" count="1" type="stmt"/>
          <line num="180" count="0" type="stmt"/>
          <line num="184" count="1" type="stmt"/>
          <line num="185" count="0" type="stmt"/>
          <line num="186" count="0" type="stmt"/>
          <line num="188" count="0" type="stmt"/>
          <line num="190" count="0" type="stmt"/>
          <line num="191" count="0" type="cond" truecount="0" falsecount="2"/>
          <line num="192" count="0" type="stmt"/>
          <line num="194" count="0" type="cond" truecount="0" falsecount="4"/>
          <line num="195" count="0" type="stmt"/>
          <line num="196" count="0" type="stmt"/>
          <line num="199" count="0" type="stmt"/>
          <line num="203" count="1" type="stmt"/>
          <line num="204" count="0" type="stmt"/>
          <line num="205" count="0" type="cond" truecount="0" falsecount="2"/>
          <line num="208" count="1" type="stmt"/>
          <line num="209" count="0" type="stmt"/>
          <line num="210" count="0" type="stmt"/>
          <line num="211" count="0" type="cond" truecount="0" falsecount="2"/>
          <line num="212" count="0" type="stmt"/>
          <line num="216" count="1" type="stmt"/>
          <line num="217" count="0" type="stmt"/>
          <line num="218" count="0" type="cond" truecount="0" falsecount="2"/>
          <line num="219" count="0" type="stmt"/>
          <line num="220" count="0" type="cond" truecount="0" falsecount="4"/>
          <line num="221" count="0" type="stmt"/>
          <line num="222" count="0" type="stmt"/>
          <line num="224" count="0" type="cond" truecount="0" falsecount="4"/>
          <line num="225" count="0" type="stmt"/>
          <line num="226" count="0" type="stmt"/>
          <line num="228" count="0" type="cond" truecount="0" falsecount="4"/>
          <line num="229" count="0" type="stmt"/>
          <line num="230" count="0" type="stmt"/>
          <line num="232" count="0" type="cond" truecount="0" falsecount="4"/>
          <line num="233" count="0" type="stmt"/>
          <line num="238" count="1" type="stmt"/>
          <line num="239" count="0" type="stmt"/>
          <line num="240" count="0" type="cond" truecount="0" falsecount="2"/>
          <line num="241" count="0" type="stmt"/>
          <line num="242" count="0" type="stmt"/>
          <line num="243" count="0" type="cond" truecount="0" falsecount="5"/>
          <line num="244" count="0" type="stmt"/>
          <line num="251" count="1" type="stmt"/>
          <line num="252" count="1" type="stmt"/>
          <line num="253" count="1" type="stmt"/>
          <line num="254" count="1" type="stmt"/>
          <line num="255" count="1" type="stmt"/>
          <line num="256" count="1" type="stmt"/>
          <line num="260" count="1" type="stmt"/>
          <line num="261" count="0" type="stmt"/>
          <line num="264" count="1" type="stmt"/>
          <line num="265" count="3" type="stmt"/>
          <line num="266" count="8" type="cond" truecount="8" falsecount="1"/>
          <line num="280" count="1" type="stmt"/>
          <line num="281" count="3" type="stmt"/>
          <line num="282" count="3" type="cond" truecount="1" falsecount="1"/>
          <line num="283" count="3" type="stmt"/>
          <line num="284" count="3" type="cond" truecount="1" falsecount="1"/>
          <line num="285" count="3" type="cond" truecount="1" falsecount="1"/>
          <line num="289" count="3" type="stmt"/>
          <line num="290" count="3" type="stmt"/>
          <line num="291" count="3" type="stmt"/>
          <line num="292" count="3" type="stmt"/>
          <line num="294" count="3" type="stmt"/>
          <line num="295" count="3" type="stmt"/>
          <line num="296" count="3" type="cond" truecount="1" falsecount="1"/>
          <line num="297" count="3" type="stmt"/>
          <line num="298" count="3" type="cond" truecount="1" falsecount="1"/>
          <line num="299" count="9" type="stmt"/>
          <line num="302" count="3" type="cond" truecount="2" falsecount="7"/>
          <line num="310" count="0" type="stmt"/>
          <line num="314" count="3" type="cond" truecount="4" falsecount="0"/>
          <line num="315" count="1" type="stmt"/>
          <line num="316" count="1" type="stmt"/>
          <line num="320" count="3" type="stmt"/>
          <line num="323" count="3" type="stmt"/>
          <line num="324" count="3" type="cond" truecount="1" falsecount="1"/>
          <line num="326" count="3" type="stmt"/>
          <line num="327" count="3" type="cond" truecount="1" falsecount="1"/>
          <line num="329" count="3" type="stmt"/>
          <line num="330" count="3" type="stmt"/>
          <line num="333" count="3" type="cond" truecount="3" falsecount="1"/>
          <line num="335" count="3" type="stmt"/>
          <line num="337" count="3" type="cond" truecount="2" falsecount="0"/>
          <line num="338" count="1" type="stmt"/>
          <line num="342" count="1" type="stmt"/>
          <line num="343" count="1" type="stmt"/>
          <line num="345" count="1" type="cond" truecount="2" falsecount="2"/>
          <line num="347" count="1" type="stmt"/>
          <line num="348" count="1" type="stmt"/>
          <line num="350" count="1" type="cond" truecount="1" falsecount="1"/>
          <line num="352" count="1" type="stmt"/>
          <line num="353" count="1" type="stmt"/>
          <line num="355" count="1" type="cond" truecount="2" falsecount="0"/>
          <line num="356" count="0" type="stmt"/>
          <line num="357" count="0" type="stmt"/>
          <line num="358" count="0" type="cond" truecount="0" falsecount="2"/>
          <line num="361" count="1" type="cond" truecount="3" falsecount="1"/>
          <line num="362" count="1" type="stmt"/>
          <line num="363" count="2" type="stmt"/>
          <line num="364" count="1" type="stmt"/>
          <line num="369" count="0" type="stmt"/>
          <line num="370" count="0" type="stmt"/>
          <line num="373" count="0" type="cond" truecount="0" falsecount="2"/>
          <line num="375" count="0" type="stmt"/>
          <line num="376" count="0" type="stmt"/>
          <line num="377" count="0" type="cond" truecount="0" falsecount="2"/>
          <line num="378" count="0" type="stmt"/>
          <line num="379" count="0" type="stmt"/>
          <line num="380" count="0" type="cond" truecount="0" falsecount="2"/>
          <line num="382" count="0" type="cond" truecount="0" falsecount="4"/>
          <line num="383" count="0" type="stmt"/>
          <line num="384" count="0" type="stmt"/>
          <line num="386" count="0" type="stmt"/>
          <line num="387" count="0" type="stmt"/>
          <line num="388" count="0" type="stmt"/>
          <line num="393" count="2" type="stmt"/>
          <line num="394" count="2" type="stmt"/>
          <line num="398" count="3" type="stmt"/>
          <line num="399" count="3" type="stmt"/>
          <line num="400" count="3" type="stmt"/>
          <line num="401" count="3" type="stmt"/>
          <line num="402" count="3" type="stmt"/>
          <line num="403" count="3" type="stmt"/>
          <line num="407" count="3" type="stmt"/>
          <line num="413" count="1" type="stmt"/>
          <line num="414" count="0" type="stmt"/>
          <line num="415" count="0" type="stmt"/>
          <line num="417" count="0" type="stmt"/>
          <line num="418" count="0" type="stmt"/>
          <line num="419" count="0" type="stmt"/>
          <line num="422" count="1" type="stmt"/>
          <line num="423" count="0" type="stmt"/>
          <line num="424" count="0" type="cond" truecount="0" falsecount="2"/>
          <line num="426" count="0" type="stmt"/>
          <line num="427" count="0" type="stmt"/>
          <line num="429" count="0" type="cond" truecount="0" falsecount="2"/>
          <line num="431" count="0" type="cond" truecount="0" falsecount="4"/>
          <line num="434" count="1" type="stmt"/>
          <line num="435" count="0" type="stmt"/>
          <line num="438" count="1" type="stmt"/>
          <line num="439" count="0" type="stmt"/>
          <line num="440" count="0" type="cond" truecount="0" falsecount="2"/>
          <line num="442" count="0" type="stmt"/>
          <line num="443" count="0" type="stmt"/>
          <line num="445" count="0" type="cond" truecount="0" falsecount="2"/>
          <line num="447" count="0" type="cond" truecount="0" falsecount="4"/>
          <line num="450" count="1" type="stmt"/>
          <line num="451" count="0" type="stmt"/>
          <line num="455" count="1" type="stmt"/>
          <line num="456" count="0" type="stmt"/>
          <line num="457" count="0" type="cond" truecount="0" falsecount="4"/>
          <line num="460" count="1" type="stmt"/>
          <line num="461" count="0" type="stmt"/>
          <line num="465" count="1" type="stmt"/>
          <line num="466" count="0" type="stmt"/>
          <line num="467" count="0" type="cond" truecount="0" falsecount="4"/>
          <line num="469" count="0" type="cond" truecount="0" falsecount="2"/>
          <line num="470" count="0" type="stmt"/>
          <line num="471" count="0" type="stmt"/>
          <line num="472" count="0" type="cond" truecount="0" falsecount="4"/>
          <line num="473" count="0" type="cond" truecount="0" falsecount="4"/>
          <line num="474" count="0" type="stmt"/>
          <line num="480" count="1" type="stmt"/>
          <line num="482" count="0" type="stmt"/>
          <line num="483" count="0" type="cond" truecount="0" falsecount="2"/>
          <line num="484" count="0" type="stmt"/>
          <line num="485" count="0" type="cond" truecount="0" falsecount="2"/>
          <line num="486" count="0" type="stmt"/>
          <line num="487" count="0" type="cond" truecount="0" falsecount="5"/>
          <line num="488" count="0" type="stmt"/>
          <line num="490" count="0" type="cond" truecount="0" falsecount="2"/>
          <line num="491" count="0" type="stmt"/>
          <line num="497" count="1" type="stmt"/>
          <line num="498" count="0" type="stmt"/>
          <line num="499" count="0" type="stmt"/>
          <line num="500" count="0" type="cond" truecount="0" falsecount="2"/>
          <line num="501" count="0" type="stmt"/>
          <line num="504" count="1" type="stmt"/>
          <line num="505" count="0" type="stmt"/>
          <line num="506" count="0" type="stmt"/>
          <line num="507" count="0" type="stmt"/>
          <line num="508" count="0" type="cond" truecount="0" falsecount="4"/>
          <line num="509" count="0" type="stmt"/>
          <line num="510" count="0" type="stmt"/>
          <line num="511" count="0" type="stmt"/>
          <line num="513" count="0" type="stmt"/>
          <line num="514" count="0" type="cond" truecount="0" falsecount="2"/>
          <line num="515" count="0" type="stmt"/>
          <line num="516" count="0" type="stmt"/>
          <line num="519" count="0" type="stmt"/>
          <line num="522" count="1" type="stmt"/>
          <line num="523" count="0" type="stmt"/>
          <line num="524" count="0" type="stmt"/>
          <line num="525" count="0" type="cond" truecount="0" falsecount="2"/>
          <line num="526" count="0" type="stmt"/>
          <line num="530" count="1" type="stmt"/>
          <line num="531" count="0" type="stmt"/>
          <line num="532" count="0" type="stmt"/>
          <line num="533" count="0" type="stmt"/>
          <line num="534" count="0" type="cond" truecount="0" falsecount="2"/>
          <line num="535" count="0" type="stmt"/>
          <line num="536" count="0" type="stmt"/>
          <line num="537" count="0" type="stmt"/>
          <line num="539" count="0" type="stmt"/>
          <line num="540" count="0" type="stmt"/>
          <line num="541" count="0" type="cond" truecount="0" falsecount="2"/>
          <line num="542" count="0" type="cond" truecount="0" falsecount="2"/>
          <line num="543" count="0" type="stmt"/>
          <line num="544" count="0" type="stmt"/>
          <line num="547" count="0" type="stmt"/>
          <line num="550" count="1" type="stmt"/>
          <line num="551" count="0" type="stmt"/>
          <line num="552" count="0" type="stmt"/>
          <line num="554" count="0" type="stmt"/>
          <line num="555" count="0" type="cond" truecount="0" falsecount="2"/>
          <line num="556" count="0" type="stmt"/>
          <line num="557" count="0" type="stmt"/>
          <line num="558" count="0" type="stmt"/>
          <line num="559" count="0" type="cond" truecount="0" falsecount="2"/>
          <line num="562" count="0" type="stmt"/>
          <line num="565" count="0" type="stmt"/>
          <line num="566" count="0" type="stmt"/>
          <line num="567" count="0" type="stmt"/>
          <line num="568" count="0" type="stmt"/>
          <line num="569" count="0" type="cond" truecount="0" falsecount="2"/>
          <line num="571" count="0" type="stmt"/>
          <line num="574" count="1" type="stmt"/>
          <line num="575" count="0" type="stmt"/>
          <line num="576" count="0" type="cond" truecount="0" falsecount="2"/>
          <line num="577" count="0" type="stmt"/>
          <line num="580" count="1" type="stmt"/>
          <line num="581" count="0" type="stmt"/>
          <line num="582" count="0" type="stmt"/>
          <line num="583" count="0" type="cond" truecount="0" falsecount="2"/>
          <line num="584" count="0" type="stmt"/>
          <line num="585" count="0" type="stmt"/>
          <line num="586" count="0" type="stmt"/>
          <line num="588" count="0" type="cond" truecount="0" falsecount="2"/>
          <line num="589" count="0" type="stmt"/>
          <line num="590" count="0" type="cond" truecount="0" falsecount="2"/>
          <line num="592" count="0" type="stmt"/>
          <line num="595" count="1" type="stmt"/>
          <line num="596" count="0" type="stmt"/>
          <line num="597" count="0" type="stmt"/>
          <line num="598" count="0" type="stmt"/>
          <line num="599" count="0" type="stmt"/>
          <line num="600" count="0" type="stmt"/>
          <line num="601" count="0" type="stmt"/>
          <line num="602" count="0" type="stmt"/>
          <line num="607" count="1" type="stmt"/>
        </file>
      </package>
      <package name="src.models">
        <metrics statements="281" coveredstatements="211" conditionals="48" coveredconditionals="21" methods="108" coveredmethods="65"/>
        <file name="AgendaModel.ts" path="/Users/i511786/Documents/ba_code/react-event-agenda_repos/react-event-agenda/src/models/AgendaModel.ts">
          <metrics statements="17" coveredstatements="15" conditionals="0" coveredconditionals="0" methods="10" coveredmethods="8"/>
          <line num="17" count="1" type="stmt"/>
          <line num="18" count="1" type="stmt"/>
          <line num="19" count="1" type="stmt"/>
          <line num="23" count="9" type="stmt"/>
          <line num="24" count="18" type="stmt"/>
          <line num="32" count="1" type="stmt"/>
          <line num="33" count="9" type="stmt"/>
          <line num="41" count="0" type="stmt"/>
          <line num="48" count="1" type="stmt"/>
          <line num="49" count="31" type="stmt"/>
          <line num="57" count="0" type="stmt"/>
          <line num="61" count="1" type="stmt"/>
          <line num="62" count="14" type="stmt"/>
          <line num="64" count="33" type="stmt"/>
          <line num="68" count="1" type="stmt"/>
          <line num="69" count="9" type="stmt"/>
          <line num="72" count="1" type="stmt"/>
        </file>
        <file name="AgendaStore.ts" path="/Users/i511786/Documents/ba_code/react-event-agenda_repos/react-event-agenda/src/models/AgendaStore.ts">
          <metrics statements="131" coveredstatements="83" conditionals="38" coveredconditionals="13" methods="39" coveredmethods="17"/>
          <line num="9" count="1" type="stmt"/>
          <line num="10" count="1" type="stmt"/>
          <line num="12" count="9" type="stmt"/>
          <line num="13" count="9" type="stmt"/>
          <line num="14" count="9" type="stmt"/>
          <line num="16" count="8" type="stmt"/>
          <line num="17" count="8" type="stmt"/>
          <line num="20" count="8" type="stmt"/>
          <line num="21" count="8" type="stmt"/>
          <line num="24" count="2" type="stmt"/>
          <line num="25" count="1" type="stmt"/>
          <line num="26" count="1" type="stmt"/>
          <line num="28" count="1" type="cond" truecount="3" falsecount="1"/>
          <line num="29" count="1" type="stmt"/>
          <line num="30" count="1" type="stmt"/>
          <line num="31" count="1" type="stmt"/>
          <line num="32" count="1" type="stmt"/>
          <line num="33" count="1" type="stmt"/>
          <line num="37" count="2" type="stmt"/>
          <line num="38" count="1" type="stmt"/>
          <line num="41" count="2" type="stmt"/>
          <line num="42" count="0" type="stmt"/>
          <line num="43" count="0" type="cond" truecount="0" falsecount="2"/>
          <line num="44" count="0" type="stmt"/>
          <line num="48" count="1" type="stmt"/>
          <line num="49" count="4" type="stmt"/>
          <line num="50" count="4" type="cond" truecount="1" falsecount="1"/>
          <line num="51" count="0" type="stmt"/>
          <line num="52" count="0" type="cond" truecount="0" falsecount="2"/>
          <line num="53" count="0" type="stmt"/>
          <line num="56" count="4" type="stmt"/>
          <line num="60" count="1" type="stmt"/>
          <line num="61" count="0" type="stmt"/>
          <line num="64" count="2" type="stmt"/>
          <line num="65" count="0" type="stmt"/>
          <line num="66" count="0" type="cond" truecount="0" falsecount="2"/>
          <line num="67" count="0" type="stmt"/>
          <line num="68" count="0" type="stmt"/>
          <line num="72" count="2" type="stmt"/>
          <line num="73" count="0" type="stmt"/>
          <line num="76" count="1" type="stmt"/>
          <line num="77" count="0" type="stmt"/>
          <line num="80" count="1" type="stmt"/>
          <line num="81" count="4" type="stmt"/>
          <line num="82" count="4" type="stmt"/>
          <line num="83" count="6" type="stmt"/>
          <line num="84" count="6" type="stmt"/>
          <line num="85" count="6" type="cond" truecount="2" falsecount="0"/>
          <line num="86" count="4" type="stmt"/>
          <line num="89" count="0" type="stmt"/>
          <line num="92" count="1" type="stmt"/>
          <line num="93" count="4" type="stmt"/>
          <line num="94" count="4" type="stmt"/>
          <line num="95" count="6" type="stmt"/>
          <line num="96" count="6" type="stmt"/>
          <line num="97" count="6" type="cond" truecount="2" falsecount="0"/>
          <line num="98" count="4" type="stmt"/>
          <line num="101" count="0" type="stmt"/>
          <line num="104" count="1" type="stmt"/>
          <line num="105" count="7" type="stmt"/>
          <line num="106" count="7" type="stmt"/>
          <line num="107" count="21" type="stmt"/>
          <line num="108" count="7" type="cond" truecount="2" falsecount="0"/>
          <line num="109" count="6" type="stmt"/>
          <line num="113" count="0" type="stmt"/>
          <line num="116" count="1" type="stmt"/>
          <line num="117" count="0" type="stmt"/>
          <line num="118" count="0" type="stmt"/>
          <line num="119" count="0" type="stmt"/>
          <line num="120" count="0" type="cond" truecount="0" falsecount="2"/>
          <line num="121" count="0" type="stmt"/>
          <line num="125" count="0" type="stmt"/>
          <line num="128" count="1" type="stmt"/>
          <line num="129" count="0" type="stmt"/>
          <line num="130" count="0" type="stmt"/>
          <line num="131" count="0" type="stmt"/>
          <line num="132" count="0" type="cond" truecount="0" falsecount="2"/>
          <line num="133" count="0" type="stmt"/>
          <line num="137" count="0" type="stmt"/>
          <line num="140" count="1" type="stmt"/>
          <line num="141" count="3" type="stmt"/>
          <line num="142" count="9" type="stmt"/>
          <line num="143" count="9" type="stmt"/>
          <line num="144" count="9" type="stmt"/>
          <line num="145" count="9" type="cond" truecount="1" falsecount="1"/>
          <line num="146" count="0" type="stmt"/>
          <line num="148" count="9" type="cond" truecount="1" falsecount="1"/>
          <line num="149" count="30" type="stmt"/>
          <line num="151" count="9" type="stmt"/>
          <line num="154" count="3" type="stmt"/>
          <line num="164" count="1" type="stmt"/>
          <line num="165" count="0" type="stmt"/>
          <line num="166" count="0" type="stmt"/>
          <line num="167" count="0" type="stmt"/>
          <line num="168" count="0" type="cond" truecount="0" falsecount="2"/>
          <line num="169" count="0" type="stmt"/>
          <line num="173" count="0" type="stmt"/>
          <line num="176" count="2" type="stmt"/>
          <line num="177" count="1" type="stmt"/>
          <line num="178" count="1" type="stmt"/>
          <line num="179" count="3" type="stmt"/>
          <line num="180" count="1" type="cond" truecount="1" falsecount="1"/>
          <line num="181" count="1" type="stmt"/>
          <line num="182" count="1" type="stmt"/>
          <line num="188" count="1" type="stmt"/>
          <line num="189" count="0" type="stmt"/>
          <line num="192" count="1" type="stmt"/>
          <line num="193" count="0" type="stmt"/>
          <line num="196" count="1" type="stmt"/>
          <line num="197" count="0" type="stmt"/>
          <line num="201" count="1" type="stmt"/>
          <line num="202" count="1" type="stmt"/>
          <line num="205" count="1" type="stmt"/>
          <line num="206" count="8" type="stmt"/>
          <line num="207" count="8" type="stmt"/>
          <line num="208" count="8" type="stmt"/>
          <line num="211" count="2" type="stmt"/>
          <line num="212" count="0" type="cond" truecount="0" falsecount="2"/>
          <line num="213" count="0" type="stmt"/>
          <line num="214" count="0" type="stmt"/>
          <line num="218" count="1" type="stmt"/>
          <line num="219" count="0" type="cond" truecount="0" falsecount="2"/>
          <line num="220" count="0" type="stmt"/>
          <line num="223" count="2" type="stmt"/>
          <line num="224" count="0" type="cond" truecount="0" falsecount="2"/>
          <line num="225" count="0" type="stmt"/>
          <line num="226" count="0" type="stmt"/>
          <line num="230" count="1" type="stmt"/>
          <line num="231" count="0" type="cond" truecount="0" falsecount="2"/>
          <line num="232" count="0" type="stmt"/>
          <line num="236" count="1" type="stmt"/>
        </file>
        <file name="DayModel.ts" path="/Users/i511786/Documents/ba_code/react-event-agenda_repos/react-event-agenda/src/models/DayModel.ts">
          <metrics statements="32" coveredstatements="27" conditionals="2" coveredconditionals="1" methods="16" coveredmethods="11"/>
          <line num="22" count="1" type="stmt"/>
          <line num="23" count="1" type="stmt"/>
          <line num="24" count="1" type="stmt"/>
          <line num="25" count="1" type="stmt"/>
          <line num="26" count="1" type="stmt"/>
          <line num="27" count="1" type="stmt"/>
          <line num="32" count="18" type="stmt"/>
          <line num="33" count="18" type="stmt"/>
          <line num="34" count="18" type="stmt"/>
          <line num="35" count="18" type="stmt"/>
          <line num="36" count="18" type="cond" truecount="1" falsecount="1"/>
          <line num="43" count="1" type="stmt"/>
          <line num="44" count="31" type="stmt"/>
          <line num="52" count="0" type="stmt"/>
          <line num="59" count="1" type="stmt"/>
          <line num="60" count="18" type="stmt"/>
          <line num="68" count="0" type="stmt"/>
          <line num="75" count="1" type="stmt"/>
          <line num="76" count="18" type="stmt"/>
          <line num="84" count="0" type="stmt"/>
          <line num="91" count="1" type="stmt"/>
          <line num="92" count="47" type="stmt"/>
          <line num="100" count="0" type="stmt"/>
          <line num="107" count="1" type="stmt"/>
          <line num="108" count="36" type="stmt"/>
          <line num="116" count="0" type="stmt"/>
          <line num="119" count="1" type="stmt"/>
          <line num="120" count="36" type="stmt"/>
          <line num="124" count="36" type="stmt"/>
          <line num="129" count="1" type="stmt"/>
          <line num="130" count="18" type="stmt"/>
          <line num="133" count="1" type="stmt"/>
        </file>
        <file name="ItemModel.ts" path="/Users/i511786/Documents/ba_code/react-event-agenda_repos/react-event-agenda/src/models/ItemModel.ts">
          <metrics statements="43" coveredstatements="38" conditionals="2" coveredconditionals="2" methods="19" coveredmethods="14"/>
          <line num="7" count="1" type="cond" truecount="2" falsecount="0"/>
          <line num="8" count="1" type="stmt"/>
          <line num="9" count="1" type="stmt"/>
          <line num="33" count="1" type="stmt"/>
          <line num="34" count="1" type="stmt"/>
          <line num="35" count="1" type="stmt"/>
          <line num="36" count="1" type="stmt"/>
          <line num="37" count="1" type="stmt"/>
          <line num="38" count="1" type="stmt"/>
          <line num="39" count="1" type="stmt"/>
          <line num="40" count="63" type="stmt"/>
          <line num="46" count="1" type="stmt"/>
          <line num="47" count="60" type="stmt"/>
          <line num="55" count="0" type="stmt"/>
          <line num="60" count="63" type="stmt"/>
          <line num="61" count="63" type="stmt"/>
          <line num="62" count="63" type="stmt"/>
          <line num="63" count="63" type="stmt"/>
          <line num="64" count="63" type="stmt"/>
          <line num="65" count="63" type="stmt"/>
          <line num="72" count="1" type="stmt"/>
          <line num="73" count="141" type="stmt"/>
          <line num="81" count="0" type="stmt"/>
          <line num="88" count="1" type="stmt"/>
          <line num="89" count="60" type="stmt"/>
          <line num="97" count="0" type="stmt"/>
          <line num="104" count="1" type="stmt"/>
          <line num="105" count="60" type="stmt"/>
          <line num="113" count="0" type="stmt"/>
          <line num="120" count="1" type="stmt"/>
          <line num="121" count="60" type="stmt"/>
          <line num="129" count="0" type="stmt"/>
          <line num="136" count="1" type="stmt"/>
          <line num="137" count="154" type="stmt"/>
          <line num="145" count="7" type="stmt"/>
          <line num="152" count="1" type="stmt"/>
          <line num="153" count="111" type="stmt"/>
          <line num="161" count="7" type="stmt"/>
          <line num="164" count="1" type="stmt"/>
          <line num="165" count="120" type="stmt"/>
          <line num="176" count="1" type="stmt"/>
          <line num="177" count="60" type="stmt"/>
          <line num="179" count="1" type="stmt"/>
        </file>
        <file name="TrackModel.ts" path="/Users/i511786/Documents/ba_code/react-event-agenda_repos/react-event-agenda/src/models/TrackModel.ts">
          <metrics statements="29" coveredstatements="25" conditionals="4" coveredconditionals="3" methods="14" coveredmethods="11"/>
          <line num="17" count="1" type="stmt"/>
          <line num="18" count="1" type="stmt"/>
          <line num="19" count="1" type="stmt"/>
          <line num="20" count="1" type="stmt"/>
          <line num="24" count="18" type="stmt"/>
          <line num="25" count="60" type="stmt"/>
          <line num="26" count="18" type="stmt"/>
          <line num="32" count="1" type="stmt"/>
          <line num="33" count="3" type="stmt"/>
          <line num="34" count="8" type="cond" truecount="2" falsecount="0"/>
          <line num="35" count="7" type="stmt"/>
          <line num="37" count="1" type="cond" truecount="1" falsecount="1"/>
          <line num="38" count="1" type="stmt"/>
          <line num="40" count="0" type="stmt"/>
          <line num="49" count="1" type="stmt"/>
          <line num="50" count="18" type="stmt"/>
          <line num="58" count="0" type="stmt"/>
          <line num="65" count="1" type="stmt"/>
          <line num="66" count="47" type="stmt"/>
          <line num="74" count="0" type="stmt"/>
          <line num="81" count="1" type="stmt"/>
          <line num="82" count="33" type="stmt"/>
          <line num="90" count="0" type="stmt"/>
          <line num="93" count="1" type="stmt"/>
          <line num="94" count="36" type="stmt"/>
          <line num="97" count="120" type="stmt"/>
          <line num="101" count="1" type="stmt"/>
          <line num="102" count="18" type="stmt"/>
          <line num="106" count="1" type="stmt"/>
        </file>
        <file name="UIStore.ts" path="/Users/i511786/Documents/ba_code/react-event-agenda_repos/react-event-agenda/src/models/UIStore.ts">
          <metrics statements="29" coveredstatements="23" conditionals="2" coveredconditionals="2" methods="10" coveredmethods="4"/>
          <line num="4" count="1" type="cond" truecount="2" falsecount="0"/>
          <line num="5" count="1" type="stmt"/>
          <line num="6" count="1" type="stmt"/>
          <line num="7" count="1" type="stmt"/>
          <line num="8" count="1" type="stmt"/>
          <line num="9" count="1" type="stmt"/>
          <line num="10" count="1" type="stmt"/>
          <line num="13" count="1" type="stmt"/>
          <line num="14" count="9" type="stmt"/>
          <line num="15" count="9" type="stmt"/>
          <line num="16" count="9" type="stmt"/>
          <line num="17" count="9" type="stmt"/>
          <line num="20" count="1" type="stmt"/>
          <line num="21" count="1" type="stmt"/>
          <line num="24" count="2" type="stmt"/>
          <line num="25" count="1" type="stmt"/>
          <line num="28" count="1" type="stmt"/>
          <line num="29" count="0" type="stmt"/>
          <line num="32" count="2" type="stmt"/>
          <line num="33" count="0" type="stmt"/>
          <line num="36" count="1" type="stmt"/>
          <line num="37" count="0" type="stmt"/>
          <line num="40" count="2" type="stmt"/>
          <line num="41" count="0" type="stmt"/>
          <line num="44" count="1" type="stmt"/>
          <line num="45" count="0" type="stmt"/>
          <line num="48" count="2" type="stmt"/>
          <line num="49" count="0" type="stmt"/>
          <line num="54" count="1" type="stmt"/>
        </file>
      </package>
    </metrics>
  </project>
</coverage>
