{"/Users/i511786/Documents/ba_code/react-event-agenda_repos/react-event-agenda/src/AgendaViewModel.ts": {"path":"/Users/i511786/Documents/ba_code/react-event-agenda_repos/react-event-agenda/src/AgendaViewModel.ts","statementMap":{"0":{"start":{"line":15,"column":0},"end":{"line":607,"column":0}},"1":{"start":{"line":20,"column":4},"end":{"line":24,"column":4}},"2":{"start":{"line":21,"column":8},"end":{"line":21,"column":49}},"3":{"start":{"line":22,"column":8},"end":{"line":22,"column":37}},"4":{"start":{"line":23,"column":8},"end":{"line":23,"column":117}},"5":{"start":{"line":23,"column":66},"end":{"line":23,"column":98}},"6":{"start":{"line":26,"column":4},"end":{"line":36,"column":5}},"7":{"start":{"line":27,"column":8},"end":{"line":33,"column":11}},"8":{"start":{"line":28,"column":12},"end":{"line":32,"column":14}},"9":{"start":{"line":29,"column":16},"end":{"line":31,"column":18}},"10":{"start":{"line":30,"column":20},"end":{"line":30,"column":45}},"11":{"start":{"line":34,"column":8},"end":{"line":34,"column":58}},"12":{"start":{"line":35,"column":8},"end":{"line":35,"column":56}},"13":{"start":{"line":38,"column":4},"end":{"line":49,"column":5}},"14":{"start":{"line":39,"column":21},"end":{"line":39,"column":53}},"15":{"start":{"line":40,"column":8},"end":{"line":47,"column":11}},"16":{"start":{"line":42,"column":12},"end":{"line":46,"column":14}},"17":{"start":{"line":43,"column":16},"end":{"line":45,"column":18}},"18":{"start":{"line":44,"column":20},"end":{"line":44,"column":45}},"19":{"start":{"line":48,"column":8},"end":{"line":48,"column":20}},"20":{"start":{"line":53,"column":4},"end":{"line":55,"column":5}},"21":{"start":{"line":54,"column":8},"end":{"line":54,"column":41}},"22":{"start":{"line":57,"column":4},"end":{"line":59,"column":5}},"23":{"start":{"line":58,"column":8},"end":{"line":58,"column":42}},"24":{"start":{"line":61,"column":4},"end":{"line":63,"column":5}},"25":{"start":{"line":62,"column":8},"end":{"line":62,"column":32}},"26":{"start":{"line":65,"column":4},"end":{"line":67,"column":5}},"27":{"start":{"line":66,"column":8},"end":{"line":66,"column":54}},"28":{"start":{"line":69,"column":4},"end":{"line":71,"column":5}},"29":{"start":{"line":70,"column":8},"end":{"line":70,"column":51}},"30":{"start":{"line":73,"column":4},"end":{"line":75,"column":5}},"31":{"start":{"line":74,"column":8},"end":{"line":74,"column":51}},"32":{"start":{"line":79,"column":4},"end":{"line":81,"column":5}},"33":{"start":{"line":80,"column":8},"end":{"line":80,"column":48}},"34":{"start":{"line":83,"column":4},"end":{"line":85,"column":5}},"35":{"start":{"line":84,"column":8},"end":{"line":84,"column":39}},"36":{"start":{"line":88,"column":4},"end":{"line":90,"column":5}},"37":{"start":{"line":89,"column":8},"end":{"line":89,"column":46}},"38":{"start":{"line":93,"column":4},"end":{"line":95,"column":5}},"39":{"start":{"line":94,"column":8},"end":{"line":94,"column":56}},"40":{"start":{"line":97,"column":4},"end":{"line":99,"column":5}},"41":{"start":{"line":98,"column":8},"end":{"line":98,"column":50}},"42":{"start":{"line":101,"column":4},"end":{"line":106,"column":5}},"43":{"start":{"line":102,"column":20},"end":{"line":102,"column":47}},"44":{"start":{"line":103,"column":8},"end":{"line":105,"column":9}},"45":{"start":{"line":104,"column":12},"end":{"line":104,"column":33}},"46":{"start":{"line":108,"column":4},"end":{"line":110,"column":5}},"47":{"start":{"line":109,"column":8},"end":{"line":109,"column":44}},"48":{"start":{"line":112,"column":4},"end":{"line":114,"column":5}},"49":{"start":{"line":113,"column":8},"end":{"line":113,"column":58}},"50":{"start":{"line":117,"column":4},"end":{"line":133,"column":5}},"51":{"start":{"line":118,"column":21},"end":{"line":118,"column":35}},"52":{"start":{"line":119,"column":21},"end":{"line":119,"column":70}},"53":{"start":{"line":120,"column":8},"end":{"line":131,"column":9}},"54":{"start":{"line":121,"column":31},"end":{"line":129,"column":14}},"55":{"start":{"line":122,"column":36},"end":{"line":122,"column":57}},"56":{"start":{"line":123,"column":16},"end":{"line":127,"column":19}},"57":{"start":{"line":128,"column":16},"end":{"line":128,"column":35}},"58":{"start":{"line":130,"column":12},"end":{"line":130,"column":42}},"59":{"start":{"line":132,"column":8},"end":{"line":132,"column":15}},"60":{"start":{"line":135,"column":4},"end":{"line":151,"column":5}},"61":{"start":{"line":136,"column":21},"end":{"line":136,"column":35}},"62":{"start":{"line":137,"column":21},"end":{"line":137,"column":70}},"63":{"start":{"line":138,"column":8},"end":{"line":149,"column":9}},"64":{"start":{"line":139,"column":29},"end":{"line":147,"column":14}},"65":{"start":{"line":140,"column":36},"end":{"line":140,"column":55}},"66":{"start":{"line":141,"column":16},"end":{"line":145,"column":19}},"67":{"start":{"line":146,"column":16},"end":{"line":146,"column":35}},"68":{"start":{"line":148,"column":12},"end":{"line":148,"column":40}},"69":{"start":{"line":150,"column":8},"end":{"line":150,"column":15}},"70":{"start":{"line":153,"column":4},"end":{"line":155,"column":5}},"71":{"start":{"line":154,"column":8},"end":{"line":154,"column":49}},"72":{"start":{"line":157,"column":4},"end":{"line":159,"column":5}},"73":{"start":{"line":158,"column":8},"end":{"line":158,"column":48}},"74":{"start":{"line":161,"column":4},"end":{"line":163,"column":5}},"75":{"start":{"line":162,"column":8},"end":{"line":162,"column":43}},"76":{"start":{"line":165,"column":4},"end":{"line":167,"column":5}},"77":{"start":{"line":166,"column":8},"end":{"line":166,"column":42}},"78":{"start":{"line":169,"column":4},"end":{"line":171,"column":5}},"79":{"start":{"line":170,"column":8},"end":{"line":170,"column":53}},"80":{"start":{"line":173,"column":4},"end":{"line":177,"column":5}},"81":{"start":{"line":174,"column":8},"end":{"line":176,"column":11}},"82":{"start":{"line":175,"column":18},"end":{"line":175,"column":31}},"83":{"start":{"line":179,"column":4},"end":{"line":181,"column":5}},"84":{"start":{"line":180,"column":8},"end":{"line":180,"column":42}},"85":{"start":{"line":184,"column":4},"end":{"line":200,"column":5}},"86":{"start":{"line":185,"column":30},"end":{"line":185,"column":61}},"87":{"start":{"line":186,"column":31},"end":{"line":186,"column":70}},"88":{"start":{"line":188,"column":27},"end":{"line":188,"column":32}},"89":{"start":{"line":190,"column":8},"end":{"line":198,"column":10}},"90":{"start":{"line":191,"column":12},"end":{"line":193,"column":13}},"91":{"start":{"line":192,"column":16},"end":{"line":192,"column":52}},"92":{"start":{"line":194,"column":12},"end":{"line":197,"column":13}},"93":{"start":{"line":195,"column":16},"end":{"line":195,"column":45}},"94":{"start":{"line":196,"column":16},"end":{"line":196,"column":52}},"95":{"start":{"line":199,"column":8},"end":{"line":199,"column":56}},"96":{"start":{"line":203,"column":4},"end":{"line":206,"column":5}},"97":{"start":{"line":204,"column":8},"end":{"line":204,"column":40}},"98":{"start":{"line":205,"column":8},"end":{"line":205,"column":57}},"99":{"start":{"line":205,"column":36},"end":{"line":205,"column":57}},"100":{"start":{"line":208,"column":4},"end":{"line":214,"column":5}},"101":{"start":{"line":209,"column":8},"end":{"line":209,"column":58}},"102":{"start":{"line":210,"column":8},"end":{"line":210,"column":56}},"103":{"start":{"line":211,"column":8},"end":{"line":213,"column":9}},"104":{"start":{"line":212,"column":12},"end":{"line":212,"column":33}},"105":{"start":{"line":216,"column":4},"end":{"line":236,"column":5}},"106":{"start":{"line":217,"column":21},"end":{"line":217,"column":49}},"107":{"start":{"line":218,"column":8},"end":{"line":235,"column":9}},"108":{"start":{"line":219,"column":26},"end":{"line":219,"column":31}},"109":{"start":{"line":220,"column":12},"end":{"line":223,"column":13}},"110":{"start":{"line":221,"column":16},"end":{"line":221,"column":44}},"111":{"start":{"line":222,"column":16},"end":{"line":222,"column":31}},"112":{"start":{"line":224,"column":12},"end":{"line":227,"column":13}},"113":{"start":{"line":225,"column":16},"end":{"line":225,"column":48}},"114":{"start":{"line":226,"column":16},"end":{"line":226,"column":31}},"115":{"start":{"line":228,"column":12},"end":{"line":231,"column":13}},"116":{"start":{"line":229,"column":16},"end":{"line":229,"column":56}},"117":{"start":{"line":230,"column":16},"end":{"line":230,"column":31}},"118":{"start":{"line":232,"column":12},"end":{"line":234,"column":13}},"119":{"start":{"line":233,"column":16},"end":{"line":233,"column":37}},"120":{"start":{"line":238,"column":4},"end":{"line":248,"column":5}},"121":{"start":{"line":239,"column":21},"end":{"line":239,"column":49}},"122":{"start":{"line":240,"column":8},"end":{"line":247,"column":9}},"123":{"start":{"line":241,"column":29},"end":{"line":241,"column":41}},"124":{"start":{"line":242,"column":12},"end":{"line":242,"column":38}},"125":{"start":{"line":243,"column":12},"end":{"line":245,"column":13}},"126":{"start":{"line":244,"column":16},"end":{"line":244,"column":64}},"127":{"start":{"line":251,"column":4},"end":{"line":258,"column":5}},"128":{"start":{"line":252,"column":8},"end":{"line":257,"column":11}},"129":{"start":{"line":253,"column":29},"end":{"line":253,"column":68}},"130":{"start":{"line":254,"column":27},"end":{"line":254,"column":64}},"131":{"start":{"line":255,"column":12},"end":{"line":255,"column":38}},"132":{"start":{"line":256,"column":12},"end":{"line":256,"column":34}},"133":{"start":{"line":260,"column":4},"end":{"line":262,"column":5}},"134":{"start":{"line":261,"column":8},"end":{"line":261,"column":51}},"135":{"start":{"line":264,"column":12},"end":{"line":273,"column":5}},"136":{"start":{"line":265,"column":8},"end":{"line":271,"column":10}},"137":{"start":{"line":266,"column":12},"end":{"line":270,"column":52}},"138":{"start":{"line":280,"column":12},"end":{"line":286,"column":5}},"139":{"start":{"line":281,"column":22},"end":{"line":281,"column":56}},"140":{"start":{"line":282,"column":8},"end":{"line":282,"column":85}},"141":{"start":{"line":282,"column":32},"end":{"line":282,"column":85}},"142":{"start":{"line":283,"column":20},"end":{"line":283,"column":60}},"143":{"start":{"line":284,"column":8},"end":{"line":284,"column":77}},"144":{"start":{"line":284,"column":30},"end":{"line":284,"column":77}},"145":{"start":{"line":285,"column":8},"end":{"line":285,"column":138}},"146":{"start":{"line":285,"column":51},"end":{"line":285,"column":138}},"147":{"start":{"line":289,"column":4},"end":{"line":409,"column":5}},"148":{"start":{"line":289,"column":4},"end":{"line":409,"column":4}},"149":{"start":{"line":290,"column":8},"end":{"line":290,"column":57}},"150":{"start":{"line":291,"column":28},"end":{"line":291,"column":73}},"151":{"start":{"line":292,"column":28},"end":{"line":292,"column":29}},"152":{"start":{"line":294,"column":8},"end":{"line":321,"column":10}},"153":{"start":{"line":295,"column":24},"end":{"line":295,"column":65}},"154":{"start":{"line":296,"column":12},"end":{"line":296,"column":31}},"155":{"start":{"line":296,"column":24},"end":{"line":296,"column":31}},"156":{"start":{"line":297,"column":24},"end":{"line":297,"column":35}},"157":{"start":{"line":298,"column":12},"end":{"line":298,"column":31}},"158":{"start":{"line":298,"column":24},"end":{"line":298,"column":31}},"159":{"start":{"line":299,"column":30},"end":{"line":299,"column":86}},"160":{"start":{"line":299,"column":63},"end":{"line":299,"column":85}},"161":{"start":{"line":302,"column":12},"end":{"line":311,"column":13}},"162":{"start":{"line":310,"column":16},"end":{"line":310,"column":94}},"163":{"start":{"line":314,"column":12},"end":{"line":317,"column":13}},"164":{"start":{"line":315,"column":16},"end":{"line":315,"column":53}},"165":{"start":{"line":316,"column":16},"end":{"line":316,"column":56}},"166":{"start":{"line":320,"column":12},"end":{"line":320,"column":70}},"167":{"start":{"line":323,"column":23},"end":{"line":323,"column":66}},"168":{"start":{"line":324,"column":8},"end":{"line":324,"column":30}},"169":{"start":{"line":324,"column":23},"end":{"line":324,"column":30}},"170":{"start":{"line":326,"column":20},"end":{"line":326,"column":34}},"171":{"start":{"line":327,"column":8},"end":{"line":327,"column":27}},"172":{"start":{"line":327,"column":20},"end":{"line":327,"column":27}},"173":{"start":{"line":329,"column":30},"end":{"line":329,"column":71}},"174":{"start":{"line":330,"column":32},"end":{"line":330,"column":123}},"175":{"start":{"line":333,"column":8},"end":{"line":405,"column":9}},"176":{"start":{"line":335,"column":41},"end":{"line":335,"column":102}},"177":{"start":{"line":337,"column":12},"end":{"line":395,"column":13}},"178":{"start":{"line":338,"column":40},"end":{"line":338,"column":67}},"179":{"start":{"line":342,"column":40},"end":{"line":342,"column":126}},"180":{"start":{"line":343,"column":46},"end":{"line":343,"column":132}},"181":{"start":{"line":345,"column":16},"end":{"line":391,"column":17}},"182":{"start":{"line":347,"column":20},"end":{"line":347,"column":72}},"183":{"start":{"line":348,"column":20},"end":{"line":348,"column":91}},"184":{"start":{"line":350,"column":20},"end":{"line":366,"column":21}},"185":{"start":{"line":352,"column":39},"end":{"line":352,"column":70}},"186":{"start":{"line":353,"column":41},"end":{"line":353,"column":71}},"187":{"start":{"line":355,"column":24},"end":{"line":359,"column":25}},"188":{"start":{"line":356,"column":28},"end":{"line":356,"column":77}},"189":{"start":{"line":357,"column":28},"end":{"line":357,"column":46}},"190":{"start":{"line":358,"column":28},"end":{"line":358,"column":102}},"191":{"start":{"line":358,"column":83},"end":{"line":358,"column":102}},"192":{"start":{"line":361,"column":24},"end":{"line":365,"column":25}},"193":{"start":{"line":362,"column":47},"end":{"line":362,"column":87}},"194":{"start":{"line":363,"column":53},"end":{"line":363,"column":139}},"195":{"start":{"line":363,"column":109},"end":{"line":363,"column":138}},"196":{"start":{"line":364,"column":28},"end":{"line":364,"column":79}},"197":{"start":{"line":369,"column":20},"end":{"line":369,"column":72}},"198":{"start":{"line":370,"column":20},"end":{"line":370,"column":96}},"199":{"start":{"line":373,"column":20},"end":{"line":390,"column":21}},"200":{"start":{"line":375,"column":43},"end":{"line":375,"column":74}},"201":{"start":{"line":376,"column":41},"end":{"line":376,"column":75}},"202":{"start":{"line":377,"column":24},"end":{"line":381,"column":25}},"203":{"start":{"line":378,"column":28},"end":{"line":378,"column":81}},"204":{"start":{"line":379,"column":28},"end":{"line":379,"column":46}},"205":{"start":{"line":380,"column":28},"end":{"line":380,"column":87}},"206":{"start":{"line":380,"column":68},"end":{"line":380,"column":87}},"207":{"start":{"line":382,"column":24},"end":{"line":389,"column":25}},"208":{"start":{"line":383,"column":47},"end":{"line":383,"column":91}},"209":{"start":{"line":384,"column":53},"end":{"line":384,"column":135}},"210":{"start":{"line":384,"column":105},"end":{"line":384,"column":134}},"211":{"start":{"line":386,"column":28},"end":{"line":386,"column":64}},"212":{"start":{"line":387,"column":28},"end":{"line":387,"column":66}},"213":{"start":{"line":388,"column":28},"end":{"line":388,"column":79}},"214":{"start":{"line":393,"column":16},"end":{"line":393,"column":57}},"215":{"start":{"line":394,"column":16},"end":{"line":394,"column":74}},"216":{"start":{"line":398,"column":36},"end":{"line":398,"column":65}},"217":{"start":{"line":399,"column":12},"end":{"line":404,"column":15}},"218":{"start":{"line":400,"column":37},"end":{"line":400,"column":62}},"219":{"start":{"line":401,"column":16},"end":{"line":401,"column":55}},"220":{"start":{"line":402,"column":16},"end":{"line":402,"column":64}},"221":{"start":{"line":403,"column":16},"end":{"line":403,"column":52}},"222":{"start":{"line":407,"column":8},"end":{"line":407,"column":29}},"223":{"start":{"line":413,"column":4},"end":{"line":420,"column":5}},"224":{"start":{"line":414,"column":8},"end":{"line":416,"column":10}},"225":{"start":{"line":415,"column":12},"end":{"line":415,"column":37}},"226":{"start":{"line":417,"column":8},"end":{"line":417,"column":56}},"227":{"start":{"line":418,"column":8},"end":{"line":418,"column":43}},"228":{"start":{"line":419,"column":8},"end":{"line":419,"column":34}},"229":{"start":{"line":422,"column":4},"end":{"line":432,"column":5}},"230":{"start":{"line":423,"column":8},"end":{"line":423,"column":32}},"231":{"start":{"line":424,"column":8},"end":{"line":430,"column":9}},"232":{"start":{"line":426,"column":12},"end":{"line":428,"column":15}},"233":{"start":{"line":427,"column":16},"end":{"line":427,"column":41}},"234":{"start":{"line":429,"column":12},"end":{"line":429,"column":86}},"235":{"start":{"line":429,"column":41},"end":{"line":429,"column":86}},"236":{"start":{"line":431,"column":8},"end":{"line":431,"column":89}},"237":{"start":{"line":431,"column":66},"end":{"line":431,"column":89}},"238":{"start":{"line":434,"column":4},"end":{"line":436,"column":5}},"239":{"start":{"line":435,"column":8},"end":{"line":435,"column":41}},"240":{"start":{"line":438,"column":4},"end":{"line":448,"column":5}},"241":{"start":{"line":439,"column":8},"end":{"line":439,"column":32}},"242":{"start":{"line":440,"column":8},"end":{"line":446,"column":9}},"243":{"start":{"line":442,"column":12},"end":{"line":444,"column":14}},"244":{"start":{"line":443,"column":16},"end":{"line":443,"column":41}},"245":{"start":{"line":445,"column":12},"end":{"line":445,"column":86}},"246":{"start":{"line":445,"column":41},"end":{"line":445,"column":86}},"247":{"start":{"line":447,"column":8},"end":{"line":447,"column":89}},"248":{"start":{"line":447,"column":66},"end":{"line":447,"column":89}},"249":{"start":{"line":450,"column":4},"end":{"line":452,"column":5}},"250":{"start":{"line":451,"column":8},"end":{"line":451,"column":41}},"251":{"start":{"line":455,"column":4},"end":{"line":458,"column":5}},"252":{"start":{"line":456,"column":8},"end":{"line":456,"column":41}},"253":{"start":{"line":457,"column":8},"end":{"line":457,"column":89}},"254":{"start":{"line":457,"column":66},"end":{"line":457,"column":89}},"255":{"start":{"line":460,"column":4},"end":{"line":462,"column":5}},"256":{"start":{"line":461,"column":8},"end":{"line":461,"column":56}},"257":{"start":{"line":465,"column":4},"end":{"line":478,"column":5}},"258":{"start":{"line":466,"column":22},"end":{"line":466,"column":62}},"259":{"start":{"line":467,"column":22},"end":{"line":467,"column":68}},"260":{"start":{"line":469,"column":8},"end":{"line":476,"column":9}},"261":{"start":{"line":470,"column":26},"end":{"line":470,"column":75}},"262":{"start":{"line":470,"column":53},"end":{"line":470,"column":74}},"263":{"start":{"line":471,"column":25},"end":{"line":471,"column":37}},"264":{"start":{"line":472,"column":12},"end":{"line":472,"column":85}},"265":{"start":{"line":472,"column":78},"end":{"line":472,"column":85}},"266":{"start":{"line":473,"column":12},"end":{"line":475,"column":13}},"267":{"start":{"line":474,"column":16},"end":{"line":474,"column":42}},"268":{"start":{"line":480,"column":4},"end":{"line":495,"column":5}},"269":{"start":{"line":482,"column":22},"end":{"line":482,"column":71}},"270":{"start":{"line":483,"column":8},"end":{"line":493,"column":9}},"271":{"start":{"line":484,"column":25},"end":{"line":484,"column":33}},"272":{"start":{"line":485,"column":12},"end":{"line":485,"column":62}},"273":{"start":{"line":485,"column":55},"end":{"line":485,"column":62}},"274":{"start":{"line":486,"column":29},"end":{"line":486,"column":37}},"275":{"start":{"line":487,"column":12},"end":{"line":489,"column":13}},"276":{"start":{"line":488,"column":16},"end":{"line":488,"column":85}},"277":{"start":{"line":490,"column":12},"end":{"line":492,"column":13}},"278":{"start":{"line":491,"column":16},"end":{"line":491,"column":38}},"279":{"start":{"line":497,"column":4},"end":{"line":502,"column":5}},"280":{"start":{"line":498,"column":24},"end":{"line":498,"column":50}},"281":{"start":{"line":499,"column":29},"end":{"line":499,"column":65}},"282":{"start":{"line":500,"column":8},"end":{"line":501,"column":26}},"283":{"start":{"line":500,"column":26},"end":{"line":500,"column":38}},"284":{"start":{"line":501,"column":13},"end":{"line":501,"column":26}},"285":{"start":{"line":504,"column":4},"end":{"line":520,"column":5}},"286":{"start":{"line":505,"column":34},"end":{"line":505,"column":69}},"287":{"start":{"line":506,"column":24},"end":{"line":506,"column":50}},"288":{"start":{"line":507,"column":33},"end":{"line":507,"column":77}},"289":{"start":{"line":507,"column":63},"end":{"line":507,"column":76}},"290":{"start":{"line":508,"column":8},"end":{"line":518,"column":9}},"291":{"start":{"line":509,"column":38},"end":{"line":509,"column":77}},"292":{"start":{"line":509,"column":63},"end":{"line":509,"column":76}},"293":{"start":{"line":510,"column":12},"end":{"line":512,"column":13}},"294":{"start":{"line":511,"column":16},"end":{"line":511,"column":43}},"295":{"start":{"line":513,"column":31},"end":{"line":513,"column":32}},"296":{"start":{"line":514,"column":12},"end":{"line":517,"column":13}},"297":{"start":{"line":515,"column":16},"end":{"line":515,"column":44}},"298":{"start":{"line":516,"column":16},"end":{"line":516,"column":31}},"299":{"start":{"line":519,"column":8},"end":{"line":519,"column":56}},"300":{"start":{"line":522,"column":4},"end":{"line":527,"column":5}},"301":{"start":{"line":523,"column":24},"end":{"line":523,"column":50}},"302":{"start":{"line":524,"column":30},"end":{"line":524,"column":49}},"303":{"start":{"line":525,"column":8},"end":{"line":526,"column":26}},"304":{"start":{"line":525,"column":27},"end":{"line":525,"column":39}},"305":{"start":{"line":526,"column":13},"end":{"line":526,"column":26}},"306":{"start":{"line":530,"column":4},"end":{"line":548,"column":5}},"307":{"start":{"line":531,"column":34},"end":{"line":531,"column":69}},"308":{"start":{"line":532,"column":24},"end":{"line":532,"column":50}},"309":{"start":{"line":533,"column":34},"end":{"line":533,"column":73}},"310":{"start":{"line":533,"column":59},"end":{"line":533,"column":72}},"311":{"start":{"line":534,"column":8},"end":{"line":546,"column":9}},"312":{"start":{"line":535,"column":37},"end":{"line":535,"column":81}},"313":{"start":{"line":535,"column":67},"end":{"line":535,"column":80}},"314":{"start":{"line":536,"column":12},"end":{"line":538,"column":13}},"315":{"start":{"line":537,"column":16},"end":{"line":537,"column":43}},"316":{"start":{"line":539,"column":31},"end":{"line":539,"column":32}},"317":{"start":{"line":540,"column":39},"end":{"line":540,"column":76}},"318":{"start":{"line":541,"column":12},"end":{"line":541,"column":67}},"319":{"start":{"line":541,"column":42},"end":{"line":541,"column":67}},"320":{"start":{"line":542,"column":12},"end":{"line":545,"column":13}},"321":{"start":{"line":543,"column":16},"end":{"line":543,"column":44}},"322":{"start":{"line":544,"column":16},"end":{"line":544,"column":31}},"323":{"start":{"line":547,"column":8},"end":{"line":547,"column":56}},"324":{"start":{"line":550,"column":4},"end":{"line":572,"column":5}},"325":{"start":{"line":551,"column":24},"end":{"line":551,"column":50}},"326":{"start":{"line":552,"column":41},"end":{"line":552,"column":43}},"327":{"start":{"line":554,"column":33},"end":{"line":554,"column":77}},"328":{"start":{"line":554,"column":63},"end":{"line":554,"column":76}},"329":{"start":{"line":555,"column":8},"end":{"line":563,"column":9}},"330":{"start":{"line":556,"column":12},"end":{"line":560,"column":13}},"331":{"start":{"line":557,"column":16},"end":{"line":557,"column":46}},"332":{"start":{"line":558,"column":16},"end":{"line":558,"column":33}},"333":{"start":{"line":559,"column":16},"end":{"line":559,"column":62}},"334":{"start":{"line":559,"column":42},"end":{"line":559,"column":62}},"335":{"start":{"line":562,"column":12},"end":{"line":562,"column":32}},"336":{"start":{"line":565,"column":34},"end":{"line":565,"column":73}},"337":{"start":{"line":565,"column":59},"end":{"line":565,"column":72}},"338":{"start":{"line":566,"column":8},"end":{"line":570,"column":9}},"339":{"start":{"line":567,"column":12},"end":{"line":567,"column":42}},"340":{"start":{"line":568,"column":12},"end":{"line":568,"column":29}},"341":{"start":{"line":569,"column":12},"end":{"line":569,"column":58}},"342":{"start":{"line":569,"column":38},"end":{"line":569,"column":58}},"343":{"start":{"line":571,"column":8},"end":{"line":571,"column":28}},"344":{"start":{"line":574,"column":4},"end":{"line":578,"column":5}},"345":{"start":{"line":575,"column":32},"end":{"line":575,"column":76}},"346":{"start":{"line":576,"column":8},"end":{"line":576,"column":59}},"347":{"start":{"line":576,"column":37},"end":{"line":576,"column":59}},"348":{"start":{"line":577,"column":8},"end":{"line":577,"column":33}},"349":{"start":{"line":580,"column":4},"end":{"line":593,"column":5}},"350":{"start":{"line":580,"column":4},"end":{"line":593,"column":4}},"351":{"start":{"line":581,"column":33},"end":{"line":581,"column":78}},"352":{"start":{"line":582,"column":34},"end":{"line":582,"column":69}},"353":{"start":{"line":583,"column":8},"end":{"line":591,"column":9}},"354":{"start":{"line":584,"column":39},"end":{"line":584,"column":70}},"355":{"start":{"line":585,"column":12},"end":{"line":587,"column":13}},"356":{"start":{"line":586,"column":16},"end":{"line":586,"column":72}},"357":{"start":{"line":588,"column":15},"end":{"line":591,"column":9}},"358":{"start":{"line":589,"column":33},"end":{"line":589,"column":86}},"359":{"start":{"line":590,"column":12},"end":{"line":590,"column":105}},"360":{"start":{"line":590,"column":41},"end":{"line":590,"column":105}},"361":{"start":{"line":590,"column":69},"end":{"line":590,"column":103}},"362":{"start":{"line":592,"column":8},"end":{"line":592,"column":44}},"363":{"start":{"line":595,"column":4},"end":{"line":606,"column":5}},"364":{"start":{"line":596,"column":8},"end":{"line":605,"column":9}},"365":{"start":{"line":596,"column":22},"end":{"line":596,"column":21}},"366":{"start":{"line":597,"column":12},"end":{"line":597,"column":76}},"367":{"start":{"line":598,"column":12},"end":{"line":598,"column":64}},"368":{"start":{"line":599,"column":12},"end":{"line":604,"column":13}},"369":{"start":{"line":599,"column":28},"end":{"line":599,"column":27}},"370":{"start":{"line":600,"column":16},"end":{"line":603,"column":17}},"371":{"start":{"line":600,"column":31},"end":{"line":600,"column":30}},"372":{"start":{"line":601,"column":20},"end":{"line":601,"column":78}},"373":{"start":{"line":602,"column":20},"end":{"line":602,"column":74}},"374":{"start":{"line":607,"column":0},"end":{"line":607,"column":1}}},"fnMap":{"0":{"name":"(anonymous_0)","decl":{"start":{"line":15,"column":0},"end":{"line":null,"column":-1}},"loc":{"start":{"line":15,"column":0},"end":{"line":15,"column":-1}}},"1":{"name":"AgendaViewModel","decl":{"start":{"line":20,"column":4},"end":{"line":20,"column":15}},"loc":{"start":{"line":20,"column":81},"end":{"line":24,"column":5}}},"2":{"name":"(anonymous_2)","decl":{"start":{"line":23,"column":60},"end":{"line":23,"column":65}},"loc":{"start":{"line":23,"column":60},"end":{"line":23,"column":98}}},"3":{"name":"(anonymous_3)","decl":{"start":{"line":26,"column":4},"end":{"line":26,"column":11}},"loc":{"start":{"line":26,"column":29},"end":{"line":36,"column":5}}},"4":{"name":"(anonymous_4)","decl":{"start":{"line":27,"column":26},"end":{"line":27,"column":25}},"loc":{"start":{"line":27,"column":29},"end":{"line":33,"column":9}}},"5":{"name":"(anonymous_5)","decl":{"start":{"line":28,"column":31},"end":{"line":28,"column":30}},"loc":{"start":{"line":28,"column":36},"end":{"line":32,"column":13}}},"6":{"name":"(anonymous_6)","decl":{"start":{"line":29,"column":36},"end":{"line":29,"column":35}},"loc":{"start":{"line":29,"column":40},"end":{"line":31,"column":17}}},"7":{"name":"(anonymous_7)","decl":{"start":{"line":38,"column":4},"end":{"line":null,"column":-1}},"loc":{"start":{"line":38,"column":4},"end":{"line":49,"column":5}}},"8":{"name":"(anonymous_8)","decl":{"start":{"line":40,"column":26},"end":{"line":40,"column":25}},"loc":{"start":{"line":40,"column":29},"end":{"line":47,"column":9}}},"9":{"name":"(anonymous_9)","decl":{"start":{"line":42,"column":31},"end":{"line":42,"column":30}},"loc":{"start":{"line":42,"column":36},"end":{"line":46,"column":13}}},"10":{"name":"(anonymous_10)","decl":{"start":{"line":43,"column":36},"end":{"line":43,"column":35}},"loc":{"start":{"line":43,"column":40},"end":{"line":45,"column":17}}},"11":{"name":"(anonymous_11)","decl":{"start":{"line":53,"column":4},"end":{"line":null,"column":-1}},"loc":{"start":{"line":53,"column":4},"end":{"line":55,"column":5}}},"12":{"name":"(anonymous_12)","decl":{"start":{"line":57,"column":4},"end":{"line":57,"column":17}},"loc":{"start":{"line":57,"column":35},"end":{"line":59,"column":5}}},"13":{"name":"(anonymous_13)","decl":{"start":{"line":61,"column":4},"end":{"line":null,"column":-1}},"loc":{"start":{"line":61,"column":4},"end":{"line":63,"column":5}}},"14":{"name":"(anonymous_14)","decl":{"start":{"line":65,"column":4},"end":{"line":null,"column":-1}},"loc":{"start":{"line":65,"column":4},"end":{"line":67,"column":5}}},"15":{"name":"(anonymous_15)","decl":{"start":{"line":69,"column":4},"end":{"line":null,"column":-1}},"loc":{"start":{"line":69,"column":4},"end":{"line":71,"column":5}}},"16":{"name":"(anonymous_16)","decl":{"start":{"line":73,"column":4},"end":{"line":null,"column":-1}},"loc":{"start":{"line":73,"column":4},"end":{"line":75,"column":5}}},"17":{"name":"(anonymous_17)","decl":{"start":{"line":79,"column":4},"end":{"line":79,"column":11}},"loc":{"start":{"line":79,"column":43},"end":{"line":81,"column":5}}},"18":{"name":"(anonymous_18)","decl":{"start":{"line":83,"column":4},"end":{"line":83,"column":13}},"loc":{"start":{"line":83,"column":24},"end":{"line":85,"column":5}}},"19":{"name":"(anonymous_19)","decl":{"start":{"line":88,"column":4},"end":{"line":88,"column":10}},"loc":{"start":{"line":88,"column":24},"end":{"line":90,"column":5}}},"20":{"name":"(anonymous_20)","decl":{"start":{"line":93,"column":4},"end":{"line":93,"column":18}},"loc":{"start":{"line":93,"column":34},"end":{"line":95,"column":5}}},"21":{"name":"(anonymous_21)","decl":{"start":{"line":97,"column":4},"end":{"line":97,"column":17}},"loc":{"start":{"line":97,"column":28},"end":{"line":99,"column":5}}},"22":{"name":"(anonymous_22)","decl":{"start":{"line":101,"column":4},"end":{"line":101,"column":18}},"loc":{"start":{"line":101,"column":45},"end":{"line":106,"column":5}}},"23":{"name":"(anonymous_23)","decl":{"start":{"line":108,"column":4},"end":{"line":108,"column":11}},"loc":{"start":{"line":108,"column":22},"end":{"line":110,"column":5}}},"24":{"name":"(anonymous_24)","decl":{"start":{"line":112,"column":4},"end":{"line":112,"column":12}},"loc":{"start":{"line":112,"column":72},"end":{"line":114,"column":5}}},"25":{"name":"(anonymous_25)","decl":{"start":{"line":117,"column":4},"end":{"line":117,"column":24}},"loc":{"start":{"line":117,"column":43},"end":{"line":133,"column":5}}},"26":{"name":"(anonymous_26)","decl":{"start":{"line":121,"column":40},"end":{"line":121,"column":39}},"loc":{"start":{"line":121,"column":43},"end":{"line":129,"column":13}}},"27":{"name":"(anonymous_27)","decl":{"start":{"line":135,"column":4},"end":{"line":135,"column":22}},"loc":{"start":{"line":135,"column":41},"end":{"line":151,"column":5}}},"28":{"name":"(anonymous_28)","decl":{"start":{"line":139,"column":38},"end":{"line":139,"column":37}},"loc":{"start":{"line":139,"column":41},"end":{"line":147,"column":13}}},"29":{"name":"(anonymous_29)","decl":{"start":{"line":153,"column":4},"end":{"line":null,"column":-1}},"loc":{"start":{"line":153,"column":4},"end":{"line":155,"column":5}}},"30":{"name":"(anonymous_30)","decl":{"start":{"line":157,"column":4},"end":{"line":157,"column":23}},"loc":{"start":{"line":157,"column":37},"end":{"line":159,"column":5}}},"31":{"name":"(anonymous_31)","decl":{"start":{"line":161,"column":4},"end":{"line":null,"column":-1}},"loc":{"start":{"line":161,"column":4},"end":{"line":163,"column":5}}},"32":{"name":"(anonymous_32)","decl":{"start":{"line":165,"column":4},"end":{"line":165,"column":17}},"loc":{"start":{"line":165,"column":31},"end":{"line":167,"column":5}}},"33":{"name":"(anonymous_33)","decl":{"start":{"line":169,"column":4},"end":{"line":169,"column":23}},"loc":{"start":{"line":169,"column":38},"end":{"line":171,"column":5}}},"34":{"name":"(anonymous_34)","decl":{"start":{"line":173,"column":4},"end":{"line":173,"column":27}},"loc":{"start":{"line":173,"column":42},"end":{"line":177,"column":5}}},"35":{"name":"(anonymous_35)","decl":{"start":{"line":175,"column":12},"end":{"line":175,"column":11}},"loc":{"start":{"line":175,"column":14},"end":{"line":175,"column":31}}},"36":{"name":"(anonymous_36)","decl":{"start":{"line":179,"column":4},"end":{"line":null,"column":-1}},"loc":{"start":{"line":179,"column":4},"end":{"line":181,"column":5}}},"37":{"name":"(anonymous_37)","decl":{"start":{"line":184,"column":4},"end":{"line":184,"column":24}},"loc":{"start":{"line":184,"column":39},"end":{"line":200,"column":5}}},"38":{"name":"(anonymous_38)","decl":{"start":{"line":190,"column":44},"end":{"line":190,"column":43}},"loc":{"start":{"line":190,"column":48},"end":{"line":198,"column":9}}},"39":{"name":"(anonymous_39)","decl":{"start":{"line":203,"column":4},"end":{"line":203,"column":14}},"loc":{"start":{"line":203,"column":58},"end":{"line":206,"column":5}}},"40":{"name":"(anonymous_40)","decl":{"start":{"line":208,"column":4},"end":{"line":208,"column":11}},"loc":{"start":{"line":208,"column":73},"end":{"line":214,"column":5}}},"41":{"name":"(anonymous_41)","decl":{"start":{"line":216,"column":4},"end":{"line":216,"column":14}},"loc":{"start":{"line":216,"column":128},"end":{"line":236,"column":5}}},"42":{"name":"(anonymous_42)","decl":{"start":{"line":238,"column":4},"end":{"line":238,"column":21}},"loc":{"start":{"line":238,"column":69},"end":{"line":248,"column":5}}},"43":{"name":"(anonymous_43)","decl":{"start":{"line":251,"column":4},"end":{"line":251,"column":19}},"loc":{"start":{"line":251,"column":60},"end":{"line":258,"column":5}}},"44":{"name":"(anonymous_44)","decl":{"start":{"line":252,"column":22},"end":{"line":252,"column":21}},"loc":{"start":{"line":252,"column":29},"end":{"line":257,"column":9}}},"45":{"name":"(anonymous_45)","decl":{"start":{"line":260,"column":4},"end":{"line":260,"column":18}},"loc":{"start":{"line":260,"column":51},"end":{"line":262,"column":5}}},"46":{"name":"(anonymous_46)","decl":{"start":{"line":264,"column":4},"end":{"line":264,"column":35}},"loc":{"start":{"line":264,"column":96},"end":{"line":273,"column":5}}},"47":{"name":"(anonymous_47)","decl":{"start":{"line":265,"column":31},"end":{"line":265,"column":31}},"loc":{"start":{"line":265,"column":45},"end":{"line":271,"column":9}}},"48":{"name":"(anonymous_48)","decl":{"start":{"line":280,"column":4},"end":{"line":280,"column":36}},"loc":{"start":{"line":280,"column":70},"end":{"line":286,"column":5}}},"49":{"name":"(anonymous_49)","decl":{"start":{"line":289,"column":4},"end":{"line":289,"column":13}},"loc":{"start":{"line":289,"column":90},"end":{"line":409,"column":5}}},"50":{"name":"(anonymous_50)","decl":{"start":{"line":294,"column":28},"end":{"line":294,"column":27}},"loc":{"start":{"line":294,"column":32},"end":{"line":321,"column":9}}},"51":{"name":"(anonymous_51)","decl":{"start":{"line":299,"column":52},"end":{"line":299,"column":51}},"loc":{"start":{"line":299,"column":59},"end":{"line":299,"column":85}}},"52":{"name":"(anonymous_52)","decl":{"start":{"line":363,"column":98},"end":{"line":363,"column":97}},"loc":{"start":{"line":363,"column":105},"end":{"line":363,"column":138}}},"53":{"name":"(anonymous_53)","decl":{"start":{"line":384,"column":94},"end":{"line":384,"column":93}},"loc":{"start":{"line":384,"column":101},"end":{"line":384,"column":134}}},"54":{"name":"(anonymous_54)","decl":{"start":{"line":399,"column":32},"end":{"line":399,"column":31}},"loc":{"start":{"line":399,"column":36},"end":{"line":404,"column":13}}},"55":{"name":"(anonymous_55)","decl":{"start":{"line":413,"column":4},"end":{"line":null,"column":-1}},"loc":{"start":{"line":413,"column":4},"end":{"line":420,"column":5}}},"56":{"name":"(anonymous_56)","decl":{"start":{"line":414,"column":77},"end":{"line":414,"column":76}},"loc":{"start":{"line":414,"column":81},"end":{"line":416,"column":9}}},"57":{"name":"(anonymous_57)","decl":{"start":{"line":422,"column":4},"end":{"line":422,"column":8}},"loc":{"start":{"line":422,"column":72},"end":{"line":432,"column":5}}},"58":{"name":"(anonymous_58)","decl":{"start":{"line":426,"column":48},"end":{"line":426,"column":47}},"loc":{"start":{"line":426,"column":52},"end":{"line":428,"column":13}}},"59":{"name":"(anonymous_59)","decl":{"start":{"line":434,"column":4},"end":{"line":null,"column":-1}},"loc":{"start":{"line":434,"column":4},"end":{"line":436,"column":5}}},"60":{"name":"(anonymous_60)","decl":{"start":{"line":438,"column":4},"end":{"line":438,"column":8}},"loc":{"start":{"line":438,"column":72},"end":{"line":448,"column":5}}},"61":{"name":"(anonymous_61)","decl":{"start":{"line":442,"column":48},"end":{"line":442,"column":47}},"loc":{"start":{"line":442,"column":52},"end":{"line":444,"column":13}}},"62":{"name":"(anonymous_62)","decl":{"start":{"line":450,"column":4},"end":{"line":null,"column":-1}},"loc":{"start":{"line":450,"column":4},"end":{"line":452,"column":5}}},"63":{"name":"(anonymous_63)","decl":{"start":{"line":455,"column":4},"end":{"line":455,"column":17}},"loc":{"start":{"line":455,"column":54},"end":{"line":458,"column":5}}},"64":{"name":"(anonymous_64)","decl":{"start":{"line":460,"column":4},"end":{"line":null,"column":-1}},"loc":{"start":{"line":460,"column":4},"end":{"line":462,"column":5}}},"65":{"name":"(anonymous_65)","decl":{"start":{"line":465,"column":4},"end":{"line":465,"column":23}},"loc":{"start":{"line":465,"column":60},"end":{"line":478,"column":5}}},"66":{"name":"(anonymous_66)","decl":{"start":{"line":470,"column":42},"end":{"line":470,"column":41}},"loc":{"start":{"line":470,"column":49},"end":{"line":470,"column":74}}},"67":{"name":"(anonymous_67)","decl":{"start":{"line":480,"column":4},"end":{"line":480,"column":21}},"loc":{"start":{"line":480,"column":56},"end":{"line":495,"column":5}}},"68":{"name":"(anonymous_68)","decl":{"start":{"line":497,"column":4},"end":{"line":null,"column":-1}},"loc":{"start":{"line":497,"column":4},"end":{"line":502,"column":5}}},"69":{"name":"(anonymous_69)","decl":{"start":{"line":504,"column":4},"end":{"line":null,"column":-1}},"loc":{"start":{"line":504,"column":4},"end":{"line":520,"column":5}}},"70":{"name":"(anonymous_70)","decl":{"start":{"line":507,"column":56},"end":{"line":507,"column":55}},"loc":{"start":{"line":507,"column":59},"end":{"line":507,"column":76}}},"71":{"name":"(anonymous_71)","decl":{"start":{"line":509,"column":56},"end":{"line":509,"column":55}},"loc":{"start":{"line":509,"column":59},"end":{"line":509,"column":76}}},"72":{"name":"(anonymous_72)","decl":{"start":{"line":522,"column":4},"end":{"line":null,"column":-1}},"loc":{"start":{"line":522,"column":4},"end":{"line":527,"column":5}}},"73":{"name":"(anonymous_73)","decl":{"start":{"line":530,"column":4},"end":{"line":null,"column":-1}},"loc":{"start":{"line":530,"column":4},"end":{"line":548,"column":5}}},"74":{"name":"(anonymous_74)","decl":{"start":{"line":533,"column":52},"end":{"line":533,"column":51}},"loc":{"start":{"line":533,"column":55},"end":{"line":533,"column":72}}},"75":{"name":"(anonymous_75)","decl":{"start":{"line":535,"column":60},"end":{"line":535,"column":59}},"loc":{"start":{"line":535,"column":63},"end":{"line":535,"column":80}}},"76":{"name":"(anonymous_76)","decl":{"start":{"line":550,"column":4},"end":{"line":550,"column":19}},"loc":{"start":{"line":550,"column":42},"end":{"line":572,"column":5}}},"77":{"name":"(anonymous_77)","decl":{"start":{"line":554,"column":56},"end":{"line":554,"column":55}},"loc":{"start":{"line":554,"column":59},"end":{"line":554,"column":76}}},"78":{"name":"(anonymous_78)","decl":{"start":{"line":565,"column":52},"end":{"line":565,"column":51}},"loc":{"start":{"line":565,"column":55},"end":{"line":565,"column":72}}},"79":{"name":"(anonymous_79)","decl":{"start":{"line":574,"column":4},"end":{"line":null,"column":-1}},"loc":{"start":{"line":574,"column":4},"end":{"line":578,"column":5}}},"80":{"name":"(anonymous_80)","decl":{"start":{"line":580,"column":4},"end":{"line":null,"column":-1}},"loc":{"start":{"line":580,"column":4},"end":{"line":593,"column":5}}},"81":{"name":"(anonymous_81)","decl":{"start":{"line":590,"column":62},"end":{"line":590,"column":61}},"loc":{"start":{"line":590,"column":65},"end":{"line":590,"column":103}}},"82":{"name":"(anonymous_82)","decl":{"start":{"line":595,"column":4},"end":{"line":595,"column":21}},"loc":{"start":{"line":595,"column":42},"end":{"line":606,"column":5}}}},"branchMap":{"0":{"loc":{"start":{"line":23,"column":51},"end":{"line":23,"column":104}},"type":"cond-expr","locations":[{"start":{"line":23,"column":51},"end":{"line":23,"column":104}},{"start":{"line":23,"column":107},"end":{"line":23,"column":116}}]},"1":{"loc":{"start":{"line":103,"column":8},"end":{"line":105,"column":9}},"type":"if","locations":[{"start":{"line":103,"column":8},"end":{"line":105,"column":9}},{"start":{"line":103,"column":8},"end":{"line":105,"column":9}}]},"2":{"loc":{"start":{"line":119,"column":33},"end":{"line":119,"column":50}},"type":"cond-expr","locations":[{"start":{"line":119,"column":33},"end":{"line":119,"column":50}},{"start":{"line":119,"column":53},"end":{"line":119,"column":70}}]},"3":{"loc":{"start":{"line":120,"column":8},"end":{"line":131,"column":9}},"type":"if","locations":[{"start":{"line":120,"column":8},"end":{"line":131,"column":9}},{"start":{"line":120,"column":8},"end":{"line":131,"column":9}}]},"4":{"loc":{"start":{"line":137,"column":33},"end":{"line":137,"column":50}},"type":"cond-expr","locations":[{"start":{"line":137,"column":33},"end":{"line":137,"column":50}},{"start":{"line":137,"column":53},"end":{"line":137,"column":70}}]},"5":{"loc":{"start":{"line":138,"column":8},"end":{"line":149,"column":9}},"type":"if","locations":[{"start":{"line":138,"column":8},"end":{"line":149,"column":9}},{"start":{"line":138,"column":8},"end":{"line":149,"column":9}}]},"6":{"loc":{"start":{"line":191,"column":12},"end":{"line":193,"column":13}},"type":"if","locations":[{"start":{"line":191,"column":12},"end":{"line":193,"column":13}},{"start":{"line":191,"column":12},"end":{"line":193,"column":13}}]},"7":{"loc":{"start":{"line":194,"column":12},"end":{"line":197,"column":13}},"type":"if","locations":[{"start":{"line":194,"column":12},"end":{"line":197,"column":13}},{"start":{"line":194,"column":12},"end":{"line":197,"column":13}}]},"8":{"loc":{"start":{"line":194,"column":16},"end":{"line":194,"column":34}},"type":"binary-expr","locations":[{"start":{"line":194,"column":16},"end":{"line":194,"column":34}},{"start":{"line":194,"column":38},"end":{"line":194,"column":64}}]},"9":{"loc":{"start":{"line":205,"column":8},"end":{"line":205,"column":57}},"type":"if","locations":[{"start":{"line":205,"column":8},"end":{"line":205,"column":57}},{"start":{"line":205,"column":8},"end":{"line":205,"column":57}}]},"10":{"loc":{"start":{"line":211,"column":8},"end":{"line":213,"column":9}},"type":"if","locations":[{"start":{"line":211,"column":8},"end":{"line":213,"column":9}},{"start":{"line":211,"column":8},"end":{"line":213,"column":9}}]},"11":{"loc":{"start":{"line":218,"column":8},"end":{"line":235,"column":9}},"type":"if","locations":[{"start":{"line":218,"column":8},"end":{"line":235,"column":9}},{"start":{"line":218,"column":8},"end":{"line":235,"column":9}}]},"12":{"loc":{"start":{"line":220,"column":12},"end":{"line":223,"column":13}},"type":"if","locations":[{"start":{"line":220,"column":12},"end":{"line":223,"column":13}},{"start":{"line":220,"column":12},"end":{"line":223,"column":13}}]},"13":{"loc":{"start":{"line":220,"column":16},"end":{"line":220,"column":44}},"type":"binary-expr","locations":[{"start":{"line":220,"column":16},"end":{"line":220,"column":44}},{"start":{"line":220,"column":48},"end":{"line":220,"column":77}}]},"14":{"loc":{"start":{"line":224,"column":12},"end":{"line":227,"column":13}},"type":"if","locations":[{"start":{"line":224,"column":12},"end":{"line":227,"column":13}},{"start":{"line":224,"column":12},"end":{"line":227,"column":13}}]},"15":{"loc":{"start":{"line":224,"column":16},"end":{"line":224,"column":46}},"type":"binary-expr","locations":[{"start":{"line":224,"column":16},"end":{"line":224,"column":46}},{"start":{"line":224,"column":50},"end":{"line":224,"column":83}}]},"16":{"loc":{"start":{"line":228,"column":12},"end":{"line":231,"column":13}},"type":"if","locations":[{"start":{"line":228,"column":12},"end":{"line":231,"column":13}},{"start":{"line":228,"column":12},"end":{"line":231,"column":13}}]},"17":{"loc":{"start":{"line":228,"column":16},"end":{"line":228,"column":50}},"type":"binary-expr","locations":[{"start":{"line":228,"column":16},"end":{"line":228,"column":50}},{"start":{"line":228,"column":54},"end":{"line":228,"column":95}}]},"18":{"loc":{"start":{"line":232,"column":12},"end":{"line":234,"column":13}},"type":"if","locations":[{"start":{"line":232,"column":12},"end":{"line":234,"column":13}},{"start":{"line":232,"column":12},"end":{"line":234,"column":13}}]},"19":{"loc":{"start":{"line":232,"column":16},"end":{"line":232,"column":38}},"type":"binary-expr","locations":[{"start":{"line":232,"column":16},"end":{"line":232,"column":38}},{"start":{"line":232,"column":42},"end":{"line":232,"column":49}}]},"20":{"loc":{"start":{"line":240,"column":8},"end":{"line":247,"column":9}},"type":"if","locations":[{"start":{"line":240,"column":8},"end":{"line":247,"column":9}},{"start":{"line":240,"column":8},"end":{"line":247,"column":9}}]},"21":{"loc":{"start":{"line":243,"column":12},"end":{"line":245,"column":13}},"type":"if","locations":[{"start":{"line":243,"column":12},"end":{"line":245,"column":13}},{"start":{"line":243,"column":12},"end":{"line":245,"column":13}}]},"22":{"loc":{"start":{"line":243,"column":16},"end":{"line":243,"column":51}},"type":"binary-expr","locations":[{"start":{"line":243,"column":16},"end":{"line":243,"column":51}},{"start":{"line":243,"column":55},"end":{"line":243,"column":88}},{"start":{"line":243,"column":92},"end":{"line":243,"column":124}}]},"23":{"loc":{"start":{"line":266,"column":21},"end":{"line":266,"column":60}},"type":"binary-expr","locations":[{"start":{"line":266,"column":21},"end":{"line":266,"column":60}},{"start":{"line":266,"column":64},"end":{"line":266,"column":96}},{"start":{"line":267,"column":16},"end":{"line":267,"column":47}},{"start":{"line":267,"column":51},"end":{"line":267,"column":87}},{"start":{"line":268,"column":16},"end":{"line":268,"column":55}},{"start":{"line":268,"column":59},"end":{"line":268,"column":91}},{"start":{"line":269,"column":16},"end":{"line":269,"column":47}},{"start":{"line":269,"column":51},"end":{"line":269,"column":87}},{"start":{"line":270,"column":17},"end":{"line":270,"column":52}}]},"24":{"loc":{"start":{"line":282,"column":8},"end":{"line":282,"column":85}},"type":"if","locations":[{"start":{"line":282,"column":8},"end":{"line":282,"column":85}},{"start":{"line":282,"column":8},"end":{"line":282,"column":85}}]},"25":{"loc":{"start":{"line":284,"column":8},"end":{"line":284,"column":77}},"type":"if","locations":[{"start":{"line":284,"column":8},"end":{"line":284,"column":77}},{"start":{"line":284,"column":8},"end":{"line":284,"column":77}}]},"26":{"loc":{"start":{"line":285,"column":8},"end":{"line":285,"column":138}},"type":"if","locations":[{"start":{"line":285,"column":8},"end":{"line":285,"column":138}},{"start":{"line":285,"column":8},"end":{"line":285,"column":138}}]},"27":{"loc":{"start":{"line":296,"column":12},"end":{"line":296,"column":31}},"type":"if","locations":[{"start":{"line":296,"column":12},"end":{"line":296,"column":31}},{"start":{"line":296,"column":12},"end":{"line":296,"column":31}}]},"28":{"loc":{"start":{"line":298,"column":12},"end":{"line":298,"column":31}},"type":"if","locations":[{"start":{"line":298,"column":12},"end":{"line":298,"column":31}},{"start":{"line":298,"column":12},"end":{"line":298,"column":31}}]},"29":{"loc":{"start":{"line":302,"column":12},"end":{"line":311,"column":13}},"type":"if","locations":[{"start":{"line":302,"column":12},"end":{"line":311,"column":13}},{"start":{"line":302,"column":12},"end":{"line":311,"column":13}}]},"30":{"loc":{"start":{"line":302,"column":16},"end":{"line":302,"column":44}},"type":"binary-expr","locations":[{"start":{"line":302,"column":16},"end":{"line":302,"column":44}},{"start":{"line":303,"column":16},"end":{"line":303,"column":59}},{"start":{"line":304,"column":16},"end":{"line":304,"column":58}},{"start":{"line":305,"column":16},"end":{"line":305,"column":34}},{"start":{"line":306,"column":16},"end":{"line":306,"column":59}},{"start":{"line":307,"column":16},"end":{"line":307,"column":58}},{"start":{"line":308,"column":16},"end":{"line":308,"column":73}}]},"31":{"loc":{"start":{"line":308,"column":18},"end":{"line":308,"column":41}},"type":"binary-expr","locations":[{"start":{"line":308,"column":18},"end":{"line":308,"column":41}},{"start":{"line":308,"column":45},"end":{"line":308,"column":72}}]},"32":{"loc":{"start":{"line":314,"column":12},"end":{"line":317,"column":13}},"type":"if","locations":[{"start":{"line":314,"column":12},"end":{"line":317,"column":13}},{"start":{"line":314,"column":12},"end":{"line":317,"column":13}}]},"33":{"loc":{"start":{"line":314,"column":16},"end":{"line":314,"column":20}},"type":"binary-expr","locations":[{"start":{"line":314,"column":16},"end":{"line":314,"column":20}},{"start":{"line":314,"column":25},"end":{"line":314,"column":45}}]},"34":{"loc":{"start":{"line":324,"column":8},"end":{"line":324,"column":30}},"type":"if","locations":[{"start":{"line":324,"column":8},"end":{"line":324,"column":30}},{"start":{"line":324,"column":8},"end":{"line":324,"column":30}}]},"35":{"loc":{"start":{"line":327,"column":8},"end":{"line":327,"column":27}},"type":"if","locations":[{"start":{"line":327,"column":8},"end":{"line":327,"column":27}},{"start":{"line":327,"column":8},"end":{"line":327,"column":27}}]},"36":{"loc":{"start":{"line":333,"column":8},"end":{"line":405,"column":9}},"type":"if","locations":[{"start":{"line":333,"column":8},"end":{"line":405,"column":9}},{"start":{"line":333,"column":8},"end":{"line":405,"column":9}}]},"37":{"loc":{"start":{"line":333,"column":12},"end":{"line":333,"column":27}},"type":"binary-expr","locations":[{"start":{"line":333,"column":12},"end":{"line":333,"column":27}},{"start":{"line":333,"column":31},"end":{"line":333,"column":39}}]},"38":{"loc":{"start":{"line":337,"column":12},"end":{"line":395,"column":13}},"type":"if","locations":[{"start":{"line":337,"column":12},"end":{"line":395,"column":13}},{"start":{"line":337,"column":12},"end":{"line":395,"column":13}}]},"39":{"loc":{"start":{"line":345,"column":16},"end":{"line":391,"column":17}},"type":"if","locations":[{"start":{"line":345,"column":16},"end":{"line":391,"column":17}},{"start":{"line":345,"column":16},"end":{"line":391,"column":17}}]},"40":{"loc":{"start":{"line":345,"column":20},"end":{"line":345,"column":72}},"type":"binary-expr","locations":[{"start":{"line":345,"column":20},"end":{"line":345,"column":72}},{"start":{"line":345,"column":76},"end":{"line":345,"column":153}}]},"41":{"loc":{"start":{"line":350,"column":20},"end":{"line":366,"column":21}},"type":"if","locations":[{"start":{"line":350,"column":20},"end":{"line":366,"column":21}},{"start":{"line":350,"column":20},"end":{"line":366,"column":21}}]},"42":{"loc":{"start":{"line":355,"column":48},"end":{"line":355,"column":93}},"type":"binary-expr","locations":[{"start":{"line":355,"column":48},"end":{"line":355,"column":93}},{"start":{"line":355,"column":97},"end":{"line":355,"column":126}}]},"43":{"loc":{"start":{"line":358,"column":28},"end":{"line":358,"column":102}},"type":"if","locations":[{"start":{"line":358,"column":28},"end":{"line":358,"column":102}},{"start":{"line":358,"column":28},"end":{"line":358,"column":102}}]},"44":{"loc":{"start":{"line":361,"column":24},"end":{"line":365,"column":25}},"type":"if","locations":[{"start":{"line":361,"column":24},"end":{"line":365,"column":25}},{"start":{"line":361,"column":24},"end":{"line":365,"column":25}}]},"45":{"loc":{"start":{"line":361,"column":28},"end":{"line":361,"column":38}},"type":"binary-expr","locations":[{"start":{"line":361,"column":28},"end":{"line":361,"column":38}},{"start":{"line":361,"column":42},"end":{"line":361,"column":85}}]},"46":{"loc":{"start":{"line":373,"column":20},"end":{"line":390,"column":21}},"type":"if","locations":[{"start":{"line":373,"column":20},"end":{"line":390,"column":21}},{"start":{"line":373,"column":20},"end":{"line":390,"column":21}}]},"47":{"loc":{"start":{"line":377,"column":47},"end":{"line":377,"column":82}},"type":"binary-expr","locations":[{"start":{"line":377,"column":47},"end":{"line":377,"column":82}},{"start":{"line":377,"column":86},"end":{"line":377,"column":119}}]},"48":{"loc":{"start":{"line":380,"column":28},"end":{"line":380,"column":87}},"type":"if","locations":[{"start":{"line":380,"column":28},"end":{"line":380,"column":87}},{"start":{"line":380,"column":28},"end":{"line":380,"column":87}}]},"49":{"loc":{"start":{"line":382,"column":24},"end":{"line":389,"column":25}},"type":"if","locations":[{"start":{"line":382,"column":24},"end":{"line":389,"column":25}},{"start":{"line":382,"column":24},"end":{"line":389,"column":25}}]},"50":{"loc":{"start":{"line":382,"column":28},"end":{"line":382,"column":38}},"type":"binary-expr","locations":[{"start":{"line":382,"column":28},"end":{"line":382,"column":38}},{"start":{"line":382,"column":42},"end":{"line":382,"column":90}}]},"51":{"loc":{"start":{"line":424,"column":8},"end":{"line":430,"column":9}},"type":"if","locations":[{"start":{"line":424,"column":8},"end":{"line":430,"column":9}},{"start":{"line":424,"column":8},"end":{"line":430,"column":9}}]},"52":{"loc":{"start":{"line":429,"column":12},"end":{"line":429,"column":86}},"type":"if","locations":[{"start":{"line":429,"column":12},"end":{"line":429,"column":86}},{"start":{"line":429,"column":12},"end":{"line":429,"column":86}}]},"53":{"loc":{"start":{"line":431,"column":8},"end":{"line":431,"column":89}},"type":"if","locations":[{"start":{"line":431,"column":8},"end":{"line":431,"column":89}},{"start":{"line":431,"column":8},"end":{"line":431,"column":89}}]},"54":{"loc":{"start":{"line":431,"column":12},"end":{"line":431,"column":33}},"type":"binary-expr","locations":[{"start":{"line":431,"column":12},"end":{"line":431,"column":33}},{"start":{"line":431,"column":37},"end":{"line":431,"column":64}}]},"55":{"loc":{"start":{"line":440,"column":8},"end":{"line":446,"column":9}},"type":"if","locations":[{"start":{"line":440,"column":8},"end":{"line":446,"column":9}},{"start":{"line":440,"column":8},"end":{"line":446,"column":9}}]},"56":{"loc":{"start":{"line":445,"column":12},"end":{"line":445,"column":86}},"type":"if","locations":[{"start":{"line":445,"column":12},"end":{"line":445,"column":86}},{"start":{"line":445,"column":12},"end":{"line":445,"column":86}}]},"57":{"loc":{"start":{"line":447,"column":8},"end":{"line":447,"column":89}},"type":"if","locations":[{"start":{"line":447,"column":8},"end":{"line":447,"column":89}},{"start":{"line":447,"column":8},"end":{"line":447,"column":89}}]},"58":{"loc":{"start":{"line":447,"column":12},"end":{"line":447,"column":33}},"type":"binary-expr","locations":[{"start":{"line":447,"column":12},"end":{"line":447,"column":33}},{"start":{"line":447,"column":37},"end":{"line":447,"column":64}}]},"59":{"loc":{"start":{"line":457,"column":8},"end":{"line":457,"column":89}},"type":"if","locations":[{"start":{"line":457,"column":8},"end":{"line":457,"column":89}},{"start":{"line":457,"column":8},"end":{"line":457,"column":89}}]},"60":{"loc":{"start":{"line":457,"column":12},"end":{"line":457,"column":33}},"type":"binary-expr","locations":[{"start":{"line":457,"column":12},"end":{"line":457,"column":33}},{"start":{"line":457,"column":37},"end":{"line":457,"column":64}}]},"61":{"loc":{"start":{"line":467,"column":45},"end":{"line":467,"column":56}},"type":"cond-expr","locations":[{"start":{"line":467,"column":45},"end":{"line":467,"column":56}},{"start":{"line":467,"column":59},"end":{"line":467,"column":68}}]},"62":{"loc":{"start":{"line":467,"column":22},"end":{"line":467,"column":27}},"type":"binary-expr","locations":[{"start":{"line":467,"column":22},"end":{"line":467,"column":27}},{"start":{"line":467,"column":31},"end":{"line":467,"column":42}}]},"63":{"loc":{"start":{"line":469,"column":8},"end":{"line":476,"column":9}},"type":"if","locations":[{"start":{"line":469,"column":8},"end":{"line":476,"column":9}},{"start":{"line":469,"column":8},"end":{"line":476,"column":9}}]},"64":{"loc":{"start":{"line":472,"column":12},"end":{"line":472,"column":85}},"type":"if","locations":[{"start":{"line":472,"column":12},"end":{"line":472,"column":85}},{"start":{"line":472,"column":12},"end":{"line":472,"column":85}}]},"65":{"loc":{"start":{"line":472,"column":16},"end":{"line":472,"column":30}},"type":"binary-expr","locations":[{"start":{"line":472,"column":16},"end":{"line":472,"column":30}},{"start":{"line":472,"column":34},"end":{"line":472,"column":76}}]},"66":{"loc":{"start":{"line":473,"column":12},"end":{"line":475,"column":13}},"type":"if","locations":[{"start":{"line":473,"column":12},"end":{"line":475,"column":13}},{"start":{"line":473,"column":12},"end":{"line":475,"column":13}}]},"67":{"loc":{"start":{"line":473,"column":16},"end":{"line":473,"column":20}},"type":"binary-expr","locations":[{"start":{"line":473,"column":16},"end":{"line":473,"column":20}},{"start":{"line":473,"column":24},"end":{"line":473,"column":56}}]},"68":{"loc":{"start":{"line":483,"column":8},"end":{"line":493,"column":9}},"type":"if","locations":[{"start":{"line":483,"column":8},"end":{"line":493,"column":9}},{"start":{"line":483,"column":8},"end":{"line":493,"column":9}}]},"69":{"loc":{"start":{"line":485,"column":12},"end":{"line":485,"column":62}},"type":"if","locations":[{"start":{"line":485,"column":12},"end":{"line":485,"column":62}},{"start":{"line":485,"column":12},"end":{"line":485,"column":62}}]},"70":{"loc":{"start":{"line":487,"column":12},"end":{"line":489,"column":13}},"type":"if","locations":[{"start":{"line":487,"column":12},"end":{"line":489,"column":13}},{"start":{"line":487,"column":12},"end":{"line":489,"column":13}}]},"71":{"loc":{"start":{"line":487,"column":16},"end":{"line":487,"column":24}},"type":"binary-expr","locations":[{"start":{"line":487,"column":16},"end":{"line":487,"column":24}},{"start":{"line":487,"column":29},"end":{"line":487,"column":64}},{"start":{"line":487,"column":68},"end":{"line":487,"column":99}}]},"72":{"loc":{"start":{"line":490,"column":12},"end":{"line":492,"column":13}},"type":"if","locations":[{"start":{"line":490,"column":12},"end":{"line":492,"column":13}},{"start":{"line":490,"column":12},"end":{"line":492,"column":13}}]},"73":{"loc":{"start":{"line":500,"column":8},"end":{"line":501,"column":26}},"type":"if","locations":[{"start":{"line":500,"column":8},"end":{"line":501,"column":26}},{"start":{"line":500,"column":8},"end":{"line":501,"column":26}}]},"74":{"loc":{"start":{"line":508,"column":8},"end":{"line":518,"column":9}},"type":"if","locations":[{"start":{"line":508,"column":8},"end":{"line":518,"column":9}},{"start":{"line":508,"column":8},"end":{"line":518,"column":9}}]},"75":{"loc":{"start":{"line":508,"column":12},"end":{"line":508,"column":49}},"type":"binary-expr","locations":[{"start":{"line":508,"column":12},"end":{"line":508,"column":49}},{"start":{"line":508,"column":53},"end":{"line":508,"column":76}}]},"76":{"loc":{"start":{"line":514,"column":47},"end":{"line":514,"column":65}},"type":"binary-expr","locations":[{"start":{"line":514,"column":47},"end":{"line":514,"column":65}},{"start":{"line":514,"column":69},"end":{"line":514,"column":101}}]},"77":{"loc":{"start":{"line":525,"column":8},"end":{"line":526,"column":26}},"type":"if","locations":[{"start":{"line":525,"column":8},"end":{"line":526,"column":26}},{"start":{"line":525,"column":8},"end":{"line":526,"column":26}}]},"78":{"loc":{"start":{"line":534,"column":8},"end":{"line":546,"column":9}},"type":"if","locations":[{"start":{"line":534,"column":8},"end":{"line":546,"column":9}},{"start":{"line":534,"column":8},"end":{"line":546,"column":9}}]},"79":{"loc":{"start":{"line":541,"column":12},"end":{"line":541,"column":67}},"type":"if","locations":[{"start":{"line":541,"column":12},"end":{"line":541,"column":67}},{"start":{"line":541,"column":12},"end":{"line":541,"column":67}}]},"80":{"loc":{"start":{"line":542,"column":47},"end":{"line":542,"column":65}},"type":"binary-expr","locations":[{"start":{"line":542,"column":47},"end":{"line":542,"column":65}},{"start":{"line":542,"column":69},"end":{"line":542,"column":101}}]},"81":{"loc":{"start":{"line":555,"column":8},"end":{"line":563,"column":9}},"type":"if","locations":[{"start":{"line":555,"column":8},"end":{"line":563,"column":9}},{"start":{"line":555,"column":8},"end":{"line":563,"column":9}}]},"82":{"loc":{"start":{"line":559,"column":16},"end":{"line":559,"column":62}},"type":"if","locations":[{"start":{"line":559,"column":16},"end":{"line":559,"column":62}},{"start":{"line":559,"column":16},"end":{"line":559,"column":62}}]},"83":{"loc":{"start":{"line":569,"column":12},"end":{"line":569,"column":58}},"type":"if","locations":[{"start":{"line":569,"column":12},"end":{"line":569,"column":58}},{"start":{"line":569,"column":12},"end":{"line":569,"column":58}}]},"84":{"loc":{"start":{"line":576,"column":8},"end":{"line":576,"column":59}},"type":"if","locations":[{"start":{"line":576,"column":8},"end":{"line":576,"column":59}},{"start":{"line":576,"column":8},"end":{"line":576,"column":59}}]},"85":{"loc":{"start":{"line":583,"column":8},"end":{"line":591,"column":9}},"type":"if","locations":[{"start":{"line":583,"column":8},"end":{"line":591,"column":9}},{"start":{"line":583,"column":8},"end":{"line":591,"column":9}}]},"86":{"loc":{"start":{"line":588,"column":15},"end":{"line":591,"column":9}},"type":"if","locations":[{"start":{"line":588,"column":15},"end":{"line":591,"column":9}},{"start":{"line":588,"column":15},"end":{"line":591,"column":9}}]},"87":{"loc":{"start":{"line":590,"column":12},"end":{"line":590,"column":105}},"type":"if","locations":[{"start":{"line":590,"column":12},"end":{"line":590,"column":105}},{"start":{"line":590,"column":12},"end":{"line":590,"column":105}}]}},"s":{"0":1,"1":8,"2":8,"3":8,"4":8,"5":0,"6":1,"7":1,"8":3,"9":3,"10":10,"11":1,"12":1,"13":1,"14":5,"15":5,"16":15,"17":15,"18":50,"19":5,"20":1,"21":1,"22":1,"23":1,"24":1,"25":1,"26":1,"27":0,"28":1,"29":0,"30":1,"31":0,"32":1,"33":4,"34":1,"35":0,"36":1,"37":0,"38":1,"39":0,"40":1,"41":0,"42":1,"43":0,"44":0,"45":0,"46":1,"47":0,"48":1,"49":0,"50":1,"51":3,"52":3,"53":3,"54":3,"55":9,"56":9,"57":9,"58":3,"59":0,"60":1,"61":0,"62":0,"63":0,"64":0,"65":0,"66":0,"67":0,"68":0,"69":0,"70":1,"71":0,"72":1,"73":0,"74":1,"75":0,"76":1,"77":0,"78":1,"79":0,"80":1,"81":0,"82":0,"83":1,"84":0,"85":1,"86":0,"87":0,"88":0,"89":0,"90":0,"91":0,"92":0,"93":0,"94":0,"95":0,"96":1,"97":0,"98":0,"99":0,"100":1,"101":0,"102":0,"103":0,"104":0,"105":1,"106":0,"107":0,"108":0,"109":0,"110":0,"111":0,"112":0,"113":0,"114":0,"115":0,"116":0,"117":0,"118":0,"119":0,"120":1,"121":0,"122":0,"123":0,"124":0,"125":0,"126":0,"127":1,"128":1,"129":1,"130":1,"131":1,"132":1,"133":1,"134":0,"135":1,"136":3,"137":8,"138":1,"139":3,"140":3,"141":0,"142":3,"143":3,"144":0,"145":3,"146":0,"147":1,"148":3,"149":3,"150":3,"151":3,"152":3,"153":3,"154":3,"155":0,"156":3,"157":3,"158":0,"159":3,"160":9,"161":3,"162":0,"163":3,"164":1,"165":1,"166":3,"167":3,"168":3,"169":0,"170":3,"171":3,"172":0,"173":3,"174":3,"175":3,"176":3,"177":3,"178":1,"179":1,"180":1,"181":1,"182":1,"183":1,"184":1,"185":1,"186":1,"187":1,"188":0,"189":0,"190":0,"191":0,"192":1,"193":1,"194":1,"195":2,"196":1,"197":0,"198":0,"199":0,"200":0,"201":0,"202":0,"203":0,"204":0,"205":0,"206":0,"207":0,"208":0,"209":0,"210":0,"211":0,"212":0,"213":0,"214":2,"215":2,"216":3,"217":3,"218":3,"219":3,"220":3,"221":3,"222":3,"223":1,"224":0,"225":0,"226":0,"227":0,"228":0,"229":1,"230":0,"231":0,"232":0,"233":0,"234":0,"235":0,"236":0,"237":0,"238":1,"239":0,"240":1,"241":0,"242":0,"243":0,"244":0,"245":0,"246":0,"247":0,"248":0,"249":1,"250":0,"251":1,"252":0,"253":0,"254":0,"255":1,"256":0,"257":1,"258":0,"259":0,"260":0,"261":0,"262":0,"263":0,"264":0,"265":0,"266":0,"267":0,"268":1,"269":0,"270":0,"271":0,"272":0,"273":0,"274":0,"275":0,"276":0,"277":0,"278":0,"279":1,"280":0,"281":0,"282":0,"283":0,"284":0,"285":1,"286":0,"287":0,"288":0,"289":0,"290":0,"291":0,"292":0,"293":0,"294":0,"295":0,"296":0,"297":0,"298":0,"299":0,"300":1,"301":0,"302":0,"303":0,"304":0,"305":0,"306":1,"307":0,"308":0,"309":0,"310":0,"311":0,"312":0,"313":0,"314":0,"315":0,"316":0,"317":0,"318":0,"319":0,"320":0,"321":0,"322":0,"323":0,"324":1,"325":0,"326":0,"327":0,"328":0,"329":0,"330":0,"331":0,"332":0,"333":0,"334":0,"335":0,"336":0,"337":0,"338":0,"339":0,"340":0,"341":0,"342":0,"343":0,"344":1,"345":0,"346":0,"347":0,"348":0,"349":1,"350":0,"351":0,"352":0,"353":0,"354":0,"355":0,"356":0,"357":0,"358":0,"359":0,"360":0,"361":0,"362":0,"363":1,"364":0,"365":0,"366":0,"367":0,"368":0,"369":0,"370":0,"371":0,"372":0,"373":0,"374":1},"f":{"0":1,"1":8,"2":0,"3":1,"4":3,"5":3,"6":10,"7":5,"8":15,"9":15,"10":50,"11":1,"12":1,"13":1,"14":0,"15":0,"16":0,"17":4,"18":0,"19":0,"20":0,"21":0,"22":0,"23":0,"24":0,"25":3,"26":9,"27":0,"28":0,"29":0,"30":0,"31":0,"32":0,"33":0,"34":0,"35":0,"36":0,"37":0,"38":0,"39":0,"40":0,"41":0,"42":0,"43":1,"44":1,"45":0,"46":3,"47":8,"48":3,"49":3,"50":3,"51":9,"52":2,"53":0,"54":3,"55":0,"56":0,"57":0,"58":0,"59":0,"60":0,"61":0,"62":0,"63":0,"64":0,"65":0,"66":0,"67":0,"68":0,"69":0,"70":0,"71":0,"72":0,"73":0,"74":0,"75":0,"76":0,"77":0,"78":0,"79":0,"80":0,"81":0,"82":0},"b":{"0":[0,8],"1":[0,0],"2":[3,0],"3":[3,0],"4":[0,0],"5":[0,0],"6":[0,0],"7":[0,0],"8":[0,0],"9":[0,0],"10":[0,0],"11":[0,0],"12":[0,0],"13":[0,0],"14":[0,0],"15":[0,0],"16":[0,0],"17":[0,0],"18":[0,0],"19":[0,0],"20":[0,0],"21":[0,0],"22":[0,0,0],"23":[8,0,8,1,7,7,7,7,1],"24":[0,3],"25":[0,3],"26":[0,3],"27":[0,3],"28":[0,3],"29":[0,3],"30":[3,0,0,0,0,0,0],"31":[0,0],"32":[1,2],"33":[3,3],"34":[0,3],"35":[0,3],"36":[3,0],"37":[3,3],"38":[1,2],"39":[1,0],"40":[1,0],"41":[1,0],"42":[1,1],"43":[0,0],"44":[1,0],"45":[1,1],"46":[0,0],"47":[0,0],"48":[0,0],"49":[0,0],"50":[0,0],"51":[0,0],"52":[0,0],"53":[0,0],"54":[0,0],"55":[0,0],"56":[0,0],"57":[0,0],"58":[0,0],"59":[0,0],"60":[0,0],"61":[0,0],"62":[0,0],"63":[0,0],"64":[0,0],"65":[0,0],"66":[0,0],"67":[0,0],"68":[0,0],"69":[0,0],"70":[0,0],"71":[0,0,0],"72":[0,0],"73":[0,0],"74":[0,0],"75":[0,0],"76":[0,0],"77":[0,0],"78":[0,0],"79":[0,0],"80":[0,0],"81":[0,0],"82":[0,0],"83":[0,0],"84":[0,0],"85":[0,0],"86":[0,0],"87":[0,0]}}
,"/Users/i511786/Documents/ba_code/react-event-agenda_repos/react-event-agenda/src/models/AgendaModel.ts": {"path":"/Users/i511786/Documents/ba_code/react-event-agenda_repos/react-event-agenda/src/models/AgendaModel.ts","statementMap":{"0":{"start":{"line":17,"column":0},"end":{"line":72,"column":0}},"1":{"start":{"line":23,"column":8},"end":{"line":23,"column":26}},"2":{"start":{"line":24,"column":8},"end":{"line":24,"column":62}},"3":{"start":{"line":24,"column":43},"end":{"line":24,"column":60}},"4":{"start":{"line":32,"column":4},"end":{"line":34,"column":5}},"5":{"start":{"line":33,"column":8},"end":{"line":33,"column":24}},"6":{"start":{"line":41,"column":8},"end":{"line":41,"column":25}},"7":{"start":{"line":48,"column":4},"end":{"line":50,"column":5}},"8":{"start":{"line":49,"column":8},"end":{"line":49,"column":26}},"9":{"start":{"line":57,"column":8},"end":{"line":57,"column":27}},"10":{"start":{"line":61,"column":4},"end":{"line":66,"column":5}},"11":{"start":{"line":62,"column":8},"end":{"line":65,"column":9}},"12":{"start":{"line":64,"column":42},"end":{"line":64,"column":54}},"13":{"start":{"line":68,"column":11},"end":{"line":70,"column":5}},"14":{"start":{"line":69,"column":8},"end":{"line":69,"column":29}},"15":{"start":{"line":18,"column":16},"end":{"line":18,"column":36}},"16":{"start":{"line":19,"column":16},"end":{"line":19,"column":42}},"17":{"start":{"line":72,"column":0},"end":{"line":72,"column":1}}},"fnMap":{"0":{"name":"(anonymous_1)","decl":{"start":{"line":17,"column":0},"end":{"line":null,"column":-1}},"loc":{"start":{"line":17,"column":0},"end":{"line":17,"column":-1}}},"1":{"name":"Agenda","decl":{"start":{"line":22,"column":4},"end":{"line":22,"column":15}},"loc":{"start":{"line":22,"column":32},"end":{"line":25,"column":5}}},"2":{"name":"(anonymous_3)","decl":{"start":{"line":24,"column":34},"end":{"line":24,"column":34}},"loc":{"start":{"line":24,"column":38},"end":{"line":24,"column":60}}},"3":{"name":"(anonymous_4)","decl":{"start":{"line":32,"column":4},"end":{"line":null,"column":-1}},"loc":{"start":{"line":32,"column":4},"end":{"line":34,"column":5}}},"4":{"name":"(anonymous_5)","decl":{"start":{"line":40,"column":4},"end":{"line":40,"column":17}},"loc":{"start":{"line":40,"column":31},"end":{"line":42,"column":5}}},"5":{"name":"(anonymous_6)","decl":{"start":{"line":48,"column":4},"end":{"line":null,"column":-1}},"loc":{"start":{"line":48,"column":4},"end":{"line":50,"column":5}}},"6":{"name":"(anonymous_7)","decl":{"start":{"line":56,"column":4},"end":{"line":56,"column":19}},"loc":{"start":{"line":56,"column":37},"end":{"line":58,"column":5}}},"7":{"name":"(anonymous_8)","decl":{"start":{"line":61,"column":4},"end":{"line":null,"column":-1}},"loc":{"start":{"line":61,"column":4},"end":{"line":66,"column":5}}},"8":{"name":"(anonymous_9)","decl":{"start":{"line":64,"column":33},"end":{"line":64,"column":33}},"loc":{"start":{"line":64,"column":37},"end":{"line":64,"column":54}}},"9":{"name":"(anonymous_10)","decl":{"start":{"line":68,"column":4},"end":{"line":68,"column":19}},"loc":{"start":{"line":68,"column":36},"end":{"line":70,"column":5}}}},"branchMap":{},"s":{"0":1,"1":9,"2":9,"3":18,"4":1,"5":9,"6":0,"7":1,"8":31,"9":0,"10":1,"11":14,"12":33,"13":1,"14":9,"15":1,"16":1,"17":1},"f":{"0":1,"1":9,"2":18,"3":9,"4":0,"5":31,"6":0,"7":14,"8":33,"9":9},"b":{}}
,"/Users/i511786/Documents/ba_code/react-event-agenda_repos/react-event-agenda/src/models/AgendaStore.ts": {"path":"/Users/i511786/Documents/ba_code/react-event-agenda_repos/react-event-agenda/src/models/AgendaStore.ts","statementMap":{"0":{"start":{"line":9,"column":0},"end":{"line":236,"column":0}},"1":{"start":{"line":12,"column":16},"end":{"line":12,"column":46}},"2":{"start":{"line":13,"column":16},"end":{"line":13,"column":43}},"3":{"start":{"line":14,"column":16},"end":{"line":14,"column":42}},"4":{"start":{"line":16,"column":4},"end":{"line":16,"column":43}},"5":{"start":{"line":17,"column":4},"end":{"line":17,"column":25}},"6":{"start":{"line":20,"column":8},"end":{"line":20,"column":44}},"7":{"start":{"line":21,"column":8},"end":{"line":21,"column":29}},"8":{"start":{"line":24,"column":12},"end":{"line":35,"column":5}},"9":{"start":{"line":25,"column":22},"end":{"line":25,"column":44}},"10":{"start":{"line":26,"column":20},"end":{"line":26,"column":48}},"11":{"start":{"line":28,"column":8},"end":{"line":34,"column":9}},"12":{"start":{"line":29,"column":33},"end":{"line":29,"column":46}},"13":{"start":{"line":30,"column":12},"end":{"line":30,"column":134}},"14":{"start":{"line":31,"column":12},"end":{"line":31,"column":132}},"15":{"start":{"line":32,"column":26},"end":{"line":32,"column":37}},"16":{"start":{"line":33,"column":12},"end":{"line":33,"column":29}},"17":{"start":{"line":37,"column":12},"end":{"line":39,"column":5}},"18":{"start":{"line":38,"column":8},"end":{"line":38,"column":29}},"19":{"start":{"line":41,"column":12},"end":{"line":46,"column":5}},"20":{"start":{"line":42,"column":21},"end":{"line":42,"column":41}},"21":{"start":{"line":43,"column":8},"end":{"line":45,"column":9}},"22":{"start":{"line":44,"column":12},"end":{"line":44,"column":33}},"23":{"start":{"line":48,"column":4},"end":{"line":57,"column":5}},"24":{"start":{"line":49,"column":19},"end":{"line":49,"column":35}},"25":{"start":{"line":50,"column":8},"end":{"line":55,"column":9}},"26":{"start":{"line":51,"column":12},"end":{"line":54,"column":15}},"27":{"start":{"line":52,"column":33},"end":{"line":52,"column":82}},"28":{"start":{"line":53,"column":16},"end":{"line":53,"column":52}},"29":{"start":{"line":56,"column":8},"end":{"line":56,"column":20}},"30":{"start":{"line":60,"column":4},"end":{"line":62,"column":5}},"31":{"start":{"line":61,"column":8},"end":{"line":61,"column":61}},"32":{"start":{"line":61,"column":46},"end":{"line":61,"column":59}},"33":{"start":{"line":64,"column":12},"end":{"line":70,"column":5}},"34":{"start":{"line":65,"column":24},"end":{"line":65,"column":71}},"35":{"start":{"line":65,"column":57},"end":{"line":65,"column":70}},"36":{"start":{"line":66,"column":8},"end":{"line":69,"column":9}},"37":{"start":{"line":67,"column":12},"end":{"line":67,"column":39}},"38":{"start":{"line":68,"column":12},"end":{"line":68,"column":19}},"39":{"start":{"line":72,"column":12},"end":{"line":74,"column":5}},"40":{"start":{"line":73,"column":8},"end":{"line":73,"column":35}},"41":{"start":{"line":76,"column":4},"end":{"line":78,"column":5}},"42":{"start":{"line":77,"column":8},"end":{"line":77,"column":27}},"43":{"start":{"line":80,"column":4},"end":{"line":90,"column":5}},"44":{"start":{"line":81,"column":19},"end":{"line":81,"column":35}},"45":{"start":{"line":82,"column":8},"end":{"line":88,"column":9}},"46":{"start":{"line":83,"column":25},"end":{"line":83,"column":47}},"47":{"start":{"line":84,"column":48},"end":{"line":84,"column":99}},"48":{"start":{"line":84,"column":78},"end":{"line":84,"column":98}},"49":{"start":{"line":85,"column":12},"end":{"line":87,"column":13}},"50":{"start":{"line":86,"column":16},"end":{"line":86,"column":39}},"51":{"start":{"line":89,"column":8},"end":{"line":89,"column":25}},"52":{"start":{"line":92,"column":4},"end":{"line":102,"column":5}},"53":{"start":{"line":93,"column":19},"end":{"line":93,"column":35}},"54":{"start":{"line":94,"column":8},"end":{"line":100,"column":9}},"55":{"start":{"line":95,"column":25},"end":{"line":95,"column":47}},"56":{"start":{"line":96,"column":48},"end":{"line":96,"column":94}},"57":{"start":{"line":96,"column":78},"end":{"line":96,"column":93}},"58":{"start":{"line":97,"column":12},"end":{"line":99,"column":13}},"59":{"start":{"line":98,"column":16},"end":{"line":98,"column":34}},"60":{"start":{"line":101,"column":8},"end":{"line":101,"column":25}},"61":{"start":{"line":104,"column":4},"end":{"line":114,"column":5}},"62":{"start":{"line":105,"column":8},"end":{"line":112,"column":9}},"63":{"start":{"line":105,"column":22},"end":{"line":105,"column":21}},"64":{"start":{"line":106,"column":12},"end":{"line":111,"column":13}},"65":{"start":{"line":106,"column":28},"end":{"line":106,"column":27}},"66":{"start":{"line":107,"column":47},"end":{"line":107,"column":89}},"67":{"start":{"line":107,"column":74},"end":{"line":107,"column":88}},"68":{"start":{"line":108,"column":16},"end":{"line":110,"column":17}},"69":{"start":{"line":109,"column":20},"end":{"line":109,"column":33}},"70":{"start":{"line":113,"column":8},"end":{"line":113,"column":15}},"71":{"start":{"line":116,"column":4},"end":{"line":126,"column":5}},"72":{"start":{"line":117,"column":8},"end":{"line":124,"column":9}},"73":{"start":{"line":117,"column":22},"end":{"line":117,"column":21}},"74":{"start":{"line":118,"column":12},"end":{"line":123,"column":13}},"75":{"start":{"line":118,"column":28},"end":{"line":118,"column":27}},"76":{"start":{"line":119,"column":47},"end":{"line":119,"column":89}},"77":{"start":{"line":119,"column":74},"end":{"line":119,"column":88}},"78":{"start":{"line":120,"column":16},"end":{"line":122,"column":17}},"79":{"start":{"line":121,"column":20},"end":{"line":121,"column":31}},"80":{"start":{"line":125,"column":8},"end":{"line":125,"column":15}},"81":{"start":{"line":128,"column":4},"end":{"line":138,"column":5}},"82":{"start":{"line":129,"column":8},"end":{"line":136,"column":9}},"83":{"start":{"line":129,"column":22},"end":{"line":129,"column":21}},"84":{"start":{"line":130,"column":12},"end":{"line":135,"column":13}},"85":{"start":{"line":130,"column":28},"end":{"line":130,"column":27}},"86":{"start":{"line":131,"column":47},"end":{"line":131,"column":89}},"87":{"start":{"line":131,"column":74},"end":{"line":131,"column":88}},"88":{"start":{"line":132,"column":16},"end":{"line":134,"column":17}},"89":{"start":{"line":133,"column":20},"end":{"line":133,"column":32}},"90":{"start":{"line":137,"column":8},"end":{"line":137,"column":25}},"91":{"start":{"line":140,"column":4},"end":{"line":155,"column":5}},"92":{"start":{"line":141,"column":33},"end":{"line":141,"column":35}},"93":{"start":{"line":142,"column":8},"end":{"line":153,"column":9}},"94":{"start":{"line":142,"column":22},"end":{"line":142,"column":21}},"95":{"start":{"line":143,"column":12},"end":{"line":152,"column":13}},"96":{"start":{"line":143,"column":28},"end":{"line":143,"column":27}},"97":{"start":{"line":144,"column":35},"end":{"line":144,"column":54}},"98":{"start":{"line":145,"column":16},"end":{"line":147,"column":17}},"99":{"start":{"line":146,"column":20},"end":{"line":146,"column":98}},"100":{"start":{"line":146,"column":65},"end":{"line":146,"column":96}},"101":{"start":{"line":148,"column":16},"end":{"line":150,"column":17}},"102":{"start":{"line":149,"column":20},"end":{"line":149,"column":92}},"103":{"start":{"line":149,"column":65},"end":{"line":149,"column":90}},"104":{"start":{"line":151,"column":16},"end":{"line":151,"column":51}},"105":{"start":{"line":154,"column":8},"end":{"line":154,"column":21}},"106":{"start":{"line":164,"column":4},"end":{"line":174,"column":5}},"107":{"start":{"line":165,"column":8},"end":{"line":172,"column":9}},"108":{"start":{"line":165,"column":22},"end":{"line":165,"column":21}},"109":{"start":{"line":166,"column":12},"end":{"line":171,"column":13}},"110":{"start":{"line":166,"column":28},"end":{"line":166,"column":27}},"111":{"start":{"line":167,"column":38},"end":{"line":167,"column":85}},"112":{"start":{"line":167,"column":70},"end":{"line":167,"column":84}},"113":{"start":{"line":168,"column":16},"end":{"line":170,"column":17}},"114":{"start":{"line":169,"column":20},"end":{"line":169,"column":52}},"115":{"start":{"line":173,"column":8},"end":{"line":173,"column":25}},"116":{"start":{"line":176,"column":12},"end":{"line":186,"column":5}},"117":{"start":{"line":177,"column":8},"end":{"line":185,"column":9}},"118":{"start":{"line":177,"column":22},"end":{"line":177,"column":21}},"119":{"start":{"line":178,"column":12},"end":{"line":184,"column":13}},"120":{"start":{"line":178,"column":28},"end":{"line":178,"column":27}},"121":{"start":{"line":179,"column":33},"end":{"line":179,"column":77}},"122":{"start":{"line":179,"column":62},"end":{"line":179,"column":76}},"123":{"start":{"line":180,"column":16},"end":{"line":183,"column":17}},"124":{"start":{"line":181,"column":20},"end":{"line":181,"column":50}},"125":{"start":{"line":182,"column":20},"en
[...]
n":44},"end":{"line":35,"column":70}}},"3":{"name":"(anonymous_4)","decl":{"start":{"line":43,"column":4},"end":{"line":null,"column":-1}},"loc":{"start":{"line":43,"column":4},"end":{"line":45,"column":5}}},"4":{"name":"(anonymous_5)","decl":{"start":{"line":51,"column":4},"end":{"line":51,"column":24}},"loc":{"start":{"line":51,"column":38},"end":{"line":53,"column":5}}},"5":{"name":"(anonymous_6)","decl":{"start":{"line":59,"column":4},"end":{"line":null,"column":-1}},"loc":{"start":{"line":59,"column":4},"end":{"line":61,"column":5}}},"6":{"name":"(anonymous_7)","decl":{"start":{"line":67,"column":4},"end":{"line":67,"column":22}},"loc":{"start":{"line":67,"column":36},"end":{"line":69,"column":5}}},"7":{"name":"(anonymous_8)","decl":{"start":{"line":75,"column":4},"end":{"line":null,"column":-1}},"loc":{"start":{"line":75,"column":4},"end":{"line":77,"column":5}}},"8":{"name":"(anonymous_9)","decl":{"start":{"line":83,"column":4},"end":{"line":83,"column":17}},"loc":{"start":{"line":83,"column":31},"end":{"line":85,"column":5}}},"9":{"name":"(anonymous_10)","decl":{"start":{"line":91,"column":4},"end":{"line":null,"column":-1}},"loc":{"start":{"line":91,"column":4},"end":{"line":93,"column":5}}},"10":{"name":"(anonymous_11)","decl":{"start":{"line":99,"column":4},"end":{"line":99,"column":21}},"loc":{"start":{"line":99,"column":41},"end":{"line":101,"column":5}}},"11":{"name":"(anonymous_12)","decl":{"start":{"line":107,"column":4},"end":{"line":null,"column":-1}},"loc":{"start":{"line":107,"column":4},"end":{"line":109,"column":5}}},"12":{"name":"(anonymous_13)","decl":{"start":{"line":115,"column":4},"end":{"line":115,"column":23}},"loc":{"start":{"line":115,"column":38},"end":{"line":117,"column":5}}},"13":{"name":"(anonymous_14)","decl":{"start":{"line":119,"column":4},"end":{"line":null,"column":-1}},"loc":{"start":{"line":119,"column":4},"end":{"line":127,"column":5}}},"14":{"name":"(anonymous_15)","decl":{"start":{"line":124,"column":37},"end":{"line":124,"column":37}},"loc":{"start":{"line":124,"column":43},"end":{"line":124,"column":62}}},"15":{"name":"(anonymous_16)","decl":{"start":{"line":129,"column":4},"end":{"line":129,"column":19}},"loc":{"start":{"line":129,"column":33},"end":{"line":131,"column":5}}}},"branchMap":{"0":{"loc":{"start":{"line":36,"column":40},"end":{"line":36,"column":52}},"type":"cond-expr","locations":[{"start":{"line":36,"column":40},"end":{"line":36,"column":52}},{"start":{"line":36,"column":55},"end":{"line":36,"column":60}}]}},"s":{"0":1,"1":18,"2":18,"3":18,"4":18,"5":18,"6":18,"7":1,"8":31,"9":0,"10":1,"11":18,"12":0,"13":1,"14":18,"15":0,"16":1,"17":47,"18":0,"19":1,"20":36,"21":0,"22":1,"23":36,"24":36,"25":1,"26":18,"27":1,"28":1,"29":1,"30":1,"31":1,"32":1},"f":{"0":1,"1":18,"2":18,"3":31,"4":0,"5":18,"6":0,"7":18,"8":0,"9":47,"10":0,"11":36,"12":0,"13":36,"14":36,"15":18},"b":{"0":[0,18]}}
,"/Users/i511786/Documents/ba_code/react-event-agenda_repos/react-event-agenda/src/models/ItemModel.ts": {"path":"/Users/i511786/Documents/ba_code/react-event-agenda_repos/react-event-agenda/src/models/ItemModel.ts","statementMap":{"0":{"start":{"line":7,"column":0},"end":{"line":10,"column":1}},"1":{"start":{"line":8,"column":4},"end":{"line":8,"column":11}},"2":{"start":{"line":9,"column":4},"end":{"line":9,"column":12}},"3":{"start":{"line":33,"column":0},"end":{"line":179,"column":0}},"4":{"start":{"line":40,"column":24},"end":{"line":40,"column":59}},"5":{"start":{"line":60,"column":8},"end":{"line":60,"column":27}},"6":{"start":{"line":61,"column":8},"end":{"line":61,"column":33}},"7":{"start":{"line":62,"column":8},"end":{"line":62,"column":37}},"8":{"start":{"line":63,"column":8},"end":{"line":63,"column":40}},"9":{"start":{"line":64,"column":8},"end":{"line":64,"column":36}},"10":{"start":{"line":65,"column":8},"end":{"line":65,"column":36}},"11":{"start":{"line":46,"column":1},"end":{"line":48,"column":2}},"12":{"start":{"line":47,"column":2},"end":{"line":47,"column":23}},"13":{"start":{"line":55,"column":2},"end":{"line":55,"column":24}},"14":{"start":{"line":72,"column":6},"end":{"line":74,"column":5}},"15":{"start":{"line":73,"column":8},"end":{"line":73,"column":24}},"16":{"start":{"line":81,"column":8},"end":{"line":81,"column":25}},"17":{"start":{"line":88,"column":5},"end":{"line":90,"column":5}},"18":{"start":{"line":89,"column":8},"end":{"line":89,"column":27}},"19":{"start":{"line":97,"column":8},"end":{"line":97,"column":28}},"20":{"start":{"line":104,"column":6},"end":{"line":106,"column":5}},"21":{"start":{"line":105,"column":8},"end":{"line":105,"column":29}},"22":{"start":{"line":113,"column":8},"end":{"line":113,"column":30}},"23":{"start":{"line":120,"column":1},"end":{"line":122,"column":2}},"24":{"start":{"line":121,"column":2},"end":{"line":121,"column":27}},"25":{"start":{"line":129,"column":2},"end":{"line":129,"column":28}},"26":{"start":{"line":136,"column":6},"end":{"line":138,"column":5}},"27":{"start":{"line":137,"column":8},"end":{"line":137,"column":27}},"28":{"start":{"line":145,"column":8},"end":{"line":145,"column":28}},"29":{"start":{"line":152,"column":5},"end":{"line":154,"column":5}},"30":{"start":{"line":153,"column":8},"end":{"line":153,"column":25}},"31":{"start":{"line":161,"column":8},"end":{"line":161,"column":26}},"32":{"start":{"line":164,"column":4},"end":{"line":174,"column":5}},"33":{"start":{"line":165,"column":8},"end":{"line":173,"column":9}},"34":{"start":{"line":176,"column":11},"end":{"line":178,"column":5}},"35":{"start":{"line":177,"column":8},"end":{"line":177,"column":29}},"36":{"start":{"line":34,"column":16},"end":{"line":34,"column":36}},"37":{"start":{"line":35,"column":16},"end":{"line":35,"column":39}},"38":{"start":{"line":36,"column":16},"end":{"line":36,"column":41}},"39":{"start":{"line":37,"column":16},"end":{"line":37,"column":45}},"40":{"start":{"line":38,"column":16},"end":{"line":38,"column":39}},"41":{"start":{"line":39,"column":16},"end":{"line":39,"column":37}},"42":{"start":{"line":40,"column":16},"end":{"line":40,"column":59}},"43":{"start":{"line":179,"column":0},"end":{"line":179,"column":1}}},"fnMap":{"0":{"name":"(anonymous_1)","decl":{"start":{"line":7,"column":0},"end":{"line":7,"column":11}},"loc":{"start":{"line":7,"column":23},"end":{"line":10,"column":1}}},"1":{"name":"(anonymous_2)","decl":{"start":{"line":33,"column":0},"end":{"line":null,"column":-1}},"loc":{"start":{"line":33,"column":0},"end":{"line":33,"column":-1}}},"2":{"name":"Item","decl":{"start":{"line":59,"column":4},"end":{"line":59,"column":15}},"loc":{"start":{"line":59,"column":38},"end":{"line":66,"column":5}}},"3":{"name":"(anonymous_4)","decl":{"start":{"line":46,"column":1},"end":{"line":null,"column":-1}},"loc":{"start":{"line":46,"column":1},"end":{"line":48,"column":2}}},"4":{"name":"(anonymous_5)","decl":{"start":{"line":54,"column":1},"end":{"line":54,"column":19}},"loc":{"start":{"line":54,"column":50},"end":{"line":56,"column":2}}},"5":{"name":"(anonymous_6)","decl":{"start":{"line":72,"column":6},"end":{"line":null,"column":-1}},"loc":{"start":{"line":72,"column":6},"end":{"line":74,"column":5}}},"6":{"name":"(anonymous_7)","decl":{"start":{"line":80,"column":4},"end":{"line":80,"column":17}},"loc":{"start":{"line":80,"column":31},"end":{"line":82,"column":5}}},"7":{"name":"(anonymous_8)","decl":{"start":{"line":88,"column":5},"end":{"line":null,"column":-1}},"loc":{"start":{"line":88,"column":5},"end":{"line":90,"column":5}}},"8":{"name":"(anonymous_9)","decl":{"start":{"line":96,"column":4},"end":{"line":96,"column":20}},"loc":{"start":{"line":96,"column":34},"end":{"line":98,"column":5}}},"9":{"name":"(anonymous_10)","decl":{"start":{"line":104,"column":6},"end":{"line":null,"column":-1}},"loc":{"start":{"line":104,"column":6},"end":{"line":106,"column":5}}},"10":{"name":"(anonymous_11)","decl":{"start":{"line":112,"column":4},"end":{"line":112,"column":22}},"loc":{"start":{"line":112,"column":36},"end":{"line":114,"column":5}}},"11":{"name":"(anonymous_12)","decl":{"start":{"line":120,"column":1},"end":{"line":null,"column":-1}},"loc":{"start":{"line":120,"column":1},"end":{"line":122,"column":2}}},"12":{"name":"(anonymous_13)","decl":{"start":{"line":128,"column":1},"end":{"line":128,"column":23}},"loc":{"start":{"line":128,"column":37},"end":{"line":130,"column":2}}},"13":{"name":"(anonymous_14)","decl":{"start":{"line":136,"column":6},"end":{"line":null,"column":-1}},"loc":{"start":{"line":136,"column":6},"end":{"line":138,"column":5}}},"14":{"name":"(anonymous_15)","decl":{"start":{"line":144,"column":4},"end":{"line":144,"column":20}},"loc":{"start":{"line":144,"column":34},"end":{"line":146,"column":5}}},"15":{"name":"(anonymous_16)","decl":{"start":{"line":152,"column":5},"end":{"line":null,"column":-1}},"loc":{"start":{"line":152,"column":5},"end":{"line":154,"column":5}}},"16":{"name":"(anonymous_17)","decl":{"start":{"line":160,"column":4},"end":{"line":160,"column":18}},"loc":{"start":{"line":160,"column":32},"end":{"line":162,"column":5}}},"17":{"name":"(anonymous_18)","decl":{"start":{"line":164,"column":4},"end":{"line":null,"column":-1}},"loc":{"start":{"line":164,"column":4},"end":{"line":174,"column":5}}},"18":{"name":"(anonymous_19)","decl":{"start":{"line":176,"column":4},"end":{"line":176,"column":19}},"loc":{"start":{"line":176,"column":34},"end":{"line":178,"column":5}}}},"branchMap":{"0":{"loc":{"start":{"line":7,"column":12},"end":{"line":7,"column":23}},"type":"binary-expr","locations":[{"start":{"line":7,"column":12},"end":{"line":7,"column":23}},{"start":{"line":7,"column":12},"end":{"line":7,"column":23}}]}},"s":{"0":1,"1":1,"2":1,"3":1,"4":63,"5":63,"6":63,"7":63,"8":63,"9":63,"10":63,"11":1,"12":60,"13":0,"14":1,"15":141,"16":0,"17":1,"18":60,"19":0,"20":1,"21":60,"22":0,"23":1,"24":60,"25":0,"26":1,"27":154,"28":7,"29":1,"30":111,"31":7,"32":1,"33":120,"34":1,"35":60,"36":1,"37":1,"38":1,"39":1,"40":1,"41":1,"42":1,"43":1},"f":{"0":1,"1":1,"2":63,"3":60,"4":0,"5":141,"6":0,"7":60,"8":0,"9":60,"10":0,"11":60,"12":0,"13":154,"14":7,"15":111,"16":7,"17":120,"18":60},"b":{"0":[1,1]}}
,"/Users/i511786/Documents/ba_code/react-event-agenda_repos/react-event-agenda/src/models/TrackModel.ts": {"path":"/Users/i511786/Documents/ba_code/react-event-agenda_repos/react-event-agenda/src/models/TrackModel.ts","statementMap":{"0":{"start":{"line":17,"column":0},"end":{"line":106,"column":0}},"1":{"start":{"line":24,"column":8},"end":{"line":24,"column":30}},"2":{"start":{"line":25,"column":8},"end":{"line":25,"column":79}},"3":{"start":{"line":25,"column":57},"end":{"line":25,"column":76}},"4":{"start":{"line":26,"column":8},"end":{"line":26,"column":26}},"5":{"start":{"line":32,"column":11},"end":{"line":42,"column":5}},"6":{"start":{"line":33,"column":8},"end":{"line":41,"column":12}},"7":{"start":{"line":34,"column":12},"end":{"line":36,"column":15}},"8":{"start":{"line":35,"column":16},"end":{"line":35,"column":26}},"9":{"start":{"line":37,"column":14},"end":{"line":39,"column":15}},"10":{"start":{"line":38,"column":16},"end":{"line":38,"column":25}},"11":{"start":{"line":40,"column":14},"end":{"line":40,"column":23}},"12":{"start":{"line":49,"column":5},"end":{"line":51,"column":5}},"13":{"start":{"line":50,"column":8},"end":{"line":50,"column":26}},"14":{"start":{"line":58,"column":8},"end":{"line":58,"column":27}},"15":{"start":{"line":65,"column":5},"end":{"line":67,"column":5}},"16":{"start":{"line":66,"column":8},"end":{"line":66,"column":27}},"17":{"start":{"line":74,"column":8},"end":{"line":74,"column":35}},"18":{"start":{"line":81,"column":5},"end":{"line":83,"column":5}},"19":{"start":{"line":82,"column":8},"end":{"line":82,"column":24}},"20":{"start":{"line":90,"column":8},"end":{"line":90,"column":25}},"21":{"start":{"line":93,"column":4},"end":{"line":99,"column":5}},"22":{"start":{"line":94,"column":8},"end":{"line":98,"column":9}},"23":{"start":{"line":97,"column":45},"end":{"line":97,"column":58}},"24":{"start":{"line":101,"column":11},"end":{"line":103,"column":5}},"25":{"start":{"line":102,"column":8},"end":{"line":102,"column":29}},"26":{"start":{"line":18,"column":16},"end":{"line":18,"column":38}},"27":{"start":{"line":19,"column":16},"end":{"line":19,"column":55}},"28":{"start":{"line":20,"column":16},"end":{"line":20,"column":36}},"29":{"start":{"line":106,"column":0},"end":{"line":106,"column":1}}},"fnMap":{"0":{"name":"(anonymous_1)","decl":{"start":{"line":17,"column":0},"end":{"line":null,"column":-1}},"loc":{"start":{"line":17,"column":0},"end":{"line":17,"column":-1}}},"1":{"name":"Track","decl":{"start":{"line":23,"column":4},"end":{"line":23,"column":15}},"loc":{"start":{"line":23,"column":31},"end":{"line":27,"column":5}}},"2":{"name":"(anonymous_3)","decl":{"start":{"line":25,"column":47},"end":{"line":25,"column":47}},"loc":{"start":{"line":25,"column":52},"end":{"line":25,"column":76}}},"3":{"name":"(anonymous_4)","decl":{"start":{"line":32,"column":4},"end":{"line":null,"column":-1}},"loc":{"start":{"line":32,"column":4},"end":{"line":42,"column":5}}},"4":{"name":"(anonymous_5)","decl":{"start":{"line":33,"column":54},"end":{"line":33,"column":54}},"loc":{"start":{"line":33,"column":58},"end":{"line":41,"column":9}}},"5":{"name":"(anonymous_6)","decl":{"start":{"line":49,"column":5},"end":{"line":null,"column":-1}},"loc":{"start":{"line":49,"column":5},"end":{"line":51,"column":5}}},"6":{"name":"(anonymous_7)","decl":{"start":{"line":57,"column":4},"end":{"line":57,"column":19}},"loc":{"start":{"line":57,"column":33},"end":{"line":59,"column":5}}},"7":{"name":"(anonymous_8)","decl":{"start":{"line":65,"column":5},"end":{"line":null,"column":-1}},"loc":{"start":{"line":65,"column":5},"end":{"line":67,"column":5}}},"8":{"name":"(anonymous_9)","decl":{"start":{"line":73,"column":4},"end":{"line":73,"column":20}},"loc":{"start":{"line":73,"column":50},"end":{"line":75,"column":5}}},"9":{"name":"(anonymous_10)","decl":{"start":{"line":81,"column":5},"end":{"line":null,"column":-1}},"loc":{"start":{"line":81,"column":5},"end":{"line":83,"column":5}}},"10":{"name":"(anonymous_11)","decl":{"start":{"line":89,"column":4},"end":{"line":89,"column":17}},"loc":{"start":{"line":89,"column":31},"end":{"line":91,"column":5}}},"11":{"name":"(anonymous_12)","decl":{"start":{"line":93,"column":4},"end":{"line":null,"column":-1}},"loc":{"start":{"line":93,"column":4},"end":{"line":99,"column":5}}},"12":{"name":"(anonymous_13)","decl":{"start":{"line":97,"column":35},"end":{"line":97,"column":35}},"loc":{"start":{"line":97,"column":40},"end":{"line":97,"column":58}}},"13":{"name":"(anonymous_14)","decl":{"start":{"line":101,"column":4},"end":{"line":101,"column":19}},"loc":{"start":{"line":101,"column":35},"end":{"line":103,"column":5}}}},"branchMap":{"0":{"loc":{"start":{"line":34,"column":12},"end":{"line":36,"column":15}},"type":"if","locations":[{"start":{"line":34,"column":12},"end":{"line":36,"column":15}},{"start":{"line":34,"column":12},"end":{"line":36,"column":15}}]},"1":{"loc":{"start":{"line":37,"column":14},"end":{"line":39,"column":15}},"type":"if","locations":[{"start":{"line":37,"column":14},"end":{"line":39,"column":15}},{"start":{"line":37,"column":14},"end":{"line":39,"column":15}}]}},"s":{"0":1,"1":18,"2":18,"3":60,"4":18,"5":1,"6":3,"7":8,"8":7,"9":1,"10":1,"11":0,"12":1,"13":18,"14":0,"15":1,"16":47,"17":0,"18":1,"19":33,"20":0,"21":1,"22":36,"23":120,"24":1,"25":18,"26":1,"27":1,"28":1,"29":1},"f":{"0":1,"1":18,"2":60,"3":3,"4":8,"5":18,"6":0,"7":47,"8":0,"9":33,"10":0,"11":36,"12":120,"13":18},"b":{"0":[7,1],"1":[1,0]}}
,"/Users/i511786/Documents/ba_code/react-event-agenda_repos/react-event-agenda/src/models/UIStore.ts": {"path":"/Users/i511786/Documents/ba_code/react-event-agenda_repos/react-event-agenda/src/models/UIStore.ts","statementMap":{"0":{"start":{"line":4,"column":0},"end":{"line":11,"column":1}},"1":{"start":{"line":5,"column":4},"end":{"line":5,"column":10}},"2":{"start":{"line":6,"column":4},"end":{"line":6,"column":13}},"3":{"start":{"line":7,"column":4},"end":{"line":7,"column":12}},"4":{"start":{"line":8,"column":4},"end":{"line":8,"column":12}},"5":{"start":{"line":9,"column":4},"end":{"line":9,"column":11}},"6":{"start":{"line":10,"column":4},"end":{"line":10,"column":10}},"7":{"start":{"line":13,"column":0},"end":{"line":54,"column":0}},"8":{"start":{"line":14,"column":16},"end":{"line":14,"column":50}},"9":{"start":{"line":15,"column":16},"end":{"line":15,"column":50}},"10":{"start":{"line":16,"column":16},"end":{"line":16,"column":45}},"11":{"start":{"line":17,"column":16},"end":{"line":17,"column":39}},"12":{"start":{"line":20,"column":4},"end":{"line":22,"column":5}},"13":{"start":{"line":21,"column":8},"end":{"line":21,"column":28}},"14":{"start":{"line":24,"column":12},"end":{"line":26,"column":5}},"15":{"start":{"line":25,"column":8},"end":{"line":25,"column":32}},"16":{"start":{"line":28,"column":4},"end":{"line":30,"column":5}},"17":{"start":{"line":29,"column":8},"end":{"line":29,"column":34}},"18":{"start":{"line":32,"column":12},"end":{"line":34,"column":5}},"19":{"start":{"line":33,"column":8},"end":{"line":33,"column":46}},"20":{"start":{"line":36,"column":4},"end":{"line":38,"column":5}},"21":{"start":{"line":37,"column":8},"end":{"line":37,"column":37}},"22":{"start":{"line":40,"column":12},"end":{"line":42,"column":5}},"23":{"start":{"line":41,"column":8},"end":{"line":41,"column":38}},"24":{"start":{"line":44,"column":4},"end":{"line":46,"column":5}},"25":{"start":{"line":45,"column":8},"end":{"line":45,"column":31}},"26":{"start":{"line":48,"column":12},"end":{"line":50,"column":5}},"27":{"start":{"line":49,"column":8},"end":{"line":49,"column":32}},"28":{"start":{"line":54,"column":0},"end":{"line":54,"column":1}}},"fnMap":{"0":{"name":"(anonymous_1)","decl":{"start":{"line":4,"column":0},"end":{"line":4,"column":11}},"loc":{"start":{"line":4,"column":19},"end":{"line":11,"column":1}}},"1":{"name":"(anonymous_2)","decl":{"start":{"line":13,"column":0},"end":{"line":null,"column":-1}},"loc":{"start":{"line":13,"column":0},"end":{"line":13,"column":-1}}},"2":{"name":"(anonymous_4)","decl":{"start":{"line":20,"column":4},"end":{"line":null,"column":-1}},"loc":{"start":{"line":20,"column":4},"end":{"line":22,"column":5}}},"3":{"name":"(anonymous_5)","decl":{"start":{"line":24,"column":12},"end":{"line":24,"column":22}},"loc":{"start":{"line":24,"column":40},"end":{"line":26,"column":5}}},"4":{"name":"(anonymous_6)","decl":{"start":{"line":28,"column":4},"end":{"line":null,"column":-1}},"loc":{"start":{"line":28,"column":4},"end":{"line":30,"column":5}}},"5":{"name":"(anonymous_7)","decl":{"start":{"line":32,"column":12},"end":{"line":32,"column":28}},"loc":{"start":{"line":32,"column":60},"end":{"line":34,"column":5}}},"6":{"name":"(anonymous_8)","decl":{"start":{"line":36,"column":4},"end":{"line":null,"column":-1}},"loc":{"start":{"line":36,"column":4},"end":{"line":38,"column":5}}},"7":{"name":"(anonymous_9)","decl":{"start":{"line":40,"column":12},"end":{"line":40,"column":31}},"loc":{"start":{"line":40,"column":45},"end":{"line":42,"column":5}}},"8":{"name":"(anonymous_10)","decl":{"start":{"line":44,"column":4},"end":{"line":null,"column":-1}},"loc":{"start":{"line":44,"column":4},"end":{"line":46,"column":5}}},"9":{"name":"(anonymous_11)","decl":{"start":{"line":48,"column":12},"end":{"line":48,"column":25}},"loc":{"start":{"line":48,"column":39},"end":{"line":50,"column":5}}}},"branchMap":{"0":{"loc":{"start":{"line":4,"column":12},"end":{"line":4,"column":19}},"type":"binary-expr","locations":[{"start":{"line":4,"column":12},"end":{"line":4,"column":19}},{"start":{"line":4,"column":12},"end":{"line":4,"column":19}}]}},"s":{"0":1,"1":1,"2":1,"3":1,"4":1,"5":1,"6":1,"7":1,"8":9,"9":9,"10":9,"11":9,"12":1,"13":1,"14":2,"15":1,"16":1,"17":0,"18":2,"19":0,"20":1,"21":0,"22":2,"23":0,"24":1,"25":0,"26":2,"27":0,"28":1},"f":{"0":1,"1":9,"2":1,"3":1,"4":0,"5":0,"6":0,"7":0,"8":0,"9":0},"b":{"0":[1,1]}}
}
