{"/Users/i511786/Documents/ba_code/react-event-agenda_repos/react-event-agenda/src/AgendaViewModel.ts": {"path":"/Users/i511786/Documents/ba_code/react-event-agenda_repos/react-event-agenda/src/AgendaViewModel.ts","statementMap":{"0":{"start":{"line":15,"column":0},"end":{"line":859,"column":0}},"1":{"start":{"line":29,"column":4},"end":{"line":33,"column":4}},"2":{"start":{"line":30,"column":8},"end":{"line":30,"column":49}},"3":{"start":{"line":31,"column":8},"end":{"line":31,"column":37}},"4":{"start":{"line":32,"column":8},"end":{"line":32,"column":117}},"5":{"start":{"line":32,"column":66},"end":{"line":32,"column":98}},"6":{"start":{"line":41,"column":4},"end":{"line":45,"column":5}},"7":{"start":{"line":42,"column":27},"end":{"line":42,"column":54}},"8":{"start":{"line":43,"column":8},"end":{"line":43,"column":64}},"9":{"start":{"line":44,"column":8},"end":{"line":44,"column":56}},"10":{"start":{"line":52,"column":4},"end":{"line":56,"column":5}},"11":{"start":{"line":53,"column":21},"end":{"line":53,"column":53}},"12":{"start":{"line":54,"column":27},"end":{"line":54,"column":54}},"13":{"start":{"line":55,"column":8},"end":{"line":55,"column":26}},"14":{"start":{"line":58,"column":12},"end":{"line":67,"column":5}},"15":{"start":{"line":59,"column":8},"end":{"line":65,"column":11}},"16":{"start":{"line":60,"column":12},"end":{"line":64,"column":14}},"17":{"start":{"line":61,"column":16},"end":{"line":63,"column":18}},"18":{"start":{"line":62,"column":20},"end":{"line":62,"column":45}},"19":{"start":{"line":66,"column":8},"end":{"line":66,"column":20}},"20":{"start":{"line":75,"column":4},"end":{"line":77,"column":5}},"21":{"start":{"line":76,"column":8},"end":{"line":76,"column":41}},"22":{"start":{"line":84,"column":4},"end":{"line":86,"column":5}},"23":{"start":{"line":85,"column":8},"end":{"line":85,"column":42}},"24":{"start":{"line":94,"column":4},"end":{"line":96,"column":5}},"25":{"start":{"line":95,"column":8},"end":{"line":95,"column":32}},"26":{"start":{"line":104,"column":4},"end":{"line":106,"column":5}},"27":{"start":{"line":105,"column":8},"end":{"line":105,"column":54}},"28":{"start":{"line":114,"column":4},"end":{"line":116,"column":5}},"29":{"start":{"line":115,"column":8},"end":{"line":115,"column":51}},"30":{"start":{"line":123,"column":4},"end":{"line":125,"column":5}},"31":{"start":{"line":124,"column":8},"end":{"line":124,"column":51}},"32":{"start":{"line":131,"column":4},"end":{"line":133,"column":5}},"33":{"start":{"line":132,"column":8},"end":{"line":132,"column":48}},"34":{"start":{"line":139,"column":4},"end":{"line":141,"column":5}},"35":{"start":{"line":140,"column":8},"end":{"line":140,"column":39}},"36":{"start":{"line":147,"column":4},"end":{"line":149,"column":5}},"37":{"start":{"line":148,"column":8},"end":{"line":148,"column":46}},"38":{"start":{"line":158,"column":4},"end":{"line":160,"column":5}},"39":{"start":{"line":159,"column":8},"end":{"line":159,"column":56}},"40":{"start":{"line":166,"column":4},"end":{"line":168,"column":5}},"41":{"start":{"line":167,"column":8},"end":{"line":167,"column":50}},"42":{"start":{"line":176,"column":4},"end":{"line":181,"column":5}},"43":{"start":{"line":177,"column":20},"end":{"line":177,"column":47}},"44":{"start":{"line":178,"column":8},"end":{"line":180,"column":9}},"45":{"start":{"line":179,"column":12},"end":{"line":179,"column":33}},"46":{"start":{"line":184,"column":4},"end":{"line":186,"column":5}},"47":{"start":{"line":185,"column":8},"end":{"line":185,"column":44}},"48":{"start":{"line":188,"column":4},"end":{"line":190,"column":5}},"49":{"start":{"line":189,"column":8},"end":{"line":189,"column":58}},"50":{"start":{"line":199,"column":4},"end":{"line":215,"column":5}},"51":{"start":{"line":200,"column":21},"end":{"line":200,"column":35}},"52":{"start":{"line":201,"column":21},"end":{"line":201,"column":70}},"53":{"start":{"line":202,"column":8},"end":{"line":213,"column":9}},"54":{"start":{"line":203,"column":31},"end":{"line":211,"column":14}},"55":{"start":{"line":204,"column":36},"end":{"line":204,"column":57}},"56":{"start":{"line":205,"column":16},"end":{"line":209,"column":19}},"57":{"start":{"line":210,"column":16},"end":{"line":210,"column":35}},"58":{"start":{"line":212,"column":12},"end":{"line":212,"column":42}},"59":{"start":{"line":214,"column":8},"end":{"line":214,"column":15}},"60":{"start":{"line":224,"column":4},"end":{"line":240,"column":5}},"61":{"start":{"line":225,"column":21},"end":{"line":225,"column":35}},"62":{"start":{"line":226,"column":21},"end":{"line":226,"column":70}},"63":{"start":{"line":227,"column":8},"end":{"line":238,"column":9}},"64":{"start":{"line":228,"column":29},"end":{"line":236,"column":14}},"65":{"start":{"line":229,"column":36},"end":{"line":229,"column":55}},"66":{"start":{"line":230,"column":16},"end":{"line":234,"column":19}},"67":{"start":{"line":235,"column":16},"end":{"line":235,"column":35}},"68":{"start":{"line":237,"column":12},"end":{"line":237,"column":40}},"69":{"start":{"line":239,"column":8},"end":{"line":239,"column":15}},"70":{"start":{"line":247,"column":4},"end":{"line":249,"column":5}},"71":{"start":{"line":248,"column":8},"end":{"line":248,"column":49}},"72":{"start":{"line":257,"column":4},"end":{"line":259,"column":5}},"73":{"start":{"line":258,"column":8},"end":{"line":258,"column":48}},"74":{"start":{"line":264,"column":4},"end":{"line":266,"column":5}},"75":{"start":{"line":265,"column":8},"end":{"line":265,"column":43}},"76":{"start":{"line":272,"column":4},"end":{"line":274,"column":5}},"77":{"start":{"line":273,"column":8},"end":{"line":273,"column":42}},"78":{"start":{"line":282,"column":4},"end":{"line":284,"column":5}},"79":{"start":{"line":283,"column":8},"end":{"line":283,"column":53}},"80":{"start":{"line":291,"column":4},"end":{"line":295,"column":5}},"81":{"start":{"line":292,"column":8},"end":{"line":294,"column":11}},"82":{"start":{"line":293,"column":18},"end":{"line":293,"column":31}},"83":{"start":{"line":301,"column":4},"end":{"line":303,"column":5}},"84":{"start":{"line":302,"column":8},"end":{"line":302,"column":42}},"85":{"start":{"line":311,"column":4},"end":{"line":327,"column":5}},"86":{"start":{"line":312,"column":30},"end":{"line":312,"column":61}},"87":{"start":{"line":313,"column":31},"end":{"line":313,"column":70}},"88":{"start":{"line":315,"column":27},"end":{"line":315,"column":32}},"89":{"start":{"line":317,"column":8},"end":{"line":325,"column":10}},"90":{"start":{"line":318,"column":12},"end":{"line":320,"column":13}},"91":{"start":{"line":319,"column":16},"end":{"line":319,"column":52}},"92":{"start":{"line":321,"column":12},"end":{"line":324,"column":13}},"93":{"start":{"line":322,"column":16},"end":{"line":322,"column":45}},"94":{"start":{"line":323,"column":16},"end":{"line":323,"column":52}},"95":{"start":{"line":326,"column":8},"end":{"line":326,"column":56}},"96":{"start":{"line":336,"column":4},"end":{"line":339,"column":5}},"97":{"start":{"line":337,"column":8},"end":{"line":337,"column":40}},"98":{"start":{"line":338,"column":8},"end":{"line":338,"column":57}},"99":{"start":{"line":338,"column":36},"end":{"line":338,"column":57}},"100":{"start":{"line":348,"column":4},"end":{"line":354,"column":5}},"101":{"start":{"line":349,"column":8},"end":{"line":349,"column":58}},"102":{"start":{"line":350,"column":8},"end":{"line":350,"column":56}},"103":{"start":{"line":351,"column":8},"end":{"line":353,"column":9}},"104":{"start":{"line":352,"column":12},"end":{"line":352,"column":33}},"105":{"start":{"line":363,"column":4},"end":{"line":383,"column":5}},"106":{"start":{"line":364,"column":21},"end":{"line":364,"column":49}},"107":{"start":{"line":365,"column":8},"end":{"line":382,"column":9}},"108":{"start":{"line":366,"column":26},"end":{"line":366,"column":31}},"109":{"start":{"line":367,"column":12},"end":{"line":370,"column":13}},"110":{"start":{"line":368,"column":16},"end":{"line":368,"column":44}},"111":{"start":{"line":369,"column":16},"end":{"line":369,"column":31}},"112":{"start":{"line":371,"column":12},"end":{"line":374,"column":13}},"113":{"start":{"line":372,"column":16},"end":{"line":372,"column":48}},"114":{"start":{"line":373,"column":16},"end":{"line":373,"column":31}},"115":{"start":{"line":375,"column":12},"end":{"line":378,"column":13}},"116":{"start":{"line":376,"column":16},"end":{"line":376,"column":56}},"117":{"start":{"line":377,"column":16},"end":{"line":377,"column":31}},"118":{"start":{"line":379,"column":12},"end":{"line":381,"column":13}},"119":{"start":{"line":380,"column":16},"end":{"line":380,"column":37}},"120":{"start":{"line":392,"column":4},"end":{"line":401,"column":5}},"121":{"start":{"line":393,"column":21},"end":{"line":393,"column":49}},"122":{"start":{"line":394,"column":8},"end":{"line":400,"column":9}},"123":{"start":{"line":395,"column":29},"end":{"line":395,"column":41}},"124":{"start":{"line":396,"column":12},"end":{"line":396,"column":38}},"125":{"start":{"line":397,"column":12},"end":{"line":399,"column":13}},"126":{"start":{"line":398,"column":16},"end":{"line":398,"column":64}},"127":{"start":{"line":411,"column":4},"end":{"line":415,"column":5}},"128":{"start":{"line":412,"column":8},"end":{"line":414,"column":11}},"129":{"start":{"line":413,"column":12},"end":{"line":413,"column":47}},"130":{"start":{"line":425,"column":12},"end":{"line":434,"column":5}},"131":{"start":{"line":426,"column":8},"end":{"line":432,"column":10}},"132":{"start":{"line":427,"column":12},"end":{"line":431,"column":52}},"133":{"start":{"line":444,"column":12},"end":{"line":450,"column":5}},"134":{"start":{"line":445,"column":28},"end":{"line":445,"column":29}},"135":{"start":{"line":446,"column":8},"end":{"line":448,"column":10}},"136":{"start":{"line":447,"column":12},"end":{"line":447,"column":63}},"137":{"start":{"line":449,"column":8},"end":{"line":449,"column":29}},"138":{"start":{"line":458,"column":12},"end":{"line":472,"column":5}},"139":{"start":{"line":459,"column":26},"end":{"line":459,"column":76}},"140":{"start":{"line":459,"column":53},"end":{"line":459,"column":75}},"141":{"start":{"line":460,"column":8},"end":{"line":460,"column":70}},"142":{"start":{"line":460,"column":57},"end":{"line":460,"column":70}},"143":{"start":{"line":461,"column":8},"end":{"line":469,"column":9}},"144":{"start":{"line":468,"column":12},"end":{"line":468,"column":24}},"145":{"start":{"line":470,"column":8},"end":{"line":470,"column":21}},"146":{"start":{"line":485,"column":12},"end":{"line":507,"column":5}},"147":{"start":{"line":487,"column":30},"end":{"line":487,"column":55}},"148":{"start":{"line":488,"column":8},"end":{"line":488,"column":38}},"149":{"start":{"line":489,"column":8},"end":{"line":489,"column":57}},"150":{"start":{"line":491,"column":8},"end":{"line":506,"column":9}},"151":{"start":{"line":493,"column":27},"end":{"line":493,"column":58}},"152":{"start":{"line":494,"column":29},"end":{"line":494,"column":64}},"153":{"start":{"line":495,"column":12},"end":{"line":499,"column":13}},"154":{"start":{"line":496,"column":16},"end":{"line":496,"column":65}},"155":{"start":{"line":497,"column":16},"end":{"line":497,"column":34}},"156":{"start":{"line":498,"column":16},"end":{"line":498,"column":90}},"157":{"start":{"line":498,"column":71},"end":{"line":498,"column":90}},"158":{"start":{"line":501,"column":12},"end":{"line":505,"column":13}},"159":{"start":{"line":502,"column":35},"end":{"line":502,"column":64}},"160":{"start":{"line":503,"column":41},"end":{"line":503,"column":132}},"161":{"start":{"line":503,"column":97},"end":{"line":503,"column":131}},"162":{"start":{"line":504,"column":16},"end":{"line":504,"column":67}},"163":{"start":{"line":518,"column":12},"end":{"line":542,"column":5}},"164":{"start":{"line":520,"column":30},"end":{"line":520,"column":55}},"165":{"start":{"line":521,"column":8},"end":{"line":521,"column":38}},"166":{"start":{"line":522,"column":8},"end":{"line":522,"column":57}},"167":{"start":{"line":525,"column":8},"end":{"line":541,"column":9}},"168":{"start":{"line":527,"column":31},"end":{"line":527,"column":62}},"169":{"start":{"line":528,"column":29},"end":{"line":528,"column":68}},"170":{"start":{"line":529,"column":12},"end":{"line":533,"column":13}},"171":{"start":{"line":530,"column":16},"end":{"line":530,"column":69}},"172":{"start":{"line":531,"column":16},"end":{"line":531,"column":34}},"173":{"start":{"line":532,"column":16},"end":{"line":532,"column":75}},"174":{"start":{"line":532,"column":56},"end":{"line":532,"column":75}},"175":{"start":{"line":534,"column":12},"end":{"line":540,"column":13}},"176":{"start":{"line":535,"column":35},"end":{"line":535,"column":68}},"177":{"start":{"line":536,"column":41},"end":{"line":536,"column":128}},"178":{"start":{"line":536,"column":93},"end":{"line":536,"column":127}},"179":{"start":{"line":537,"column":16},"end":{"line":537,"column":41}},"180":{"start":{"line":538,"column":16},"end":{"line":538,"column":43}},"181":{"start":{"line":539,"column":16},"end":{"line":539,"column":67}},"182":{"start":{"line":544,"column":12},"end":{"line":550,"column":5}},"183":{"start":{"line":545,"column":22},"end":{"line":545,"column":56}},"184":{"start":{"line":546,"column":8},"end":{"line":546,"column":86}},"185":{"start":{"line":546,"column":33},"end":{"line":546,"column":86}},"186":{"start":{"line":547,"column":20},"end":{"line":547,"column":60}},"187":{"start":{"line":548,"column":8},"end":{"line":548,"column":78}},"188":{"start":{"line":548,"column":31},"end":{"line":548,"column":78}},"189":{"start":{"line":549,"column":8},"end":{"line":549,"column":139}},"190":{"start":{"line":549,"column":52},"end":{"line":549,"column":139}},"191":{"start":{"line":562,"column":4},"end":{"line":609,"column":5}},"192":{"start":{"line":562,"column":4},"end":{"line":609,"column":4}},"193":{"start":{"line":563,"column":8},"end":{"line":563,"column":57}},"194":{"start":{"line":564,"column":28},"end":{"line":564,"column":73}},"195":{"start":{"line":565,"column":30},"end":{"line":565,"column":64}},"196":{"start":{"line":566,"column":8},"end":{"line":580,"column":10}},"197":{"start":{"line":567,"column":24},"end":{"line":567,"column":65}},"198":{"start":{"line":568,"column":21},"end":{"line":568,"column":36}},"199":{"start":{"line":569,"column":12},"end":{"line":569,"column":31}},"200":{"start":{"line":569,"column":24},"end":{"line":569,"column":31}},"201":{"start":{"line":570,"column":30},"end":{"line":570,"column":80}},"202":{"start":{"line":570,"column":57},"end":{"line":570,"column":79}},"203":{"start":{"line":572,"column":12},"end":{"line":574,"column":13}},"204":{"start":{"line":573,"column":16},"end":{"line":573,"column":94}},"205":{"start":{"line":576,"column":12},"end":{"line":579,"column":13}},"206":{"start":{"line":577,"column":16},"end":{"line":577,"column":53}},"207":{"start":{"line":578,"column":16},"end":{"line":578,"column":56}},"208":{"start":{"line":581,"column":23},"end":{"line":581,"column":66}},"209":{"start":{"line":582,"column":17},"end":{"line":582,"column":35}},"210":{"start":{"line":583,"column":8},"end":{"line":583,"column":27}},"211":{"start":{"line":583,"column":20},"end":{"line":583,"column":27}},"212":{"start":{"line":584,"column":30},"end":{"line":584,"column":71}},"213":{"start":{"line":585,"column":32},"end":{"line":585,"column":123}},"214":{"start":{"line":587,"column":8},"end":{"line":607,"column":9}},"215":{"start":{"line":589,"column":41},"end":{"line":589,"column":102}},"216":{"start":{"line":590,"column":12},"end":{"line":600,"column":13}},"217":{"start":{"line":591,"column":40},"end":{"line":591,"column":67}},"218":{"start":{"line":593,"column":40},"end":{"line":593,"column":67}},"219":{"start":{"line":594,"column":46},"end":{"line":594,"column":73}},"220":{"start":{"line":595,"column":16},"end":{"line":599,"column":17}},"221":{"start":{"line":596,"column":20},"end":{"line":596,"column":117}},"222":{"start":{"line":598,"column":20},"end":{"line":598,"column":152}},"223":{"start":{"line":602,"column":36},"end":{"line":602,"column":65}},"224":{"start":{"line":603,"column":12},"end":{"line":606,"column":15}},"225":{"start":{"line":604,"column":16},"end":{"line":604,"column":53}},"226":{"start":{"line":605,"column":16},"end":{"line":605,"column":58}},"227":{"start":{"line":608,"column":8},"end":{"line":608,"column":30}},"228":{"start":{"line":614,"column":4},"end":{"line":621,"column":5}},"229":{"start":{"line":615,"column":8},"end":{"line":617,"column":10}},"230":{"start":{"line":616,"column":12},"end":{"line":616,"column":37}},"231":{"start":{"line":618,"column":8},"end":{"line":618,"column":56}},"232":{"start":{"line":619,"column":8},"end":{"line":619,"column":43}},"233":{"start":{"line":620,"column":8},"end":{"line":620,"column":34}},"234":{"start":{"line":629,"column":4},"end":{"line":639,"column":5}},"235":{"start":{"line":630,"column":8},"end":{"line":630,"column":32}},"236":{"start":{"line":631,"column":8},"end":{"line":637,"column":9}},"237":{"start":{"line":633,"column":12},"end":{"line":635,"column":15}},"238":{"start":{"line":634,"column":16},"end":{"line":634,"column":41}},"239":{"start":{"line":636,"column":12},"end":{"line":636,"column":86}},"240":{"start":{"line":636,"column":41},"end":{"line":636,"column":86}},"241":{"start":{"line":638,"column":8},"end":{"line":638,"column":89}},"242":{"start":{"line":638,"column":66},"end":{"line":638,"column":89}},"243":{"start":{"line":644,"column":4},"end":{"line":646,"column":5}},"244":{"start":{"line":645,"column":8},"end":{"line":645,"column":41}},"245":{"start":{"line":653,"column":4},"end":{"line":663,"column":5}},"246":{"start":{"line":654,"column":8},"end":{"line":654,"column":32}},"247":{"start":{"line":655,"column":8},"end":{"line":661,"column":9}},"248":{"start":{"line":657,"column":12},"end":{"line":659,"column":14}},"249":{"start":{"line":658,"column":16},"end":{"line":658,"column":41}},"250":{"start":{"line":660,"column":12},"end":{"line":660,"column":86}},"251":{"start":{"line":660,"column":41},"end":{"line":660,"column":86}},"252":{"start":{"line":662,"column":8},"end":{"line":662,"column":89}},"253":{"start":{"line":662,"column":66},"end":{"line":662,"column":89}},"254":{"start":{"line":668,"column":4},"end":{"line":670,"column":5}},"255":{"start":{"line":669,"column":8},"end":{"line":669,"column":41}},"256":{"start":{"line":676,"column":4},"end":{"line":679,"column":5}},"257":{"start":{"line":677,"column":8},"end":{"line":677,"column":41}},"258":{"start":{"line":678,"column":8},"end":{"line":678,"column":89}},"259":{"start":{"line":678,"column":66},"end":{"line":678,"column":89}},"260":{"start":{"line":684,"column":4},"end":{"line":686,"column":5}},"261":{"start":{"line":685,"column":8},"end":{"line":685,"column":56}},"262":{"start":{"line":695,"column":4},"end":{"line":707,"column":5}},"263":{"start":{"line":696,"column":22},"end":{"line":696,"column":62}},"264":{"start":{"line":697,"column":22},"end":{"line":697,"column":68}},"265":{"start":{"line":699,"column":8},"end":{"line":706,"column":9}},"266":{"start":{"line":700,"column":26},"end":{"line":700,"column":75}},"267":{"start":{"line":700,"column":53},"end":{"line":700,"column":74}},"268":{"start":{"line":701,"column":25},"end":{"line":701,"column":37}},"269":{"start":{"line":702,"column":12},"end":{"line":702,"column":85}},"270":{"start":{"line":702,"column":78},"end":{"line":702,"column":85}},"271":{"start":{"line":703,"column":12},"end":{"line":705,"column":13}},"272":{"start":{"line":704,"column":16},"end":{"line":704,"column":42}},"273":{"start":{"line":717,"column":4},"end":{"line":731,"column":5}},"274":{"start":{"line":719,"column":22},"end":{"line":719,"column":71}},"275":{"start":{"line":720,"column":8},"end":{"line":730,"column":9}},"276":{"start":{"line":721,"column":25},"end":{"line":721,"column":33}},"277":{"start":{"line":722,"column":12},"end":{"line":722,"column":62}},"278":{"start":{"line":722,"column":55},"end":{"line":722,"column":62}},"279":{"start":{"line":723,"column":29},"end":{"line":723,"column":37}},"280":{"start":{"line":724,"column":12},"end":{"line":726,"column":13}},"281":{"start":{"line":725,"column":16},"end":{"line":725,"column":85}},"282":{"start":{"line":727,"column":12},"end":{"line":729,"column":13}},"283":{"start":{"line":728,"column":16},"end":{"line":728,"column":38}},"284":{"start":{"line":736,"column":4},"end":{"line":741,"column":5}},"285":{"start":{"line":737,"column":24},"end":{"line":737,"column":50}},"286":{"start":{"line":738,"column":29},"end":{"line":738,"column":65}},"287":{"start":{"line":739,"column":8},"end":{"line":740,"column":26}},"288":{"start":{"line":739,"column":26},"end":{"line":739,"column":38}},"289":{"start":{"line":740,"column":13},"end":{"line":740,"column":26}},"290":{"start":{"line":746,"column":4},"end":{"line":762,"column":5}},"291":{"start":{"line":747,"column":34},"end":{"line":747,"column":69}},"292":{"start":{"line":748,"column":24},"end":{"line":748,"column":50}},"293":{"start":{"line":749,"column":33},"end":{"line":749,"column":77}},"294":{"start":{"line":749,"column":63},"end":{"line":749,"column":76}},"295":{"start":{"line":750,"column":8},"end":{"line":760,"column":9}},"296":{"start":{"line":751,"column":38},"end":{"line":751,"column":77}},"297":{"start":{"line":751,"column":63},"end":{"line":751,"column":76}},"298":{"start":{"line":752,"column":12},"end":{"line":754,"column":13}},"299":{"start":{"line":753,"column":16},"end":{"line":753,"column":43}},"300":{"start":{"line":755,"column":31},"end":{"line":755,"column":32}},"301":{"start":{"line":756,"column":12},"end":{"line":759,"column":13}},"302":{"start":{"line":757,"column":16},"end":{"line":757,"column":44}},"303":{"start":{"line":758,"column":16},"end":{"line":758,"column":31}},"304":{"start":{"line":761,"column":8},"end":{"line":761,"column":56}},"305":{"start":{"line":767,"column":4},"end":{"line":772,"column":5}},"306":{"start":{"line":768,"column":24},"end":{"line":768,"column":50}},"307":{"start":{"line":769,"column":30},"end":{"line":769,"column":49}},"308":{"start":{"line":770,"column":8},"end":{"line":771,"column":26}},"309":{"start":{"line":770,"column":27},"end":{"line":770,"column":39}},"310":{"start":{"line":771,"column":13},"end":{"line":771,"column":26}},"311":{"start":{"line":777,"column":4},"end":{"line":795,"column":5}},"312":{"start":{"line":778,"column":34},"end":{"line":778,"column":69}},"313":{"start":{"line":779,"column":24},"end":{"line":779,"column":50}},"314":{"start":{"line":780,"column":34},"end":{"line":780,"column":73}},"315":{"start":{"line":780,"column":59},"end":{"line":780,"column":72}},"316":{"start":{"line":781,"column":8},"end":{"line":793,"column":9}},"317":{"start":{"line":782,"column":37},"end":{"line":782,"column":81}},"318":{"start":{"line":782,"column":67},"end":{"line":782,"column":80}},"319":{"start":{"line":783,"column":12},"end":{"line":785,"column":13}},"320":{"start":{"line":784,"column":16},"end":{"line":784,"column":43}},"321":{"start":{"line":786,"column":31},"end":{"line":786,"column":32}},"322":{"start":{"line":787,"column":39},"end":{"line":787,"column":76}},"323":{"start":{"line":788,"column":12},"end":{"line":788,"column":67}},"324":{"start":{"line":788,"column":42},"end":{"line":788,"column":67}},"325":{"start":{"line":789,"column":12},"end":{"line":792,"column":13}},"326":{"start":{"line":790,"column":16},"end":{"line":790,"column":44}},"327":{"start":{"line":791,"column":16},"end":{"line":791,"column":31}},"328":{"start":{"line":794,"column":8},"end":{"line":794,"column":56}},"329":{"start":{"line":797,"column":4},"end":{"line":819,"column":5}},"330":{"start":{"line":798,"column":24},"end":{"line":798,"column":50}},"331":{"start":{"line":799,"column":41},"end":{"line":799,"column":43}},"332":{"start":{"line":801,"column":33},"end":{"line":801,"column":77}},"333":{"start":{"line":801,"column":63},"end":{"line":801,"column":76}},"334":{"start":{"line":802,"column":8},"end":{"line":810,"column":9}},"335":{"start":{"line":803,"column":12},"end":{"line":807,"column":13}},"336":{"start":{"line":804,"column":16},"end":{"line":804,"column":46}},"337":{"start":{"line":805,"column":16},"end":{"line":805,"column":33}},"338":{"start":{"line":806,"column":16},"end":{"line":806,"column":62}},"339":{"start":{"line":806,"column":42},"end":{"line":806,"column":62}},"340":{"start":{"line":809,"column":12},"end":{"line":809,"column":32}},"341":{"start":{"line":812,"column":34},"end":{"line":812,"column":73}},"342":{"start":{"line":812,"column":59},"end":{"line":812,"column":72}},"343":{"start":{"line":813,"column":8},"end":{"line":817,"column":9}},"344":{"start":{"line":814,"column":12},"end":{"line":814,"column":42}},"345":{"start":{"line":815,"column":12},"end":{"line":815,"column":29}},"346":{"start":{"line":816,"column":12},"end":{"line":816,"column":58}},"347":{"start":{"line":816,"column":38},"end":{"line":816,"column":58}},"348":{"start":{"line":818,"column":8},"end":{"line":818,"column":28}},"349":{"start":{"line":821,"column":4},"end":{"line":825,"column":5}},"350":{"start":{"line":822,"column":32},"end":{"line":822,"column":76}},"351":{"start":{"line":823,"column":8},"end":{"line":823,"column":59}},"352":{"start":{"line":823,"column":37},"end":{"line":823,"column":59}},"353":{"start":{"line":824,"column":8},"end":{"line":824,"column":33}},"354":{"start":{"line":827,"column":4},"end":{"line":840,"column":5}},"355":{"start":{"line":827,"column":4},"end":{"line":840,"column":4}},"356":{"start":{"line":828,"column":33},"end":{"line":828,"column":78}},"357":{"start":{"line":829,"column":34},"end":{"line":829,"column":69}},"358":{"start":{"line":830,"column":8},"end":{"line":838,"column":9}},"359":{"start":{"line":831,"column":39},"end":{"line":831,"column":70}},"360":{"start":{"line":832,"column":12},"end":{"line":834,"column":13}},"361":{"start":{"line":833,"column":16},"end":{"line":833,"column":72}},"362":{"start":{"line":835,"column":15},"end":{"line":838,"column":9}},"363":{"start":{"line":836,"column":33},"end":{"line":836,"column":86}},"364":{"start":{"line":837,"column":12},"end":{"line":837,"column":105}},"365":{"start":{"line":837,"column":41},"end":{"line":837,"column":105}},"366":{"start":{"line":837,"column":69},"end":{"line":837,"column":103}},"367":{"start":{"line":839,"column":8},"end":{"line":839,"column":44}},"368":{"start":{"line":847,"column":4},"end":{"line":858,"column":5}},"369":{"start":{"line":848,"column":8},"end":{"line":857,"column":9}},"370":{"start":{"line":848,"column":22},"end":{"line":848,"column":21}},"371":{"start":{"line":849,"column":12},"end":{"line":849,"column":76}},"372":{"start":{"line":850,"column":12},"end":{"line":850,"column":64}},"373":{"start":{"line":851,"column":12},"end":{"line":856,"column":13}},"374":{"start":{"line":851,"column":28},"end":{"line":851,"column":27}},"375":{"start":{"line":852,"column":16},"end":{"line":855,"column":17}},"376":{"start":{"line":852,"column":31},"end":{"line":852,"column":30}},"377":{"start":{"line":853,"column":20},"end":{"line":853,"column":78}},"378":{"start":{"line":854,"column":20},"end":{"line":854,"column":74}},"379":{"start":{"line":859,"column":0},"end":{"line":859,"column":1}}},"fnMap":{"0":{"name":"(anonymous_0)","decl":{"start":{"line":15,"column":0},"end":{"line":null,"column":-1}},"loc":{"start":{"line":15,"column":0},"end":{"line":15,"column":-1}}},"1":{"name":"AgendaViewModel","decl":{"start":{"line":29,"column":4},"end":{"line":29,"column":15}},"loc":{"start":{"line":29,"column":81},"end":{"line":33,"column":5}}},"2":{"name":"(anonymous_2)","decl":{"start":{"line":32,"column":60},"end":{"line":32,"column":65}},"loc":{"start":{"line":32,"column":60},"end":{"line":32,"column":98}}},"3":{"name":"(anonymous_3)","decl":{"start":{"line":41,"column":4},"end":{"line":41,"column":11}},"loc":{"start":{"line":41,"column":29},"end":{"line":45,"column":5}}},"4":{"name":"(anonymous_4)","decl":{"start":{"line":52,"column":4},"end":{"line":null,"column":-1}},"loc":{"start":{"line":52,"column":4},"end":{"line":56,"column":5}}},"5":{"name":"(anonymous_5)","decl":{"start":{"line":58,"column":4},"end":{"line":58,"column":28}},"loc":{"start":{"line":58,"column":46},"end":{"line":67,"column":5}}},"6":{"name":"(anonymous_6)","decl":{"start":{"line":59,"column":26},"end":{"line":59,"column":25}},"loc":{"start":{"line":59,"column":29},"end":{"line":65,"column":9}}},"7":{"name":"(anonymous_7)","decl":{"start":{"line":60,"column":31},"end":{"line":60,"column":30}},"loc":{"start":{"line":60,"column":36},"end":{"line":64,"column":13}}},"8":{"name":"(anonymous_8)","decl":{"start":{"line":61,"column":36},"end":{"line":61,"column":35}},"loc":{"start":{"line":61,"column":40},"end":{"line":63,"column":17}}},"9":{"name":"(anonymous_9)","decl":{"start":{"line":75,"column":4},"end":{"line":null,"column":-1}},"loc":{"start":{"line":75,"column":4},"end":{"line":77,"column":5}}},"10":{"name":"(anonymous_10)","decl":{"start":{"line":84,"column":4},"end":{"line":84,"column":17}},"loc":{"start":{"line":84,"column":35},"end":{"line":86,"column":5}}},"11":{"name":"(anonymous_11)","decl":{"start":{"line":94,"column":4},"end":{"line":null,"column":-1}},"loc":{"start":{"line":94,"column":4},"end":{"line":96,"column":5}}},"12":{"name":"(anonymous_12)","decl":{"start":{"line":104,"column":4},"end":{"line":null,"column":-1}},"loc":{"start":{"line":104,"column":4},"end":{"line":106,"column":5}}},"13":{"name":"(anonymous_13)","decl":{"start":{"line":114,"column":4},"end":{"line":null,"column":-1}},"loc":{"start":{"line":114,"column":4},"end":{"line":116,"column":5}}},"14":{"name":"(anonymous_14)","decl":{"start":{"line":123,"column":4},"end":{"line":null,"column":-1}},"loc":{"start":{"line":123,"column":4},"end":{"line":125,"column":5}}},"15":{"name":"(anonymous_15)","decl":{"start":{"line":131,"column":4},"end":{"line":131,"column":11}},"loc":{"start":{"line":131,"column":43},"end":{"line":133,"column":5}}},"16":{"name":"(anonymous_16)","decl":{"start":{"line":139,"column":4},"end":{"line":139,"column":13}},"loc":{"start":{"line":139,"column":24},"end":{"line":141,"column":5}}},"17":{"name":"(anonymous_17)","decl":{"start":{"line":147,"column":4},"end":{"line":147,"column":10}},"loc":{"start":{"line":147,"column":24},"end":{"line":149,"column":5}}},"18":{"name":"(anonymous_18)","decl":{"start":{"line":158,"column":4},"end":{"line":158,"column":18}},"loc":{"start":{"line":158,"column":34},"end":{"line":160,"column":5}}},"19":{"name":"(anonymous_19)","decl":{"start":{"line":166,"column":4},"end":{"line":166,"column":17}},"loc":{"start":{"line":166,"column":28},"end":{"line":168,"column":5}}},"20":{"name":"(anonymous_20)","decl":{"start":{"line":176,"column":4},"end":{"line":176,"column":18}},"loc":{"start":{"line":176,"column":45},"end":{"line":181,"column":5}}},"21":{"name":"(anonymous_21)","decl":{"start":{"line":184,"column":4},"end":{"line":184,"column":11}},"loc":{"start":{"line":184,"column":22},"end":{"line":186,"column":5}}},"22":{"name":"(anonymous_22)","decl":{"start":{"line":188,"column":4},"end":{"line":188,"column":12}},"loc":{"start":{"line":188,"column":72},"end":{"line":190,"column":5}}},"23":{"name":"(anonymous_23)","decl":{"start":{"line":199,"column":4},"end":{"line":199,"column":24}},"loc":{"start":{"line":199,"column":43},"end":{"line":215,"column":5}}},"24":{"name":"(anonymous_24)","decl":{"start":{"line":203,"column":40},"end":{"line":203,"column":39}},"loc":{"start":{"line":203,"column":43},"end":{"line":211,"column":13}}},"25":{"name":"(anonymous_25)","decl":{"start":{"line":224,"column":4},"end":{"line":224,"column":22}},"loc":{"start":{"line":224,"column":41},"end":{"line":240,"column":5}}},"26":{"name":"(anonymous_26)","decl":{"start":{"line":228,"column":38},"end":{"line":228,"column":37}},"loc":{"start":{"line":228,"column":41},"end":{"line":236,"column":13}}},"27":{"name":"(anonymous_27)","decl":{"start":{"line":247,"column":4},"end":{"line":null,"column":-1}},"loc":{"start":{"line":247,"column":4},"end":{"line":249,"column":5}}},"28":{"name":"(anonymous_28)","decl":{"start":{"line":257,"column":4},"end":{"line":257,"column":23}},"loc":{"start":{"line":257,"column":37},"end":{"line":259,"column":5}}},"29":{"name":"(anonymous_29)","decl":{"start":{"line":264,"column":4},"end":{"line":null,"column":-1}},"loc":{"start":{"line":264,"column":4},"end":{"line":266,"column":5}}},"30":{"name":"(anonymous_30)","decl":{"start":{"line":272,"column":4},"end":{"line":272,"column":17}},"loc":{"start":{"line":272,"column":31},"end":{"line":274,"column":5}}},"31":{"name":"(anonymous_31)","decl":{"start":{"line":282,"column":4},"end":{"line":282,"column":23}},"loc":{"start":{"line":282,"column":38},"end":{"line":284,"column":5}}},"32":{"name":"(anonymous_32)","decl":{"start":{"line":291,"column":4},"end":{"line":291,"column":27}},"loc":{"start":{"line":291,"column":42},"end":{"line":295,"column":5}}},"33":{"name":"(anonymous_33)","decl":{"start":{"line":293,"column":12},"end":{"line":293,"column":11}},"loc":{"start":{"line":293,"column":14},"end":{"line":293,"column":31}}},"34":{"name":"(anonymous_34)","decl":{"start":{"line":301,"column":4},"end":{"line":null,"column":-1}},"loc":{"start":{"line":301,"column":4},"end":{"line":303,"column":5}}},"35":{"name":"(anonymous_35)","decl":{"start":{"line":311,"column":4},"end":{"line":311,"column":24}},"loc":{"start":{"line":311,"column":39},"end":{"line":327,"column":5}}},"36":{"name":"(anonymous_36)","decl":{"start":{"line":317,"column":44},"end":{"line":317,"column":43}},"loc":{"start":{"line":317,"column":48},"end":{"line":325,"column":9}}},"37":{"name":"(anonymous_37)","decl":{"start":{"line":336,"column":4},"end":{"line":336,"column":14}},"loc":{"start":{"line":336,"column":58},"end":{"line":339,"column":5}}},"38":{"name":"(anonymous_38)","decl":{"start":{"line":348,"column":4},"end":{"line":348,"column":11}},"loc":{"start":{"line":348,"column":73},"end":{"line":354,"column":5}}},"39":{"name":"(anonymous_39)","decl":{"start":{"line":363,"column":4},"end":{"line":363,"column":14}},"loc":{"start":{"line":363,"column":128},"end":{"line":383,"column":5}}},"40":{"name":"(anonymous_40)","decl":{"start":{"line":392,"column":4},"end":{"line":392,"column":21}},"loc":{"start":{"line":392,"column":69},"end":{"line":401,"column":5}}},"41":{"name":"(anonymous_41)","decl":{"start":{"line":411,"column":4},"end":{"line":411,"column":19}},"loc":{"start":{"line":411,"column":60},"end":{"line":415,"column":5}}},"42":{"name":"(anonymous_42)","decl":{"start":{"line":412,"column":22},"end":{"line":412,"column":21}},"loc":{"start":{"line":412,"column":29},"end":{"line":414,"column":9}}},"43":{"name":"(anonymous_43)","decl":{"start":{"line":425,"column":4},"end":{"line":425,"column":35}},"loc":{"start":{"line":425,"column":96},"end":{"line":434,"column":5}}},"44":{"name":"(anonymous_44)","decl":{"start":{"line":426,"column":31},"end":{"line":426,"column":31}},"loc":{"start":{"line":426,"column":45},"end":{"line":432,"column":9}}},"45":{"name":"(anonymous_45)","decl":{"start":{"line":444,"column":4},"end":{"line":444,"column":28}},"loc":{"start":{"line":444,"column":47},"end":{"line":450,"column":5}}},"46":{"name":"(anonymous_46)","decl":{"start":{"line":446,"column":22},"end":{"line":446,"column":21}},"loc":{"start":{"line":446,"column":26},"end":{"line":448,"column":9}}},"47":{"name":"(anonymous_47)","decl":{"start":{"line":458,"column":4},"end":{"line":458,"column":34}},"loc":{"start":{"line":458,"column":97},"end":{"line":472,"column":5}}},"48":{"name":"(anonymous_48)","decl":{"start":{"line":459,"column":42},"end":{"line":459,"column":41}},"loc":{"start":{"line":459,"column":49},"end":{"line":459,"column":75}}},"49":{"name":"(anonymous_49)","decl":{"start":{"line":485,"column":4},"end":{"line":485,"column":27}},"loc":{"start":{"line":485,"column":135},"end":{"line":507,"column":5}}},"50":{"name":"(anonymous_50)","decl":{"start":{"line":503,"column":86},"end":{"line":503,"column":85}},"loc":{"start":{"line":503,"column":93},"end":{"line":503,"column":131}}},"51":{"name":"(anonymous_51)","decl":{"start":{"line":518,"column":4},"end":{"line":518,"column":28}},"loc":{"start":{"line":518,"column":136},"end":{"line":542,"column":5}}},"52":{"name":"(anonymous_52)","decl":{"start":{"line":536,"column":82},"end":{"line":536,"column":81}},"loc":{"start":{"line":536,"column":89},"end":{"line":536,"column":127}}},"53":{"name":"(anonymous_53)","decl":{"start":{"line":544,"column":4},"end":{"line":544,"column":36}},"loc":{"start":{"line":544,"column":70},"end":{"line":550,"column":5}}},"54":{"name":"(anonymous_54)","decl":{"start":{"line":562,"column":4},"end":{"line":562,"column":13}},"loc":{"start":{"line":562,"column":90},"end":{"line":609,"column":5}}},"55":{"name":"(anonymous_55)","decl":{"start":{"line":566,"column":28},"end":{"line":566,"column":27}},"loc":{"start":{"line":566,"column":32},"end":{"line":580,"column":9}}},"56":{"name":"(anonymous_56)","decl":{"start":{"line":570,"column":46},"end":{"line":570,"column":45}},"loc":{"start":{"line":570,"column":53},"end":{"line":570,"column":79}}},"57":{"name":"(anonymous_57)","decl":{"start":{"line":603,"column":32},"end":{"line":603,"column":31}},"loc":{"start":{"line":603,"column":36},"end":{"line":606,"column":13}}},"58":{"name":"(anonymous_58)","decl":{"start":{"line":614,"column":4},"end":{"line":null,"column":-1}},"loc":{"start":{"line":614,"column":4},"end":{"line":621,"column":5}}},"59":{"name":"(anonymous_59)","decl":{"start":{"line":615,"column":77},"end":{"line":615,"column":76}},"loc":{"start":{"line":615,"column":81},"end":{"line":617,"column":9}}},"60":{"name":"(anonymous_60)","decl":{"start":{"line":629,"column":4},"end":{"line":629,"column":8}},"loc":{"start":{"line":629,"column":72},"end":{"line":639,"column":5}}},"61":{"name":"(anonymous_61)","decl":{"start":{"line":633,"column":48},"end":{"line":633,"column":47}},"loc":{"start":{"line":633,"column":52},"end":{"line":635,"column":13}}},"62":{"name":"(anonymous_62)","decl":{"start":{"line":644,"column":4},"end":{"line":null,"column":-1}},"loc":{"start":{"line":644,"column":4},"end":{"line":646,"column":5}}},"63":{"name":"(anonymous_63)","decl":{"start":{"line":653,"column":4},"end":{"line":653,"column":8}},"loc":{"start":{"line":653,"column":72},"end":{"line":663,"column":5}}},"64":{"name":"(anonymous_64)","decl":{"start":{"line":657,"column":48},"end":{"line":657,"column":47}},"loc":{"start":{"line":657,"column":52},"end":{"line":659,"column":13}}},"65":{"name":"(anonymous_65)","decl":{"start":{"line":668,"column":4},"end":{"line":null,"column":-1}},"loc":{"start":{"line":668,"column":4},"end":{"line":670,"column":5}}},"66":{"name":"(anonymous_66)","decl":{"start":{"line":676,"column":4},"end":{"line":676,"column":17}},"loc":{"start":{"line":676,"column":54},"end":{"line":679,"column":5}}},"67":{"name":"(anonymous_67)","decl":{"start":{"line":684,"column":4},"end":{"line":null,"column":-1}},"loc":{"start":{"line":684,"column":4},"end":{"line":686,"column":5}}},"68":{"name":"(anonymous_68)","decl":{"start":{"line":695,"column":4},"end":{"line":695,"column":23}},"loc":{"start":{"line":695,"column":60},"end":{"line":707,"column":5}}},"69":{"name":"(anonymous_69)","decl":{"start":{"line":700,"column":42},"end":{"line":700,"column":41}},"loc":{"start":{"line":700,"column":49},"end":{"line":700,"column":74}}},"70":{"name":"(anonymous_70)","decl":{"start":{"line":717,"column":4},"end":{"line":717,"column":21}},"loc":{"start":{"line":717,"column":56},"end":{"line":731,"column":5}}},"71":{"name":"(anonymous_71)","decl":{"start":{"line":736,"column":4},"end":{"line":null,"column":-1}},"loc":{"start":{"line":736,"column":4},"end":{"line":741,"column":5}}},"72":{"name":"(anonymous_72)","decl":{"start":{"line":746,"column":4},"end":{"line":null,"column":-1}},"loc":{"start":{"line":746,"column":4},"end":{"line":762,"column":5}}},"73":{"name":"(anonymous_73)","decl":{"start":{"line":749,"column":56},"end":{"line":749,"column":55}},"loc":{"start":{"line":749,"column":59},"end":{"line":749,"column":76}}},"74":{"name":"(anonymous_74)","decl":{"start":{"line":751,"column":56},"end":{"line":751,"column":55}},"loc":{"start":{"line":751,"column":59},"end":{"line":751,"column":76}}},"75":{"name":"(anonymous_75)","decl":{"start":{"line":767,"column":4},"end":{"line":null,"column":-1}},"loc":{"start":{"line":767,"column":4},"end":{"line":772,"column":5}}},"76":{"name":"(anonymous_76)","decl":{"start":{"line":777,"column":4},"end":{"line":null,"column":-1}},"loc":{"start":{"line":777,"column":4},"end":{"line":795,"column":5}}},"77":{"name":"(anonymous_77)","decl":{"start":{"line":780,"column":52},"end":{"line":780,"column":51}},"loc":{"start":{"line":780,"column":55},"end":{"line":780,"column":72}}},"78":{"name":"(anonymous_78)","decl":{"start":{"line":782,"column":60},"end":{"line":782,"column":59}},"loc":{"start":{"line":782,"column":63},"end":{"line":782,"column":80}}},"79":{"name":"(anonymous_79)","decl":{"start":{"line":797,"column":4},"end":{"line":797,"column":19}},"loc":{"start":{"line":797,"column":42},"end":{"line":819,"column":5}}},"80":{"name":"(anonymous_80)","decl":{"start":{"line":801,"column":56},"end":{"line":801,"column":55}},"loc":{"start":{"line":801,"column":59},"end":{"line":801,"column":76}}},"81":{"name":"(anonymous_81)","decl":{"start":{"line":812,"column":52},"end":{"line":812,"column":51}},"loc":{"start":{"line":812,"column":55},"end":{"line":812,"column":72}}},"82":{"name":"(anonymous_82)","decl":{"start":{"line":821,"column":4},"end":{"line":null,"column":-1}},"loc":{"start":{"line":821,"column":4},"end":{"line":825,"column":5}}},"83":{"name":"(anonymous_83)","decl":{"start":{"line":827,"column":4},"end":{"line":null,"column":-1}},"loc":{"start":{"line":827,"column":4},"end":{"line":840,"column":5}}},"84":{"name":"(anonymous_84)","decl":{"start":{"line":837,"column":62},"end":{"line":837,"column":61}},"loc":{"start":{"line":837,"column":65},"end":{"line":837,"column":103}}},"85":{"name":"(anonymous_85)","decl":{"start":{"line":847,"column":4},"end":{"line":847,"column":21}},"loc":{"start":{"line":847,"column":42},"end":{"line":858,"column":5}}}},"branchMap":{"0":{"loc":{"start":{"line":32,"column":51},"end":{"line":32,"column":104}},"type":"cond-expr","locations":[{"start":{"line":32,"column":51},"end":{"line":32,"column":104}},{"start":{"line":32,"column":107},"end":{"line":32,"column":116}}]},"1":{"loc":{"start":{"line":178,"column":8},"end":{"line":180,"column":9}},"type":"if","locations":[{"start":{"line":178,"column":8},"end":{"line":180,"column":9}},{"start":{"line":178,"column":8},"end":{"line":180,"column":9}}]},"2":{"loc":{"start":{"line":201,"column":33},"end":{"line":201,"column":50}},"type":"cond-expr","locations":[{"start":{"line":201,"column":33},"end":{"line":201,"column":50}},{"start":{"line":201,"column":53},"end":{"line":201,"column":70}}]},"3":{"loc":{"start":{"line":202,"column":8},"end":{"line":213,"column":9}},"type":"if","locations":[{"start":{"line":202,"column":8},"end":{"line":213,"column":9}},{"start":{"line":202,"column":8},"end":{"line":213,"column":9}}]},"4":{"loc":{"start":{"line":226,"column":33},"end":{"line":226,"column":50}},"type":"cond-expr","locations":[{"start":{"line":226,"column":33},"end":{"line":226,"column":50}},{"start":{"line":226,"column":53},"end":{"line":226,"column":70}}]},"5":{"loc":{"start":{"line":227,"column":8},"end":{"line":238,"column":9}},"type":"if","locations":[{"start":{"line":227,"column":8},"end":{"line":238,"column":9}},{"start":{"line":227,"column":8},"end":{"line":238,"column":9}}]},"6":{"loc":{"start":{"line":318,"column":12},"end":{"line":320,"column":13}},"type":"if","locations":[{"start":{"line":318,"column":12},"end":{"line":320,"column":13}},{"start":{"line":318,"column":12},"end":{"line":320,"column":13}}]},"7":{"loc":{"start":{"line":321,"column":12},"end":{"line":324,"column":13}},"type":"if","locations":[{"start":{"line":321,"column":12},"end":{"line":324,"column":13}},{"start":{"line":321,"column":12},"end":{"line":324,"column":13}}]},"8":{"loc":{"start":{"line":321,"column":16},"end":{"line":321,"column":34}},"type":"binary-expr","locations":[{"start":{"line":321,"column":16},"end":{"line":321,"column":34}},{"start":{"line":321,"column":38},"end":{"line":321,"column":64}}]},"9":{"loc":{"start":{"line":338,"column":8},"end":{"line":338,"column":57}},"type":"if","locations":[{"start":{"line":338,"column":8},"end":{"line":338,"column":57}},{"start":{"line":338,"column":8},"end":{"line":338,"column":57}}]},"10":{"loc":{"start":{"line":351,"column":8},"end":{"line":353,"column":9}},"type":"if","locations":[{"start":{"line":351,"column":8},"end":{"line":353,"column":9}},{"start":{"line":351,"column":8},"end":{"line":353,"column":9}}]},"11":{"loc":{"start":{"line":365,"column":8},"end":{"line":382,"column":9}},"type":"if","locations":[{"start":{"line":365,"column":8},"end":{"line":382,"column":9}},{"start":{"line":365,"column":8},"end":{"line":382,"column":9}}]},"12":{"loc":{"start":{"line":367,"column":12},"end":{"line":370,"column":13}},"type":"if","locations":[{"start":{"line":367,"column":12},"end":{"line":370,"column":13}},{"start":{"line":367,"column":12},"end":{"line":370,"column":13}}]},"13":{"loc":{"start":{"line":367,"column":16},"end":{"line":367,"column":44}},"type":"binary-expr","locations":[{"start":{"line":367,"column":16},"end":{"line":367,"column":44}},{"start":{"line":367,"column":48},"end":{"line":367,"column":77}}]},"14":{"loc":{"start":{"line":371,"column":12},"end":{"line":374,"column":13}},"type":"if","locations":[{"start":{"line":371,"column":12},"end":{"line":374,"column":13}},{"start":{"line":371,"column":12},"end":{"line":374,"column":13}}]},"15":{"loc":{"start":{"line":371,"column":16},"end":{"line":371,"column":46}},"type":"binary-expr","locations":[{"start":{"line":371,"column":16},"end":{"line":371,"column":46}},{"start":{"line":371,"column":50},"end":{"line":371,"column":83}}]},"16":{"loc":{"start":{"line":375,"column":12},"end":{"line":378,"column":13}},"type":"if","locations":[{"start":{"line":375,"column":12},"end":{"line":378,"column":13}},{"start":{"line":375,"column":12},"end":{"line":378,"column":13}}]},"17":{"loc":{"start":{"line":375,"column":16},"end":{"line":375,"column":50}},"type":"binary-expr","locations":[{"start":{"line":375,"column":16},"end":{"line":375,"column":50}},{"start":{"line":375,"column":54},"end":{"line":375,"column":95}}]},"18":{"loc":{"start":{"line":379,"column":12},"end":{"line":381,"column":13}},"type":"if","locations":[{"start":{"line":379,"column":12},"end":{"line":381,"column":13}},{"start":{"line":379,"column":12},"end":{"line":381,"column":13}}]},"19":{"loc":{"start":{"line":379,"column":16},"end":{"line":379,"column":38}},"type":"binary-expr","locations":[{"start":{"line":379,"column":16},"end":{"line":379,"column":38}},{"start":{"line":379,"column":42},"end":{"line":379,"column":49}}]},"20":{"loc":{"start":{"line":394,"column":8},"end":{"line":400,"column":9}},"type":"if","locations":[{"start":{"line":394,"column":8},"end":{"line":400,"column":9}},{"start":{"line":394,"column":8},"end":{"line":400,"column":9}}]},"21":{"loc":{"start":{"line":397,"column":12},"end":{"line":399,"column":13}},"type":"if","locations":[{"start":{"line":397,"column":12},"end":{"line":399,"column":13}},{"start":{"line":397,"column":12},"end":{"line":399,"column":13}}]},"22":{"loc":{"start":{"line":397,"column":16},"end":{"line":397,"column":51}},"type":"binary-expr","locations":[{"start":{"line":397,"column":16},"end":{"line":397,"column":51}},{"start":{"line":397,"column":55},"end":{"line":397,"column":88}},{"start":{"line":397,"column":92},"end":{"line":397,"column":124}}]},"23":{"loc":{"start":{"line":427,"column":21},"end":{"line":427,"column":60}},"type":"binary-expr","locations":[{"start":{"line":427,"column":21},"end":{"line":427,"column":60}},{"start":{"line":427,"column":64},"end":{"line":427,"column":96}},{"start":{"line":428,"column":16},"end":{"line":428,"column":47}},{"start":{"line":428,"column":51},"end":{"line":428,"column":87}},{"start":{"line":429,"column":16},"end":{"line":429,"column":55}},{"start":{"line":429,"column":59},"end":{"line":429,"column":91}},{"start":{"line":430,"column":16},"end":{"line":430,"column":47}},{"start":{"line":430,"column":51},"end":{"line":430,"column":87}},{"start":{"line":431,"column":17},"end":{"line":431,"column":52}}]},"24":{"loc":{"start":{"line":460,"column":8},"end":{"line":460,"column":70}},"type":"if","locations":[{"start":{"line":460,"column":8},"end":{"line":460,"column":70}},{"start":{"line":460,"column":8},"end":{"line":460,"column":70}}]},"25":{"loc":{"start":{"line":460,"column":12},"end":{"line":460,"column":35}},"type":"binary-expr","locations":[{"start":{"line":460,"column":12},"end":{"line":460,"column":35}},{"start":{"line":460,"column":39},"end":{"line":460,"column":55}}]},"26":{"loc":{"start":{"line":461,"column":8},"end":{"line":469,"column":9}},"type":"if","locations":[{"start":{"line":461,"column":8},"end":{"line":469,"column":9}},{"start":{"line":461,"column":8},"end":{"line":469,"column":9}}]},"27":{"loc":{"start":{"line":461,"column":12},"end":{"line":461,"column":40}},"type":"binary-expr","locations":[{"start":{"line":461,"column":12},"end":{"line":461,"column":40}},{"start":{"line":462,"column":12},"end":{"line":462,"column":55}},{"start":{"line":463,"column":12},"end":{"line":463,"column":62}},{"start":{"line":464,"column":12},"end":{"line":464,"column":30}},{"start":{"line":465,"column":12},"end":{"line":465,"column":55}},{"start":{"line":466,"column":12},"end":{"line":466,"column":62}}]},"28":{"loc":{"start":{"line":491,"column":8},"end":{"line":506,"column":9}},"type":"if","locations":[{"start":{"line":491,"column":8},"end":{"line":506,"column":9}},{"start":{"line":491,"column":8},"end":{"line":506,"column":9}}]},"29":{"loc":{"start":{"line":495,"column":36},"end":{"line":495,"column":81}},"type":"binary-expr","locations":[{"start":{"line":495,"column":36},"end":{"line":495,"column":81}},{"start":{"line":495,"column":85},"end":{"line":495,"column":119}}]},"30":{"loc":{"start":{"line":498,"column":16},"end":{"line":498,"column":90}},"type":"if","locations":[{"start":{"line":498,"column":16},"end":{"line":498,"column":90}},{"start":{"line":498,"column":16},"end":{"line":498,"column":90}}]},"31":{"loc":{"start":{"line":501,"column":12},"end":{"line":505,"column":13}},"type":"if","locations":[{"start":{"line":501,"column":12},"end":{"line":505,"column":13}},{"start":{"line":501,"column":12},"end":{"line":505,"column":13}}]},"32":{"loc":{"start":{"line":501,"column":16},"end":{"line":501,"column":26}},"type":"binary-expr","locations":[{"start":{"line":501,"column":16},"end":{"line":501,"column":26}},{"start":{"line":501,"column":30},"end":{"line":501,"column":62}}]},"33":{"loc":{"start":{"line":525,"column":8},"end":{"line":541,"column":9}},"type":"if","locations":[{"start":{"line":525,"column":8},"end":{"line":541,"column":9}},{"start":{"line":525,"column":8},"end":{"line":541,"column":9}}]},"34":{"loc":{"start":{"line":529,"column":35},"end":{"line":529,"column":70}},"type":"binary-expr","locations":[{"start":{"line":529,"column":35},"end":{"line":529,"column":70}},{"start":{"line":529,"column":74},"end":{"line":529,"column":112}}]},"35":{"loc":{"start":{"line":532,"column":16},"end":{"line":532,"column":75}},"type":"if","locations":[{"start":{"line":532,"column":16},"end":{"line":532,"column":75}},{"start":{"line":532,"column":16},"end":{"line":532,"column":75}}]},"36":{"loc":{"start":{"line":534,"column":12},"end":{"line":540,"column":13}},"type":"if","locations":[{"start":{"line":534,"column":12},"end":{"line":540,"column":13}},{"start":{"line":534,"column":12},"end":{"line":540,"column":13}}]},"37":{"loc":{"start":{"line":534,"column":16},"end":{"line":534,"column":26}},"type":"binary-expr","locations":[{"start":{"line":534,"column":16},"end":{"line":534,"column":26}},{"start":{"line":534,"column":30},"end":{"line":534,"column":67}}]},"38":{"loc":{"start":{"line":546,"column":8},"end":{"line":546,"column":86}},"type":"if","locations":[{"start":{"line":546,"column":8},"end":{"line":546,"column":86}},{"start":{"line":546,"column":8},"end":{"line":546,"column":86}}]},"39":{"loc":{"start":{"line":548,"column":8},"end":{"line":548,"column":78}},"type":"if","locations":[{"start":{"line":548,"column":8},"end":{"line":548,"column":78}},{"start":{"line":548,"column":8},"end":{"line":548,"column":78}}]},"40":{"loc":{"start":{"line":549,"column":8},"end":{"line":549,"column":139}},"type":"if","locations":[{"start":{"line":549,"column":8},"end":{"line":549,"column":139}},{"start":{"line":549,"column":8},"end":{"line":549,"column":139}}]},"41":{"loc":{"start":{"line":568,"column":29},"end":{"line":568,"column":30}},"type":"cond-expr","locations":[{"start":{"line":568,"column":29},"end":{"line":568,"column":30}},{"start":{"line":568,"column":29},"end":{"line":568,"column":36}}]},"42":{"loc":{"start":{"line":568,"column":21},"end":{"line":568,"column":29}},"type":"binary-expr","locations":[{"start":{"line":568,"column":21},"end":{"line":568,"column":29}},{"start":{"line":568,"column":29},"end":{"line":568,"column":30}}]},"43":{"loc":{"start":{"line":569,"column":12},"end":{"line":569,"column":31}},"type":"if","locations":[{"start":{"line":569,"column":12},"end":{"line":569,"column":31}},{"start":{"line":569,"column":12},"end":{"line":569,"column":31}}]},"44":{"loc":{"start":{"line":572,"column":12},"end":{"line":574,"column":13}},"type":"if","locations":[{"start":{"line":572,"column":12},"end":{"line":574,"column":13}},{"start":{"line":572,"column":12},"end":{"line":574,"column":13}}]},"45":{"loc":{"start":{"line":572,"column":16},"end":{"line":572,"column":65}},"type":"binary-expr","locations":[{"start":{"line":572,"column":16},"end":{"line":572,"column":65}},{"start":{"line":572,"column":69},"end":{"line":572,"column":126}}]},"46":{"loc":{"start":{"line":572,"column":71},"end":{"line":572,"column":94}},"type":"binary-expr","locations":[{"start":{"line":572,"column":71},"end":{"line":572,"column":94}},{"start":{"line":572,"column":98},"end":{"line":572,"column":125}}]},"47":{"loc":{"start":{"line":576,"column":12},"end":{"line":579,"column":13}},"type":"if","locations":[{"start":{"line":576,"column":12},"end":{"line":579,"column":13}},{"start":{"line":576,"column":12},"end":{"line":579,"column":13}}]},"48":{"loc":{"start":{"line":576,"column":16},"end":{"line":576,"column":20}},"type":"binary-expr","locations":[{"start":{"line":576,"column":16},"end":{"line":576,"column":20}},{"start":{"line":576,"column":25},"end":{"line":576,"column":46}}]},"49":{"loc":{"start":{"line":576,"column":30},"end":{"line":576,"column":31}},"type":"cond-expr","locations":[{"start":{"line":576,"column":30},"end":{"line":576,"column":31}},{"start":{"line":576,"column":30},"end":{"line":576,"column":34}}]},"50":{"loc":{"start":{"line":576,"column":25},"end":{"line":576,"column":30}},"type":"binary-expr","locations":[{"start":{"line":576,"column":25},"end":{"line":576,"column":30}},{"start":{"line":576,"column":30},"end":{"line":576,"column":31}}]},"51":{"loc":{"start":{"line":582,"column":28},"end":{"line":582,"column":29}},"type":"cond-expr","locations":[{"start":{"line":582,"column":28},"end":{"line":582,"column":29}},{"start":{"line":582,"column":28},"end":{"line":582,"column":35}}]},"52":{"loc":{"start":{"line":582,"column":17},"end":{"line":582,"column":28}},"type":"binary-expr","locations":[{"start":{"line":582,"column":17},"end":{"line":582,"column":28}},{"start":{"line":582,"column":28},"end":{"line":582,"column":29}}]},"53":{"loc":{"start":{"line":583,"column":8},"end":{"line":583,"column":27}},"type":"if","locations":[{"start":{"line":583,"column":8},"end":{"line":583,"column":27}},{"start":{"line":583,"column":8},"end":{"line":583,"column":27}}]},"54":{"loc":{"start":{"line":587,"column":8},"end":{"line":607,"column":9}},"type":"if","locations":[{"start":{"line":587,"column":8},"end":{"line":607,"column":9}},{"start":{"line":587,"column":8},"end":{"line":607,"column":9}}]},"55":{"loc":{"start":{"line":587,"column":12},"end":{"line":587,"column":27}},"type":"binary-expr","locations":[{"start":{"line":587,"column":12},"end":{"line":587,"column":27}},{"start":{"line":587,"column":31},"end":{"line":587,"column":39}}]},"56":{"loc":{"start":{"line":590,"column":12},"end":{"line":600,"column":13}},"type":"if","locations":[{"start":{"line":590,"column":12},"end":{"line":600,"column":13}},{"start":{"line":590,"column":12},"end":{"line":600,"column":13}}]},"57":{"loc":{"start":{"line":595,"column":16},"end":{"line":599,"column":17}},"type":"if","locations":[{"start":{"line":595,"column":16},"end":{"line":599,"column":17}},{"start":{"line":595,"column":16},"end":{"line":599,"column":17}}]},"58":{"loc":{"start":{"line":595,"column":20},"end":{"line":595,"column":72}},"type":"binary-expr","locations":[{"start":{"line":595,"column":20},"end":{"line":595,"column":72}},{"start":{"line":595,"column":76},"end":{"line":595,"column":153}}]},"59":{"loc":{"start":{"line":608,"column":16},"end":{"line":608,"column":17}},"type":"cond-expr","locations":[{"start":{"line":608,"column":16},"end":{"line":608,"column":17}},{"start":{"line":608,"column":16},"end":{"line":608,"column":27}}]},"60":{"loc":{"start":{"line":608,"column":8},"end":{"line":608,"column":16}},"type":"binary-expr","locations":[{"start":{"line":608,"column":8},"end":{"line":608,"column":16}},{"start":{"line":608,"column":16},"end":{"line":608,"column":17}}]},"61":{"loc":{"start":{"line":631,"column":8},"end":{"line":637,"column":9}},"type":"if","locations":[{"start":{"line":631,"column":8},"end":{"line":637,"column":9}},{"start":{"line":631,"column":8},"end":{"line":637,"column":9}}]},"62":{"loc":{"start":{"line":636,"column":12},"end":{"line":636,"column":86}},"type":"if","locations":[{"start":{"line":636,"column":12},"end":{"line":636,"column":86}},{"start":{"line":636,"column":12},"end":{"line":636,"column":86}}]},"63":{"loc":{"start":{"line":638,"column":8},"end":{"line":638,"column":89}},"type":"if","locations":[{"start":{"line":638,"column":8},"end":{"line":638,"column":89}},{"start":{"line":638,"column":8},"end":{"line":638,"column":89}}]},"64":{"loc":{"start":{"line":638,"column":12},"end":{"line":638,"column":33}},"type":"binary-expr","locations":[{"start":{"line":638,"column":12},"end":{"line":638,"column":33}},{"start":{"line":638,"column":37},"end":{"line":638,"column":64}}]},"65":{"loc":{"start":{"line":655,"column":8},"end":{"line":661,"column":9}},"type":"if","locations":[{"start":{"line":655,"column":8},"end":{"line":661,"column":9}},{"start":{"line":655,"column":8},"end":{"line":661,"column":9}}]},"66":{"loc":{"start":{"line":660,"column":12},"end":{"line":660,"column":86}},"type":"if","locations":[{"start":{"line":660,"column":12},"end":{"line":660,"column":86}},{"start":{"line":660,"column":12},"end":{"line":660,"column":86}}]},"67":{"loc":{"start":{"line":662,"column":8},"end":{"line":662,"column":89}},"type":"if","locations":[{"start":{"line":662,"column":8},"end":{"line":662,"column":89}},{"start":{"line":662,"column":8},"end":{"line":662,"column":89}}]},"68":{"loc":{"start":{"line":662,"column":12},"end":{"line":662,"column":33}},"type":"binary-expr","locations":[{"start":{"line":662,"column":12},"end":{"line":662,"column":33}},{"start":{"line":662,"column":37},"end":{"line":662,"column":64}}]},"69":{"loc":{"start":{"line":678,"column":8},"end":{"line":678,"column":89}},"type":"if","locations":[{"start":{"line":678,"column":8},"end":{"line":678,"column":89}},{"start":{"line":678,"column":8},"end":{"line":678,"column":89}}]},"70":{"loc":{"start":{"line":678,"column":12},"end":{"line":678,"column":33}},"type":"binary-expr","locations":[{"start":{"line":678,"column":12},"end":{"line":678,"column":33}},{"start":{"line":678,"column":37},"end":{"line":678,"column":64}}]},"71":{"loc":{"start":{"line":697,"column":45},"end":{"line":697,"column":56}},"type":"cond-expr","locations":[{"start":{"line":697,"column":45},"end":{"line":697,"column":56}},{"start":{"line":697,"column":59},"end":{"line":697,"column":68}}]},"72":{"loc":{"start":{"line":697,"column":22},"end":{"line":697,"column":27}},"type":"binary-expr","locations":[{"start":{"line":697,"column":22},"end":{"line":697,"column":27}},{"start":{"line":697,"column":31},"end":{"line":697,"column":42}}]},"73":{"loc":{"start":{"line":699,"column":8},"end":{"line":706,"column":9}},"type":"if","locations":[{"start":{"line":699,"column":8},"end":{"line":706,"column":9}},{"start":{"line":699,"column":8},"end":{"line":706,"column":9}}]},"74":{"loc":{"start":{"line":702,"column":12},"end":{"line":702,"column":85}},"type":"if","locations":[{"start":{"line":702,"column":12},"end":{"line":702,"column":85}},{"start":{"line":702,"column":12},"end":{"line":702,"column":85}}]},"75":{"loc":{"start":{"line":702,"column":16},"end":{"line":702,"column":30}},"type":"binary-expr","locations":[{"start":{"line":702,"column":16},"end":{"line":702,"column":30}},{"start":{"line":702,"column":34},"end":{"line":702,"column":76}}]},"76":{"loc":{"start":{"line":703,"column":12},"end":{"line":705,"column":13}},"type":"if","locations":[{"start":{"line":703,"column":12},"end":{"line":705,"column":13}},{"start":{"line":703,"column":12},"end":{"line":705,"column":13}}]},"77":{"loc":{"start":{"line":703,"column":16},"end":{"line":703,"column":20}},"type":"binary-expr","locations":[{"start":{"line":703,"column":16},"end":{"line":703,"column":20}},{"start":{"line":703,"column":24},"end":{"line":703,"column":56}}]},"78":{"loc":{"start":{"line":720,"column":8},"end":{"line":730,"column":9}},"type":"if","locations":[{"start":{"line":720,"column":8},"end":{"line":730,"column":9}},{"start":{"line":720,"column":8},"end":{"line":730,"column":9}}]},"79":{"loc":{"start":{"line":722,"column":12},"end":{"line":722,"column":62}},"type":"if","locations":[{"start":{"line":722,"column":12},"end":{"line":722,"column":62}},{"start":{"line":722,"column":12},"end":{"line":722,"column":62}}]},"80":{"loc":{"start":{"line":724,"column":12},"end":{"line":726,"column":13}},"type":"if","locations":[{"start":{"line":724,"column":12},"end":{"line":726,"column":13}},{"start":{"line":724,"column":12},"end":{"line":726,"column":13}}]},"81":{"loc":{"start":{"line":724,"column":16},"end":{"line":724,"column":24}},"type":"binary-expr","locations":[{"start":{"line":724,"column":16},"end":{"line":724,"column":24}},{"start":{"line":724,"column":29},"end":{"line":724,"column":64}},{"start":{"line":724,"column":68},"end":{"line":724,"column":99}}]},"82":{"loc":{"start":{"line":727,"column":12},"end":{"line":729,"column":13}},"type":"if","locations":[{"start":{"line":727,"column":12},"end":{"line":729,"column":13}},{"start":{"line":727,"column":12},"end":{"line":729,"column":13}}]},"83":{"loc":{"start":{"line":739,"column":8},"end":{"line":740,"column":26}},"type":"if","locations":[{"start":{"line":739,"column":8},"end":{"line":740,"column":26}},{"start":{"line":739,"column":8},"end":{"line":740,"column":26}}]},"84":{"loc":{"start":{"line":750,"column":8},"end":{"line":760,"column":9}},"type":"if","locations":[{"start":{"line":750,"column":8},"end":{"line":760,"column":9}},{"start":{"line":750,"column":8},"end":{"line":760,"column":9}}]},"85":{"loc":{"start":{"line":750,"column":12},"end":{"line":750,"column":49}},"type":"binary-expr","locations":[{"start":{"line":750,"column":12},"end":{"line":750,"column":49}},{"start":{"line":750,"column":53},"end":{"line":750,"column":76}}]},"86":{"loc":{"start":{"line":756,"column":47},"end":{"line":756,"column":65}},"type":"binary-expr","locations":[{"start":{"line":756,"column":47},"end":{"line":756,"column":65}},{"start":{"line":756,"column":69},"end":{"line":756,"column":101}}]},"87":{"loc":{"start":{"line":770,"column":8},"end":{"line":771,"column":26}},"type":"if","locations":[{"start":{"line":770,"column":8},"end":{"line":771,"column":26}},{"start":{"line":770,"column":8},"end":{"line":771,"column":26}}]},"88":{"loc":{"start":{"line":781,"column":8},"end":{"line":793,"column":9}},"type":"if","locations":[{"start":{"line":781,"column":8},"end":{"line":793,"column":9}},{"start":{"line":781,"column":8},"end":{"line":793,"column":9}}]},"89":{"loc":{"start":{"line":788,"column":12},"end":{"line":788,"column":67}},"type":"if","locations":[{"start":{"line":788,"column":12},"end":{"line":788,"column":67}},{"start":{"line":788,"column":12},"end":{"line":788,"column":67}}]},"90":{"loc":{"start":{"line":789,"column":47},"end":{"line":789,"column":65}},"type":"binary-expr","locations":[{"start":{"line":789,"column":47},"end":{"line":789,"column":65}},{"start":{"line":789,"column":69},"end":{"line":789,"column":101}}]},"91":{"loc":{"start":{"line":802,"column":8},"end":{"line":810,"column":9}},"type":"if","locations":[{"start":{"line":802,"column":8},"end":{"line":810,"column":9}},{"start":{"line":802,"column":8},"end":{"line":810,"column":9}}]},"92":{"loc":{"start":{"line":806,"column":16},"end":{"line":806,"column":62}},"type":"if","locations":[{"start":{"line":806,"column":16},"end":{"line":806,"column":62}},{"start":{"line":806,"column":16},"end":{"line":806,"column":62}}]},"93":{"loc":{"start":{"line":816,"column":12},"end":{"line":816,"column":58}},"type":"if","locations":[{"start":{"line":816,"column":12},"end":{"line":816,"column":58}},{"start":{"line":816,"column":12},"end":{"line":816,"column":58}}]},"94":{"loc":{"start":{"line":823,"column":8},"end":{"line":823,"column":59}},"type":"if","locations":[{"start":{"line":823,"column":8},"end":{"line":823,"column":59}},{"start":{"line":823,"column":8},"end":{"line":823,"column":59}}]},"95":{"loc":{"start":{"line":830,"column":8},"end":{"line":838,"column":9}},"type":"if","locations":[{"start":{"line":830,"column":8},"end":{"line":838,"column":9}},{"start":{"line":830,"column":8},"end":{"line":838,"column":9}}]},"96":{"loc":{"start":{"line":835,"column":15},"end":{"line":838,"column":9}},"type":"if","locations":[{"start":{"line":835,"column":15},"end":{"line":838,"column":9}},{"start":{"line":835,"column":15},"end":{"line":838,"column":9}}]},"97":{"loc":{"start":{"line":837,"column":12},"end":{"line":837,"column":105}},"type":"if","locations":[{"start":{"line":837,"column":12},"end":{"line":837,"column":105}},{"start":{"line":837,"column":12},"end":{"line":837,"column":105}}]}},"s":{"0":1,"1":19,"2":19,"3":19,"4":19,"5":0,"6":1,"7":1,"8":1,"9":1,"10":1,"11":5,"12":5,"13":5,"14":1,"15":6,"16":18,"17":18,"18":60,"19":6,"20":1,"21":1,"22":1,"23":1,"24":1,"25":1,"26":1,"27":0,"28":1,"29":0,"30":1,"31":0,"32":1,"33":12,"34":1,"35":1,"36":1,"37":1,"38":1,"39":0,"40":1,"41":0,"42":1,"43":2,"44":2,"45":2,"46":1,"47":6,"48":1,"49":0,"50":1,"51":4,"52":4,"53":4,"54":4,"55":12,"56":12,"57":12,"58":4,"59":0,"60":1,"61":1,"62":1,"63":1,"64":1,"65":3,"66":3,"67":3,"68":1,"69":0,"70":1,"71":0,"72":1,"73":1,"74":1,"75":0,"76":1,"77":0,"78":1,"79":0,"80":1,"81":0,"82":0,"83":1,"84":0,"85":1,"86":3,"87":3,"88":3,"89":3,"90":30,"91":25,"92":30,"93":3,"94":3,"95":3,"96":1,"97":0,"98":0,"99":0,"100":1,"101":1,"102":1,"103":1,"104":1,"105":1,"106":3,"107":3,"108":3,"109":3,"110":1,"111":1,"112":3,"113":1,"114":1,"115":3,"116":1,"117":1,"118":3,"119":3,"120":1,"121":0,"122":0,"123":0,"124":0,"125":0,"126":0,"127":1,"128":1,"129":1,"130":1,"131":3,"132":8,"133":1,"134":3,"135":3,"136":3,"137":3,"138":1,"139":3,"140":9,"141":3,"142":0,"143":3,"144":0,"145":3,"146":1,"147":1,"148":1,"149":1,"150":1,"151":1,"152":1,"153":1,"154":0,"155":0,"156":0,"157":0,"158":1,"159":1,"160":1,"161":2,"162":1,"163":1,"164":0,"165":0,"166":0,"167":0,"168":0,"169":0,"170":0,"171":0,"172":0,"173":0,"174":0,"175":0,"176":0,"177":0,"178":0,"179":0,"180":0,"181":0,"182":1,"183":3,"184":3,"185":0,"186":3,"187":3,"188":0,"189":3,"190":0,"191":1,"192":3,"193":3,"194":3,"195":3,"196":3,"197":3,"198":3,"199":3,"200":0,"201":3,"202":9,"203":3,"204":0,"205":3,"206":1,"207":1,"208":3,"209":3,"210":3,"211":0,"212":3,"213":3,"214":3,"215":3,"216":3,"217":1,"218":1,"219":1,"220":1,"221":1,"222":0,"223":3,"224":3,"225":3,"226":3,"227":3,"228":1,"229":0,"230":0,"231":0,"232":0,"233":0,"234":1,"235":0,"236":0,"237":0,"238":0,"239":0,"240":0,"241":0,"242":0,"243":1,"244":0,"245":1,"246":0,"247":0,"248":0,"249":0,"250":0,"251":0,"252":0,"253":0,"254":1,"255":0,"256":1,"257":4,"258":4,"259":0,"260":1,"261":0,"262":1,"263":0,"264":0,"265":0,"266":0,"267":0,"268":0,"269":0,"270":0,"271":0,"272":0,"273":1,"274":0,"275":0,"276":0,"277":0,"278":0,"279":0,"280":0,"281":0,"282":0,"283":0,"284":1,"285":0,"286":0,"287":0,"288":0,"289":0,"290":1,"291":0,"292":0,"293":0,"294":0,"295":0,"296":0,"297":0,"298":0,"299":0,"300":0,"301":0,"302":0,"303":0,"304":0,"305":1,"306":0,"307":0,"308":0,"309":0,"310":0,"311":1,"312":0,"313":0,"314":0,"315":0,"316":0,"317":0,"318":0,"319":0,"320":0,"321":0,"322":0,"323":0,"324":0,"325":0,"326":0,"327":0,"328":0,"329":1,"330":1,"331":1,"332":1,"333":2,"334":1,"335":1,"336":1,"337":1,"338":1,"339":1,"340":0,"341":0,"342":0,"343":0,"344":0,"345":0,"346":0,"347":0,"348":0,"349":1,"350":0,"351":0,"352":0,"353":0,"354":1,"355":0,"356":0,"357":0,"358":0,"359":0,"360":0,"361":0,"362":0,"363":0,"364":0,"365":0,"366":0,"367":0,"368":1,"369":0,"370":0,"371":0,"372":0,"373":0,"374":0,"375":0,"376":0,"377":0,"378":0,"379":1},"f":{"0":1,"1":19,"2":0,"3":1,"4":5,"5":6,"6":18,"7":18,"8":60,"9":1,"10":1,"11":1,"12":0,"13":0,"14":0,"15":12,"16":1,"17":1,"18":0,"19":0,"20":2,"21":6,"22":0,"23":4,"24":12,"25":1,"26":3,"27":0,"28":1,"29":0,"30":0,"31":0,"32":0,"33":0,"34":0,"35":3,"36":30,"37":0,"38":1,"39":3,"40":0,"41":1,"42":1,"43":3,"44":8,"45":3,"46":3,"47":3,"48":9,"49":1,"50":2,"51":0,"52":0,"53":3,"54":3,"55":3,"56":9,"57":3,"58":0,"59":0,"60":0,"61":0,"62":0,"63":0,"64":0,"65":0,"66":4,"67":0,"68":0,"69":0,"70":0,"71":0,"72":0,"73":0,"74":0,"75":0,"76":0,"77":0,"78":0,"79":1,"80":2,"81":0,"82":0,"83":0,"84":0,"85":0},"b":{"0":[0,19],"1":[2,0],"2":[3,1],"3":[4,0],"4":[0,1],"5":[1,0],"6":[25,5],"7":[3,27],"8":[30,27],"9":[0,0],"10":[1,0],"11":[3,0],"12":[1,2],"13":[3,1],"14":[1,2],"15":[3,1],"16":[1,2],"17":[3,1],"18":[3,0],"19":[3,3],"20":[0,0],"21":[0,0],"22":[0,0,0],"23":[8,0,8,1,7,7,7,7,1],"24":[0,3],"25":[3,3],"26":[0,3],"27":[3,0,0,0,0,0],"28":[1,0],"29":[1,1],"30":[0,0],"31":[1,0],"32":[1,1],"33":[0,0],"34":[0,0],"35":[0,0],"36":[0,0],"37":[0,0],"38":[0,3],"39":[0,3],"40":[0,3],"41":[0,3],"42":[3,3],"43":[0,3],"44":[0,3],"45":[3,0],"46":[0,0],"47":[1,2],"48":[3,3],"49":[0,3],"50":[3,3],"51":[0,3],"52":[3,3],"53":[0,3],"54":[3,0],"55":[3,3],"56":[1,2],"57":[1,0],"58":[1,0],"59":[0,3],"60":[3,3],"61":[0,0],"62":[0,0],"63":[0,0],"64":[0,0],"65":[0,0],"66":[0,0],"67":[0,0],"68":[0,0],"69":[0,4],"70":[4,0],"71":[0,0],"72":[0,0],"73":[0,0],"74":[0,0],"75":[0,0],"76":[0,0],"77":[0,0],"78":[0,0],"79":[0,0],"80":[0,0],"81":[0,0,0],"82":[0,0],"83":[0,0],"84":[0,0],"85":[0,0],"86":[0,0],"87":[0,0],"88":[0,0],"89":[0,0],"90":[0,0],"91":[1,0],"92":[1,0],"93":[0,0],"94":[0,0],"95":[0,0],"96":[0,0],"97":[0,0]}}
,"/Users/i511786/Documents/ba_code/react-event-agenda_repos/react-event-agenda/src/models/AgendaModel.ts": {"path":"/Users/i511786/Documents/ba_code/react-event-agenda_repos/react-event-agenda/src/models/AgendaModel.ts","statementMap":{"0":{"start":{"line":17,"column":0},"end":{"line":72,"column":0}},"1":{"start":{"line":23,"column":8},"end":{"line":23,"column":26}},"2":{"start":{"line":24,"column":8},"end":{"line":24,"column":62}},"3":{"start":{"line":24,"column":43},"end":{"line":24,"column":60}},"4":{"start":{"line":32,"column":4},"end":{"line":34,"column":5}},"5":{"start":{"line":33,"column":8},"end":{"line":33,"column":24}},"6":{"start":{"line":41,"column":8},"end":{"line":41,"column":25}},"7":{"start":{"line":48,"column":4},"end":{"line":50,"column":5}},"8":{"start":{"line":49,"column":8},"end":{"line":49,"column":26}},"9":{"start":{"line":57,"column":8},"end":{"line":57,"column":27}},"10":{"start":{"line":61,"column":4},"end":{"line":66,"column":5}},"11":{"start":{"line":62,"column":8},"end":{"line":65,"column":9}},"12":{"start":{"line":64,"column":42},"end":{"line":64,"column":54}},"13":{"start":{"line":68,"column":11},"end":{"line":70,"column":5}},"14":{"start":{"line":69,"column":8},"end":{"line":69,"column":29}},"15":{"start":{"line":18,"column":16},"end":{"line":18,"column":36}},"16":{"start":{"line":19,"column":16},"end":{"line":19,"column":42}},"17":{"start":{"line":72,"column":0},"end":{"line":72,"column":1}}},"fnMap":{"0":{"name":"(anonymous_1)","decl":{"start":{"line":17,"column":0},"end":{"line":null,"column":-1}},"loc":{"start":{"line":17,"column":0},"end":{"line":17,"column":-1}}},"1":{"name":"Agenda","decl":{"start":{"line":22,"column":4},"end":{"line":22,"column":15}},"loc":{"start":{"line":22,"column":32},"end":{"line":25,"column":5}}},"2":{"name":"(anonymous_3)","decl":{"start":{"line":24,"column":34},"end":{"line":24,"column":34}},"loc":{"start":{"line":24,"column":38},"end":{"line":24,"column":60}}},"3":{"name":"(anonymous_4)","decl":{"start":{"line":32,"column":4},"end":{"line":null,"column":-1}},"loc":{"start":{"line":32,"column":4},"end":{"line":34,"column":5}}},"4":{"name":"(anonymous_5)","decl":{"start":{"line":40,"column":4},"end":{"line":40,"column":17}},"loc":{"start":{"line":40,"column":31},"end":{"line":42,"column":5}}},"5":{"name":"(anonymous_6)","decl":{"start":{"line":48,"column":4},"end":{"line":null,"column":-1}},"loc":{"start":{"line":48,"column":4},"end":{"line":50,"column":5}}},"6":{"name":"(anonymous_7)","decl":{"start":{"line":56,"column":4},"end":{"line":56,"column":19}},"loc":{"start":{"line":56,"column":37},"end":{"line":58,"column":5}}},"7":{"name":"(anonymous_8)","decl":{"start":{"line":61,"column":4},"end":{"line":null,"column":-1}},"loc":{"start":{"line":61,"column":4},"end":{"line":66,"column":5}}},"8":{"name":"(anonymous_9)","decl":{"start":{"line":64,"column":33},"end":{"line":64,"column":33}},"loc":{"start":{"line":64,"column":37},"end":{"line":64,"column":54}}},"9":{"name":"(anonymous_10)","decl":{"start":{"line":68,"column":4},"end":{"line":68,"column":19}},"loc":{"start":{"line":68,"column":36},"end":{"line":70,"column":5}}}},"branchMap":{},"s":{"0":1,"1":20,"2":20,"3":51,"4":1,"5":27,"6":0,"7":1,"8":78,"9":1,"10":1,"11":32,"12":87,"13":1,"14":20,"15":1,"16":1,"17":1},"f":{"0":1,"1":20,"2":51,"3":27,"4":0,"5":78,"6":1,"7":32,"8":87,"9":20},"b":{}}
,"/Users/i511786/Documents/ba_code/react-event-agenda_repos/react-event-agenda/src/models/AgendaStore.ts": {"path":"/Users/i511786/Documents/ba_code/react-event-agenda_repos/react-event-agenda/src/models/AgendaStore.ts","statementMap":{"0":{"start":{"line":9,"column":0},"end":{"line":240,"column":0}},"1":{"start":{"line":12,"column":16},"end":{"line":12,"column":46}},"2":{"start":{"line":13,"column":16},"end":{"line":13,"column":43}},"3":{"start":{"line":14,"column":16},"end":{"line":14,"column":42}},"4":{"start":{"line":16,"column":4},"end":{"line":16,"column":43}},"5":{"start":{"line":17,"column":4},"end":{"line":17,"column":25}},"6":{"start":{"line":25,"column":8},"end":{"line":25,"column":44}},"7":{"start":{"line":26,"column":8},"end":{"line":26,"column":29}},"8":{"start":{"line":29,"column":12},"end":{"line":39,"column":5}},"9":{"start":{"line":30,"column":22},"end":{"line":30,"column":44}},"10":{"start":{"line":31,"column":20},"end":{"line":31,"column":48}},"11":{"start":{"line":32,"column":8},"end":{"line":38,"column":9}},"12":{"start":{"line":33,"column":33},"end":{"line":33,"column":46}},"13":{"start":{"line":34,"column":12},"end":{"line":34,"column":134}},"14":{"start":{"line":35,"column":12},"end":{"line":35,"column":132}},"15":{"start":{"line":36,"column":26},"end":{"line":36,"column":37}},"16":{"start":{"line":37,"column":12},"end":{"line":37,"column":29}},"17":{"start":{"line":41,"column":12},"end":{"line":43,"column":5}},"18":{"start":{"line":42,"column":8},"end":{"line":42,"column":29}},"19":{"start":{"line":45,"column":12},"end":{"line":50,"column":5}},"20":{"start":{"line":46,"column":21},"end":{"line":46,"column":41}},"21":{"start":{"line":47,"column":8},"end":{"line":49,"column":9}},"22":{"start":{"line":48,"column":12},"end":{"line":48,"column":33}},"23":{"start":{"line":52,"column":4},"end":{"line":61,"column":5}},"24":{"start":{"line":53,"column":19},"end":{"line":53,"column":35}},"25":{"start":{"line":54,"column":8},"end":{"line":59,"column":9}},"26":{"start":{"line":55,"column":12},"end":{"line":58,"column":15}},"27":{"start":{"line":56,"column":33},"end":{"line":56,"column":82}},"28":{"start":{"line":57,"column":16},"end":{"line":57,"column":52}},"29":{"start":{"line":60,"column":8},"end":{"line":60,"column":20}},"30":{"start":{"line":64,"column":4},"end":{"line":66,"column":5}},"31":{"start":{"line":65,"column":8},"end":{"line":65,"column":61}},"32":{"start":{"line":65,"column":46},"end":{"line":65,"column":59}},"33":{"start":{"line":68,"column":12},"end":{"line":74,"column":5}},"34":{"start":{"line":69,"column":24},"end":{"line":69,"column":71}},"35":{"start":{"line":69,"column":57},"end":{"line":69,"column":70}},"36":{"start":{"line":70,"column":8},"end":{"line":73,"column":9}},"37":{"start":{"line":71,"column":12},"end":{"line":71,"column":39}},"38":{"start":{"line":72,"column":12},"end":{"line":72,"column":19}},"39":{"start":{"line":76,"column":12},"end":{"line":78,"column":5}},"40":{"start":{"line":77,"column":8},"end":{"line":77,"column":35}},"41":{"start":{"line":80,"column":4},"end":{"line":82,"column":5}},"42":{"start":{"line":81,"column":8},"end":{"line":81,"column":27}},"43":{"start":{"line":84,"column":4},"end":{"line":94,"column":5}},"44":{"start":{"line":85,"column":19},"end":{"line":85,"column":35}},"45":{"start":{"line":86,"column":8},"end":{"line":92,"column":9}},"46":{"start":{"line":87,"column":25},"end":{"line":87,"column":47}},"47":{"start":{"line":88,"column":48},"end":{"line":88,"column":99}},"48":{"start":{"line":88,"column":78},"end":{"line":88,"column":98}},"49":{"start":{"line":89,"column":12},"end":{"line":91,"column":13}},"50":{"start":{"line":90,"column":16},"end":{"line":90,"column":39}},"51":{"start":{"line":93,"column":8},"end":{"line":93,"column":25}},"52":{"start":{"line":96,"column":4},"end":{"line":106,"column":5}},"53":{"start":{"line":97,"column":19},"end":{"line":97,"column":35}},"54":{"start":{"line":98,"column":8},"end":{"line":104,"column":9}},"55":{"start":{"line":99,"column":25},"end":{"line":99,"column":47}},"56":{"start":{"line":100,"column":48},"end":{"line":100,"column":94}},"57":{"start":{"line":100,"column":78},"end":{"line":100,"column":93}},"58":{"start":{"line":101,"column":12},"end":{"line":103,"column":13}},"59":{"start":{"line":102,"column":16},"end":{"line":102,"column":34}},"60":{"start":{"line":105,"column":8},"end":{"line":105,"column":25}},"61":{"start":{"line":108,"column":4},"end":{"line":118,"column":5}},"62":{"start":{"line":109,"column":8},"end":{"line":116,"column":9}},"63":{"start":{"line":109,"column":22},"end":{"line":109,"column":21}},"64":{"start":{"line":110,"column":12},"end":{"line":115,"column":13}},"65":{"start":{"line":110,"column":28},"end":{"line":110,"column":27}},"66":{"start":{"line":111,"column":47},"end":{"line":111,"column":89}},"67":{"start":{"line":111,"column":74},"end":{"line":111,"column":88}},"68":{"start":{"line":112,"column":16},"end":{"line":114,"column":17}},"69":{"start":{"line":113,"column":20},"end":{"line":113,"column":33}},"70":{"start":{"line":117,"column":8},"end":{"line":117,"column":15}},"71":{"start":{"line":120,"column":4},"end":{"line":130,"column":5}},"72":{"start":{"line":121,"column":8},"end":{"line":128,"column":9}},"73":{"start":{"line":121,"column":22},"end":{"line":121,"column":21}},"74":{"start":{"line":122,"column":12},"end":{"line":127,"column":13}},"75":{"start":{"line":122,"column":28},"end":{"line":122,"column":27}},"76":{"start":{"line":123,"colu
[...]
,"/Users/i511786/Documents/ba_code/react-event-agenda_repos/react-event-agenda/src/models/ItemModel.ts": {"path":"/Users/i511786/Documents/ba_code/react-event-agenda_repos/react-event-agenda/src/models/ItemModel.ts","statementMap":{"0":{"start":{"line":5,"column":0},"end":{"line":8,"column":1}},"1":{"start":{"line":6,"column":4},"end":{"line":6,"column":11}},"2":{"start":{"line":7,"column":4},"end":{"line":7,"column":12}},"3":{"start":{"line":31,"column":0},"end":{"line":223,"column":0}},"4":{"start":{"line":38,"column":24},"end":{"line":38,"column":59}},"5":{"start":{"line":58,"column":8},"end":{"line":58,"column":27}},"6":{"start":{"line":59,"column":8},"end":{"line":59,"column":33}},"7":{"start":{"line":60,"column":8},"end":{"line":60,"column":37}},"8":{"start":{"line":61,"column":8},"end":{"line":61,"column":40}},"9":{"start":{"line":62,"column":8},"end":{"line":62,"column":36}},"10":{"start":{"line":63,"column":8},"end":{"line":63,"column":36}},"11":{"start":{"line":64,"column":8},"end":{"line":64,"column":45}},"12":{"start":{"line":44,"column":1},"end":{"line":46,"column":2}},"13":{"start":{"line":45,"column":2},"end":{"line":45,"column":23}},"14":{"start":{"line":53,"column":2},"end":{"line":53,"column":24}},"15":{"start":{"line":71,"column":6},"end":{"line":73,"column":5}},"16":{"start":{"line":72,"column":8},"end":{"line":72,"column":24}},"17":{"start":{"line":80,"column":8},"end":{"line":80,"column":25}},"18":{"start":{"line":87,"column":5},"end":{"line":89,"column":5}},"19":{"start":{"line":88,"column":8},"end":{"line":88,"column":27}},"20":{"start":{"line":96,"column":8},"end":{"line":96,"column":28}},"21":{"start":{"line":103,"column":6},"end":{"line":105,"column":5}},"22":{"start":{"line":104,"column":8},"end":{"line":104,"column":29}},"23":{"start":{"line":112,"column":8},"end":{"line":112,"column":30}},"24":{"start":{"line":119,"column":1},"end":{"line":121,"column":2}},"25":{"start":{"line":120,"column":2},"end":{"line":120,"column":27}},"26":{"start":{"line":128,"column":2},"end":{"line":128,"column":28}},"27":{"start":{"line":135,"column":6},"end":{"line":137,"column":5}},"28":{"start":{"line":136,"column":8},"end":{"line":136,"column":27}},"29":{"start":{"line":144,"column":8},"end":{"line":144,"column":28}},"30":{"start":{"line":151,"column":5},"end":{"line":153,"column":5}},"31":{"start":{"line":152,"column":8},"end":{"line":152,"column":25}},"32":{"start":{"line":160,"column":8},"end":{"line":160,"column":26}},"33":{"start":{"line":169,"column":11},"end":{"line":171,"column":5}},"34":{"start":{"line":170,"column":8},"end":{"line":170,"column":72}},"35":{"start":{"line":176,"column":11},"end":{"line":178,"column":5}},"36":{"start":{"line":177,"column":8},"end":{"line":177,"column":43}},"37":{"start":{"line":186,"column":11},"end":{"line":191,"column":5}},"38":{"start":{"line":187,"column":25},"end":{"line":187,"column":62}},"39":{"start":{"line":188,"column":23},"end":{"line":188,"column":58}},"40":{"start":{"line":189,"column":8},"end":{"line":189,"column":31}},"41":{"start":{"line":190,"column":8},"end":{"line":190,"column":27}},"42":{"start":{"line":200,"column":11},"end":{"line":204,"column":5}},"43":{"start":{"line":201,"column":25},"end":{"line":201,"column":43}},"44":{"start":{"line":202,"column":8},"end":{"line":202,"column":39}},"45":{"start":{"line":203,"column":8},"end":{"line":203,"column":51}},"46":{"start":{"line":208,"column":4},"end":{"line":218,"column":5}},"47":{"start":{"line":209,"column":8},"end":{"line":217,"column":9}},"48":{"start":{"line":220,"column":11},"end":{"line":222,"column":5}},"49":{"start":{"line":221,"column":8},"end":{"line":221,"column":29}},"50":{"start":{"line":32,"column":16},"end":{"line":32,"column":36}},"51":{"start":{"line":33,"column":16},"end":{"line":33,"column":39}},"52":{"start":{"line":34,"column":16},"end":{"line":34,"column":41}},"53":{"start":{"line":35,"column":16},"end":{"line":35,"column":45}},"54":{"start":{"line":36,"column":16},"end":{"line":36,"column":39}},"55":{"start":{"line":37,"column":16},"end":{"line":37,"column":37}},"56":{"start":{"line":38,"column":16},"end":{"line":38,"column":59}},"57":{"start":{"line":223,"column":0},"end":{"line":223,"column":1}}},"fnMap":{"0":{"name":"(anonymous_1)","decl":{"start":{"line":5,"column":0},"end":{"line":5,"column":11}},"loc":{"start":{"line":5,"column":23},"end":{"line":8,"column":1}}},"1":{"name":"(anonymous_2)","decl":{"start":{"line":31,"column":0},"end":{"line":null,"column":-1}},"loc":{"start":{"line":31,"column":0},"end":{"line":31,"column":-1}}},"2":{"name":"Item","decl":{"start":{"line":57,"column":4},"end":{"line":57,"column":15}},"loc":{"start":{"line":57,"column":38},"end":{"line":65,"column":5}}},"3":{"name":"(anonymous_4)","decl":{"start":{"line":44,"column":1},"end":{"line":null,"column":-1}},"loc":{"start":{"line":44,"column":1},"end":{"line":46,"column":2}}},"4":{"name":"(anonymous_5)","decl":{"start":{"line":52,"column":1},"end":{"line":52,"column":19}},"loc":{"start":{"line":52,"column":50},"end":{"line":54,"column":2}}},"5":{"name":"(anonymous_6)","decl":{"start":{"line":71,"column":6},"end":{"line":null,"column":-1}},"loc":{"start":{"line":71,"column":6},"end":{"line":73,"column":5}}},"6":{"name":"(anonymous_7)","decl":{"start":{"line":79,"column":4},"end":{"line":79,"column":17}},"loc":{"start":{"line":79,"column":31},"end":{"line":81,"column":5}}},"7":{"name":"(anonymous_8)","decl":{"start":{"line":87,"column":5},"end":{"line":null,"column":-1}},"loc":{"start":{"line":87,"column":5},"end":{"line":89,"column":5}}},"8":{"name":"(anonymous_9)","decl":{"start":{"line":95,"column":4},"end":{"line":95,"column":20}},"loc":{"start":{"line":95,"column":34},"end":{"line":97,"column":5}}},"9":{"name":"(anonymous_10)","decl":{"start":{"line":103,"column":6},"end":{"line":null,"column":-1}},"loc":{"start":{"line":103,"column":6},"end":{"line":105,"column":5}}},"10":{"name":"(anonymous_11)","decl":{"start":{"line":111,"column":4},"end":{"line":111,"column":22}},"loc":{"start":{"line":111,"column":36},"end":{"line":113,"column":5}}},"11":{"name":"(anonymous_12)","decl":{"start":{"line":119,"column":1},"end":{"line":null,"column":-1}},"loc":{"start":{"line":119,"column":1},"end":{"line":121,"column":2}}},"12":{"name":"(anonymous_13)","decl":{"start":{"line":127,"column":1},"end":{"line":127,"column":23}},"loc":{"start":{"line":127,"column":37},"end":{"line":129,"column":2}}},"13":{"name":"(anonymous_14)","decl":{"start":{"line":135,"column":6},"end":{"line":null,"column":-1}},"loc":{"start":{"line":135,"column":6},"end":{"line":137,"column":5}}},"14":{"name":"(anonymous_15)","decl":{"start":{"line":143,"column":4},"end":{"line":143,"column":20}},"loc":{"start":{"line":143,"column":34},"end":{"line":145,"column":5}}},"15":{"name":"(anonymous_16)","decl":{"start":{"line":151,"column":5},"end":{"line":null,"column":-1}},"loc":{"start":{"line":151,"column":5},"end":{"line":153,"column":5}}},"16":{"name":"(anonymous_17)","decl":{"start":{"line":159,"column":4},"end":{"line":159,"column":18}},"loc":{"start":{"line":159,"column":32},"end":{"line":161,"column":5}}},"17":{"name":"(anonymous_18)","decl":{"start":{"line":169,"column":4},"end":{"line":null,"column":-1}},"loc":{"start":{"line":169,"column":4},"end":{"line":171,"column":5}}},"18":{"name":"(anonymous_19)","decl":{"start":{"line":176,"column":4},"end":{"line":null,"column":-1}},"loc":{"start":{"line":176,"column":4},"end":{"line":178,"column":5}}},"19":{"name":"(anonymous_20)","decl":{"start":{"line":186,"column":4},"end":{"line":186,"column":24}},"loc":{"start":{"line":186,"column":45},"end":{"line":191,"column":5}}},"20":{"name":"(anonymous_21)","decl":{"start":{"line":200,"column":4},"end":{"line":200,"column":23}},"loc":{"start":{"line":200,"column":40},"end":{"line":204,"column":5}}},"21":{"name":"(anonymous_22)","decl":{"start":{"line":208,"column":4},"end":{"line":null,"column":-1}},"loc":{"start":{"line":208,"column":4},"end":{"line":218,"column":5}}},"22":{"name":"(anonymous_23)","decl":{"start":{"line":220,"column":4},"end":{"line":220,"column":19}},"loc":{"start":{"line":220,"column":34},"end":{"line":222,"column":5}}}},"branchMap":{"0":{"loc":{"start":{"line":5,"column":12},"end":{"line":5,"column":23}},"type":"binary-expr","locations":[{"start":{"line":5,"column":12},"end":{"line":5,"column":23}},{"start":{"line":5,"column":12},"end":{"line":5,"column":23}}]}},"s":{"0":1,"1":1,"2":1,"3":1,"4":174,"5":174,"6":174,"7":174,"8":174,"9":174,"10":174,"11":174,"12":1,"13":243,"14":28,"15":1,"16":410,"17":0,"18":1,"19":243,"20":1,"21":1,"22":243,"23":1,"24":1,"25":243,"26":1,"27":1,"28":329,"29":1,"30":1,"31":285,"32":1,"33":1,"34":2,"35":1,"36":9,"37":1,"38":1,"39":1,"40":1,"41":1,"42":1,"43":3,"44":3,"45":3,"46":1,"47":304,"48":1,"49":170,"50":1,"51":1,"52":1,"53":1,"54":1,"55":1,"56":1,"57":1},"f":{"0":1,"1":1,"2":174,"3":243,"4":28,"5":410,"6":0,"7":243,"8":1,"9":243,"10":1,"11":243,"12":1,"13":329,"14":1,"15":285,"16":1,"17":2,"18":9,"19":1,"20":3,"21":304,"22":170},"b":{"0":[1,1]}}
,"/Users/i511786/Documents/ba_code/react-event-agenda_repos/react-event-agenda/src/models/TrackModel.ts": {"path":"/Users/i511786/Documents/ba_code/react-event-agenda_repos/react-event-agenda/src/models/TrackModel.ts","statementMap":{"0":{"start":{"line":17,"column":0},"end":{"line":106,"column":0}},"1":{"start":{"line":24,"column":8},"end":{"line":24,"column":30}},"2":{"start":{"line":25,"column":8},"end":{"line":25,"column":79}},"3":{"start":{"line":25,"column":57},"end":{"line":25,"column":76}},"4":{"start":{"line":26,"column":8},"end":{"line":26,"column":26}},"5":{"start":{"line":32,"column":11},"end":{"line":42,"column":5}},"6":{"start":{"line":33,"column":8},"end":{"line":41,"column":12}},"7":{"start":{"line":34,"column":12},"end":{"line":36,"column":15}},"8":{"start":{"line":35,"column":16},"end":{"line":35,"column":26}},"9":{"start":{"line":37,"column":14},"end":{"line":39,"column":15}},"10":{"start":{"line":38,"column":16},"end":{"line":38,"column":25}},"11":{"start":{"line":40,"column":14},"end":{"line":40,"column":23}},"12":{"start":{"line":49,"column":5},"end":{"line":51,"column":5}},"13":{"start":{"line":50,"column":8},"end":{"line":50,"column":26}},"14":{"start":{"line":58,"column":8},"end":{"line":58,"column":27}},"15":{"start":{"line":65,"column":5},"end":{"line":67,"column":5}},"16":{"start":{"line":66,"column":8},"end":{"line":66,"column":27}},"17":{"start":{"line":74,"column":8},"end":{"line":74,"column":35}},"18":{"start":{"line":81,"column":5},"end":{"line":83,"column":5}},"19":{"start":{"line":82,"column":8},"end":{"line":82,"column":24}},"20":{"start":{"line":90,"column":8},"end":{"line":90,"column":25}},"21":{"start":{"line":93,"column":4},"end":{"line":99,"column":5}},"22":{"start":{"line":94,"column":8},"end":{"line":98,"column":9}},"23":{"start":{"line":97,"column":45},"end":{"line":97,"column":58}},"24":{"start":{"line":101,"column":11},"end":{"line":103,"column":5}},"25":{"start":{"line":102,"column":8},"end":{"line":102,"column":29}},"26":{"start":{"line":18,"column":16},"end":{"line":18,"column":38}},"27":{"start":{"line":19,"column":16},"end":{"line":19,"column":55}},"28":{"start":{"line":20,"column":16},"end":{"line":20,"column":36}},"29":{"start":{"line":106,"column":0},"end":{"line":106,"column":1}}},"fnMap":{"0":{"name":"(anonymous_1)","decl":{"start":{"line":17,"column":0},"end":{"line":null,"column":-1}},"loc":{"start":{"line":17,"column":0},"end":{"line":17,"column":-1}}},"1":{"name":"Track","decl":{"start":{"line":23,"column":4},"end":{"line":23,"column":15}},"loc":{"start":{"line":23,"column":31},"end":{"line":27,"column":5}}},"2":{"name":"(anonymous_3)","decl":{"start":{"line":25,"column":47},"end":{"line":25,"column":47}},"loc":{"start":{"line":25,"column":52},"end":{"line":25,"column":76}}},"3":{"name":"(anonymous_4)","decl":{"start":{"line":32,"column":4},"end":{"line":null,"column":-1}},"loc":{"start":{"line":32,"column":4},"end":{"line":42,"column":5}}},"4":{"name":"(anonymous_5)","decl":{"start":{"line":33,"column":54},"end":{"line":33,"column":54}},"loc":{"start":{"line":33,"column":58},"end":{"line":41,"column":9}}},"5":{"name":"(anonymous_6)","decl":{"start":{"line":49,"column":5},"end":{"line":null,"column":-1}},"loc":{"start":{"line":49,"column":5},"end":{"line":51,"column":5}}},"6":{"name":"(anonymous_7)","decl":{"start":{"line":57,"column":4},"end":{"line":57,"column":19}},"loc":{"start":{"line":57,"column":33},"end":{"line":59,"column":5}}},"7":{"name":"(anonymous_8)","decl":{"start":{"line":65,"column":5},"end":{"line":null,"column":-1}},"loc":{"start":{"line":65,"column":5},"end":{"line":67,"column":5}}},"8":{"name":"(anonymous_9)","decl":{"start":{"line":73,"column":4},"end":{"line":73,"column":20}},"loc":{"start":{"line":73,"column":50},"end":{"line":75,"column":5}}},"9":{"name":"(anonymous_10)","decl":{"start":{"line":81,"column":5},"end":{"line":null,"column":-1}},"loc":{"start":{"line":81,"column":5},"end":{"line":83,"column":5}}},"10":{"name":"(anonymous_11)","decl":{"start":{"line":89,"column":4},"end":{"line":89,"column":17}},"loc":{"start":{"line":89,"column":31},"end":{"line":91,"column":5}}},"11":{"name":"(anonymous_12)","decl":{"start":{"line":93,"column":4},"end":{"line":null,"column":-1}},"loc":{"start":{"line":93,"column":4},"end":{"line":99,"column":5}}},"12":{"name":"(anonymous_13)","decl":{"start":{"line":97,"column":35},"end":{"line":97,"column":35}},"loc":{"start":{"line":97,"column":40},"end":{"line":97,"column":58}}},"13":{"name":"(anonymous_14)","decl":{"start":{"line":101,"column":4},"end":{"line":101,"column":19}},"loc":{"start":{"line":101,"column":35},"end":{"line":103,"column":5}}}},"branchMap":{"0":{"loc":{"start":{"line":34,"column":12},"end":{"line":36,"column":15}},"type":"if","locations":[{"start":{"line":34,"column":12},"end":{"line":36,"column":15}},{"start":{"line":34,"column":12},"end":{"line":36,"column":15}}]},"1":{"loc":{"start":{"line":37,"column":14},"end":{"line":39,"column":15}},"type":"if","locations":[{"start":{"line":37,"column":14},"end":{"line":39,"column":15}},{"start":{"line":37,"column":14},"end":{"line":39,"column":15}}]}},"s":{"0":1,"1":52,"2":52,"3":170,"4":52,"5":1,"6":4,"7":11,"8":10,"9":1,"10":1,"11":0,"12":1,"13":72,"14":0,"15":1,"16":117,"17":0,"18":1,"19":90,"20":0,"21":1,"22":91,"23":304,"24":1,"25":52,"26":1,"27":1,"28":1,"29":1},"f":{"0":1,"1":52,"2":170,"3":4,"4":11,"5":72,"6":0,"7":117,"8":0,"9":90,"10":0,"11":91,"12":304,"13":52},"b":{"0":[10,1],"1":[1,0]}}
,"/Users/i511786/Documents/ba_code/react-event-agenda_repos/react-event-agenda/src/models/UIStore.ts": {"path":"/Users/i511786/Documents/ba_code/react-event-agenda_repos/react-event-agenda/src/models/UIStore.ts","statementMap":{"0":{"start":{"line":4,"column":0},"end":{"line":11,"column":1}},"1":{"start":{"line":5,"column":4},"end":{"line":5,"column":10}},"2":{"start":{"line":6,"column":4},"end":{"line":6,"column":13}},"3":{"start":{"line":7,"column":4},"end":{"line":7,"column":12}},"4":{"start":{"line":8,"column":4},"end":{"line":8,"column":12}},"5":{"start":{"line":9,"column":4},"end":{"line":9,"column":11}},"6":{"start":{"line":10,"column":4},"end":{"line":10,"column":10}},"7":{"start":{"line":13,"column":0},"end":{"line":54,"column":0}},"8":{"start":{"line":14,"column":16},"end":{"line":14,"column":50}},"9":{"start":{"line":15,"column":16},"end":{"line":15,"column":50}},"10":{"start":{"line":16,"column":16},"end":{"line":16,"column":45}},"11":{"start":{"line":17,"column":16},"end":{"line":17,"column":39}},"12":{"start":{"line":20,"column":4},"end":{"line":22,"column":5}},"13":{"start":{"line":21,"column":8},"end":{"line":21,"column":28}},"14":{"start":{"line":24,"column":12},"end":{"line":26,"column":5}},"15":{"start":{"line":25,"column":8},"end":{"line":25,"column":32}},"16":{"start":{"line":28,"column":4},"end":{"line":30,"column":5}},"17":{"start":{"line":29,"column":8},"end":{"line":29,"column":34}},"18":{"start":{"line":32,"column":12},"end":{"line":34,"column":5}},"19":{"start":{"line":33,"column":8},"end":{"line":33,"column":46}},"20":{"start":{"line":36,"column":4},"end":{"line":38,"column":5}},"21":{"start":{"line":37,"column":8},"end":{"line":37,"column":37}},"22":{"start":{"line":40,"column":12},"end":{"line":42,"column":5}},"23":{"start":{"line":41,"column":8},"end":{"line":41,"column":38}},"24":{"start":{"line":44,"column":4},"end":{"line":46,"column":5}},"25":{"start":{"line":45,"column":8},"end":{"line":45,"column":31}},"26":{"start":{"line":48,"column":12},"end":{"line":50,"column":5}},"27":{"start":{"line":49,"column":8},"end":{"line":49,"column":32}},"28":{"start":{"line":54,"column":0},"end":{"line":54,"column":1}}},"fnMap":{"0":{"name":"(anonymous_1)","decl":{"start":{"line":4,"column":0},"end":{"line":4,"column":11}},"loc":{"start":{"line":4,"column":19},"end":{"line":11,"column":1}}},"1":{"name":"(anonymous_2)","decl":{"start":{"line":13,"column":0},"end":{"line":null,"column":-1}},"loc":{"start":{"line":13,"column":0},"end":{"line":13,"column":-1}}},"2":{"name":"(anonymous_4)","decl":{"start":{"line":20,"column":4},"end":{"line":null,"column":-1}},"loc":{"start":{"line":20,"column":4},"end":{"line":22,"column":5}}},"3":{"name":"(anonymous_5)","decl":{"start":{"line":24,"column":12},"end":{"line":24,"column":22}},"loc":{"start":{"line":24,"column":40},"end":{"line":26,"column":5}}},"4":{"name":"(anonymous_6)","decl":{"start":{"line":28,"column":4},"end":{"line":null,"column":-1}},"loc":{"start":{"line":28,"column":4},"end":{"line":30,"column":5}}},"5":{"name":"(anonymous_7)","decl":{"start":{"line":32,"column":12},"end":{"line":32,"column":28}},"loc":{"start":{"line":32,"column":60},"end":{"line":34,"column":5}}},"6":{"name":"(anonymous_8)","decl":{"start":{"line":36,"column":4},"end":{"line":null,"column":-1}},"loc":{"start":{"line":36,"column":4},"end":{"line":38,"column":5}}},"7":{"name":"(anonymous_9)","decl":{"start":{"line":40,"column":12},"end":{"line":40,"column":31}},"loc":{"start":{"line":40,"column":45},"end":{"line":42,"column":5}}},"8":{"name":"(anonymous_10)","decl":{"start":{"line":44,"column":4},"end":{"line":null,"column":-1}},"loc":{"start":{"line":44,"column":4},"end":{"line":46,"column":5}}},"9":{"name":"(anonymous_11)","decl":{"start":{"line":48,"column":12},"end":{"line":48,"column":25}},"loc":{"start":{"line":48,"column":39},"end":{"line":50,"column":5}}}},"branchMap":{"0":{"loc":{"start":{"line":4,"column":12},"end":{"line":4,"column":19}},"type":"binary-expr","locations":[{"start":{"line":4,"column":12},"end":{"line":4,"column":19}},{"start":{"line":4,"column":12},"end":{"line":4,"column":19}}]}},"s":{"0":1,"1":1,"2":1,"3":1,"4":1,"5":1,"6":1,"7":1,"8":20,"9":20,"10":20,"11":20,"12":1,"13":1,"14":2,"15":1,"16":1,"17":3,"18":2,"19":0,"20":1,"21":0,"22":2,"23":1,"24":1,"25":0,"26":2,"27":0,"28":1},"f":{"0":1,"1":20,"2":1,"3":1,"4":3,"5":0,"6":0,"7":1,"8":0,"9":0},"b":{"0":[1,1]}}
}
