TN:
SF:/Users/i511786/Documents/ba_code/react-event-agenda_repos/react-event-agenda/src/AgendaViewModel.ts
FN:15,(anonymous_0)
FN:20,AgendaViewModel
FN:23,(anonymous_2)
FN:26,(anonymous_3)
FN:27,(anonymous_4)
FN:28,(anonymous_5)
FN:29,(anonymous_6)
FN:38,(anonymous_7)
FN:40,(anonymous_8)
FN:42,(anonymous_9)
FN:43,(anonymous_10)
FN:53,(anonymous_11)
FN:57,(anonymous_12)
FN:61,(anonymous_13)
FN:65,(anonymous_14)
FN:69,(anonymous_15)
FN:73,(anonymous_16)
FN:79,(anonymous_17)
FN:83,(anonymous_18)
FN:88,(anonymous_19)
FN:93,(anonymous_20)
FN:97,(anonymous_21)
FN:101,(anonymous_22)
FN:108,(anonymous_23)
FN:112,(anonymous_24)
FN:117,(anonymous_25)
FN:121,(anonymous_26)
FN:135,(anonymous_27)
FN:139,(anonymous_28)
FN:153,(anonymous_29)
FN:157,(anonymous_30)
FN:161,(anonymous_31)
FN:165,(anonymous_32)
FN:169,(anonymous_33)
FN:173,(anonymous_34)
FN:175,(anonymous_35)
FN:179,(anonymous_36)
FN:184,(anonymous_37)
FN:190,(anonymous_38)
FN:203,(anonymous_39)
FN:208,(anonymous_40)
FN:216,(anonymous_41)
FN:238,(anonymous_42)
FN:251,(anonymous_43)
FN:252,(anonymous_44)
FN:260,(anonymous_45)
FN:264,(anonymous_46)
FN:265,(anonymous_47)
FN:280,(anonymous_48)
FN:289,(anonymous_49)
FN:294,(anonymous_50)
FN:299,(anonymous_51)
FN:363,(anonymous_52)
FN:384,(anonymous_53)
FN:399,(anonymous_54)
FN:413,(anonymous_55)
FN:414,(anonymous_56)
FN:422,(anonymous_57)
FN:426,(anonymous_58)
FN:434,(anonymous_59)
FN:438,(anonymous_60)
FN:442,(anonymous_61)
FN:450,(anonymous_62)
FN:455,(anonymous_63)
FN:460,(anonymous_64)
FN:465,(anonymous_65)
FN:470,(anonymous_66)
FN:480,(anonymous_67)
FN:497,(anonymous_68)
FN:504,(anonymous_69)
FN:507,(anonymous_70)
FN:509,(anonymous_71)
FN:522,(anonymous_72)
FN:530,(anonymous_73)
FN:533,(anonymous_74)
FN:535,(anonymous_75)
FN:550,(anonymous_76)
FN:554,(anonymous_77)
FN:565,(anonymous_78)
FN:574,(anonymous_79)
FN:580,(anonymous_80)
FN:590,(anonymous_81)
FN:595,(anonymous_82)
FNF:83
FNH:26
FNDA:1,(anonymous_0)
FNDA:8,AgendaViewModel
FNDA:0,(anonymous_2)
FNDA:1,(anonymous_3)
FNDA:3,(anonymous_4)
FNDA:3,(anonymous_5)
FNDA:10,(anonymous_6)
FNDA:5,(anonymous_7)
FNDA:15,(anonymous_8)
FNDA:15,(anonymous_9)
FNDA:50,(anonymous_10)
FNDA:1,(anonymous_11)
FNDA:1,(anonymous_12)
FNDA:1,(anonymous_13)
FNDA:0,(anonymous_14)
FNDA:0,(anonymous_15)
FNDA:0,(anonymous_16)
FNDA:4,(anonymous_17)
FNDA:0,(anonymous_18)
FNDA:0,(anonymous_19)
FNDA:0,(anonymous_20)
FNDA:0,(anonymous_21)
FNDA:0,(anonymous_22)
FNDA:0,(anonymous_23)
FNDA:0,(anonymous_24)
FNDA:3,(anonymous_25)
FNDA:9,(anonymous_26)
FNDA:0,(anonymous_27)
FNDA:0,(anonymous_28)
FNDA:0,(anonymous_29)
FNDA:0,(anonymous_30)
FNDA:0,(anonymous_31)
FNDA:0,(anonymous_32)
FNDA:0,(anonymous_33)
FNDA:0,(anonymous_34)
FNDA:0,(anonymous_35)
FNDA:0,(anonymous_36)
FNDA:0,(anonymous_37)
FNDA:0,(anonymous_38)
FNDA:0,(anonymous_39)
FNDA:0,(anonymous_40)
FNDA:0,(anonymous_41)
FNDA:0,(anonymous_42)
FNDA:1,(anonymous_43)
FNDA:1,(anonymous_44)
FNDA:0,(anonymous_45)
FNDA:3,(anonymous_46)
FNDA:8,(anonymous_47)
FNDA:3,(anonymous_48)
FNDA:3,(anonymous_49)
FNDA:3,(anonymous_50)
FNDA:9,(anonymous_51)
FNDA:2,(anonymous_52)
FNDA:0,(anonymous_53)
FNDA:3,(anonymous_54)
FNDA:0,(anonymous_55)
FNDA:0,(anonymous_56)
FNDA:0,(anonymous_57)
FNDA:0,(anonymous_58)
FNDA:0,(anonymous_59)
FNDA:0,(anonymous_60)
FNDA:0,(anonymous_61)
FNDA:0,(anonymous_62)
FNDA:0,(anonymous_63)
FNDA:0,(anonymous_64)
FNDA:0,(anonymous_65)
FNDA:0,(anonymous_66)
FNDA:0,(anonymous_67)
FNDA:0,(anonymous_68)
FNDA:0,(anonymous_69)
FNDA:0,(anonymous_70)
FNDA:0,(anonymous_71)
FNDA:0,(anonymous_72)
FNDA:0,(anonymous_73)
FNDA:0,(anonymous_74)
FNDA:0,(anonymous_75)
FNDA:0,(anonymous_76)
FNDA:0,(anonymous_77)
FNDA:0,(anonymous_78)
FNDA:0,(anonymous_79)
FNDA:0,(anonymous_80)
FNDA:0,(anonymous_81)
FNDA:0,(anonymous_82)
DA:15,1
DA:20,8
DA:21,8
DA:22,8
DA:23,8
DA:26,1
DA:27,1
DA:28,3
DA:29,3
DA:30,10
DA:34,1
DA:35,1
DA:38,1
DA:39,5
DA:40,5
DA:42,15
DA:43,15
DA:44,50
DA:48,5
DA:53,1
DA:54,1
DA:57,1
DA:58,1
DA:61,1
DA:62,1
DA:65,1
DA:66,0
DA:69,1
DA:70,0
DA:73,1
DA:74,0
DA:79,1
DA:80,4
DA:83,1
DA:84,0
DA:88,1
DA:89,0
DA:93,1
DA:94,0
DA:97,1
DA:98,0
DA:101,1
DA:102,0
DA:103,0
DA:104,0
DA:108,1
DA:109,0
DA:112,1
DA:113,0
DA:117,1
DA:118,3
DA:119,3
DA:120,3
DA:121,3
DA:122,9
DA:123,9
DA:128,9
DA:130,3
DA:132,0
DA:135,1
DA:136,0
DA:137,0
DA:138,0
DA:139,0
DA:140,0
DA:141,0
DA:146,0
DA:148,0
DA:150,0
DA:153,1
DA:154,0
DA:157,1
DA:158,0
DA:161,1
DA:162,0
DA:165,1
DA:166,0
DA:169,1
DA:170,0
DA:173,1
DA:174,0
DA:175,0
DA:179,1
DA:180,0
DA:184,1
DA:185,0
DA:186,0
DA:188,0
DA:190,0
DA:191,0
DA:192,0
DA:194,0
DA:195,0
DA:196,0
DA:199,0
DA:203,1
DA:204,0
DA:205,0
DA:208,1
DA:209,0
DA:210,0
DA:211,0
DA:212,0
DA:216,1
DA:217,0
DA:218,0
DA:219,0
DA:220,0
DA:221,0
DA:222,0
DA:224,0
DA:225,0
DA:226,0
DA:228,0
DA:229,0
DA:230,0
DA:232,0
DA:233,0
DA:238,1
DA:239,0
DA:240,0
DA:241,0
DA:242,0
DA:243,0
DA:244,0
DA:251,1
DA:252,1
DA:253,1
DA:254,1
DA:255,1
DA:256,1
DA:260,1
DA:261,0
DA:264,1
DA:265,3
DA:266,8
DA:280,1
DA:281,3
DA:282,3
DA:283,3
DA:284,3
DA:285,3
DA:289,3
DA:290,3
DA:291,3
DA:292,3
DA:294,3
DA:295,3
DA:296,3
DA:297,3
DA:298,3
DA:299,9
DA:302,3
DA:310,0
DA:314,3
DA:315,1
DA:316,1
DA:320,3
DA:323,3
DA:324,3
DA:326,3
DA:327,3
DA:329,3
DA:330,3
DA:333,3
DA:335,3
DA:337,3
DA:338,1
DA:342,1
DA:343,1
DA:345,1
DA:347,1
DA:348,1
DA:350,1
DA:352,1
DA:353,1
DA:355,1
DA:356,0
DA:357,0
DA:358,0
DA:361,1
DA:362,1
DA:363,2
DA:364,1
DA:369,0
DA:370,0
DA:373,0
DA:375,0
DA:376,0
DA:377,0
DA:378,0
DA:379,0
DA:380,0
DA:382,0
DA:383,0
DA:384,0
DA:386,0
DA:387,0
DA:388,0
DA:393,2
DA:394,2
DA:398,3
DA:399,3
DA:400,3
DA:401,3
DA:402,3
DA:403,3
DA:407,3
DA:413,1
DA:414,0
DA:415,0
DA:417,0
DA:418,0
DA:419,0
DA:422,1
DA:423,0
DA:424,0
DA:426,0
DA:427,0
DA:429,0
DA:431,0
DA:434,1
DA:435,0
DA:438,1
DA:439,0
DA:440,0
DA:442,0
DA:443,0
DA:445,0
DA:447,0
DA:450,1
DA:451,0
DA:455,1
DA:456,0
DA:457,0
DA:460,1
DA:461,0
DA:465,1
DA:466,0
DA:467,0
DA:469,0
DA:470,0
DA:471,0
DA:472,0
DA:473,0
DA:474,0
DA:480,1
DA:482,0
DA:483,0
DA:484,0
DA:485,0
DA:486,0
DA:487,0
DA:488,0
DA:490,0
DA:491,0
DA:497,1
DA:498,0
DA:499,0
DA:500,0
DA:501,0
DA:504,1
DA:505,0
DA:506,0
DA:507,0
DA:508,0
DA:509,0
DA:510,0
DA:511,0
DA:513,0
DA:514,0
DA:515,0
DA:516,0
DA:519,0
DA:522,1
DA:523,0
DA:524,0
DA:525,0
DA:526,0
DA:530,1
DA:531,0
DA:532,0
DA:533,0
DA:534,0
DA:535,0
DA:536,0
DA:537,0
DA:539,0
DA:540,0
DA:541,0
DA:542,0
DA:543,0
DA:544,0
DA:547,0
DA:550,1
DA:551,0
DA:552,0
DA:554,0
DA:555,0
DA:556,0
DA:557,0
DA:558,0
DA:559,0
DA:562,0
DA:565,0
DA:566,0
DA:567,0
DA:568,0
DA:569,0
DA:571,0
DA:574,1
DA:575,0
DA:576,0
DA:577,0
DA:580,1
DA:581,0
DA:582,0
DA:583,0
DA:584,0
DA:585,0
DA:586,0
DA:588,0
DA:589,0
DA:590,0
DA:592,0
DA:595,1
DA:596,0
DA:597,0
DA:598,0
DA:599,0
DA:600,0
DA:601,0
DA:602,0
DA:607,1
LF:334
LH:140
BRDA:23,0,0,0
BRDA:23,0,1,8
BRDA:103,1,0,0
BRDA:103,1,1,0
BRDA:119,2,0,3
BRDA:119,2,1,0
BRDA:120,3,0,3
BRDA:120,3,1,0
BRDA:137,4,0,0
BRDA:137,4,1,0
BRDA:138,5,0,0
BRDA:138,5,1,0
BRDA:191,6,0,0
BRDA:191,6,1,0
BRDA:194,7,0,0
BRDA:194,7,1,0
BRDA:194,8,0,0
BRDA:194,8,1,0
BRDA:205,9,0,0
BRDA:205,9,1,0
BRDA:211,10,0,0
BRDA:211,10,1,0
BRDA:218,11,0,0
BRDA:218,11,1,0
BRDA:220,12,0,0
BRDA:220,12,1,0
BRDA:220,13,0,0
BRDA:220,13,1,0
BRDA:224,14,0,0
BRDA:224,14,1,0
BRDA:224,15,0,0
BRDA:224,15,1,0
BRDA:228,16,0,0
BRDA:228,16,1,0
BRDA:228,17,0,0
BRDA:228,17,1,0
BRDA:232,18,0,0
BRDA:232,18,1,0
BRDA:232,19,0,0
BRDA:232,19,1,0
BRDA:240,20,0,0
BRDA:240,20,1,0
BRDA:243,21,0,0
BRDA:243,21,1,0
BRDA:243,22,0,0
BRDA:243,22,1,0
BRDA:243,22,2,0
BRDA:266,23,0,8
BRDA:266,23,1,0
BRDA:266,23,2,8
BRDA:266,23,3,1
BRDA:266,23,4,7
BRDA:266,23,5,7
BRDA:266,23,6,7
BRDA:266,23,7,7
BRDA:266,23,8,1
BRDA:282,24,0,0
BRDA:282,24,1,3
BRDA:284,25,0,0
BRDA:284,25,1,3
BRDA:285,26,0,0
BRDA:285,26,1,3
BRDA:296,27,0,0
BRDA:296,27,1,3
BRDA:298,28,0,0
BRDA:298,28,1,3
BRDA:302,29,0,0
BRDA:302,29,1,3
BRDA:302,30,0,3
BRDA:302,30,1,0
BRDA:302,30,2,0
BRDA:302,30,3,0
BRDA:302,30,4,0
BRDA:302,30,5,0
BRDA:302,30,6,0
BRDA:308,31,0,0
BRDA:308,31,1,0
BRDA:314,32,0,1
BRDA:314,32,1,2
BRDA:314,33,0,3
BRDA:314,33,1,3
BRDA:324,34,0,0
BRDA:324,34,1,3
BRDA:327,35,0,0
BRDA:327,35,1,3
BRDA:333,36,0,3
BRDA:333,36,1,0
BRDA:333,37,0,3
BRDA:333,37,1,3
BRDA:337,38,0,1
BRDA:337,38,1,2
BRDA:345,39,0,1
BRDA:345,39,1,0
BRDA:345,40,0,1
BRDA:345,40,1,0
BRDA:350,41,0,1
BRDA:350,41,1,0
BRDA:355,42,0,1
BRDA:355,42,1,1
BRDA:358,43,0,0
BRDA:358,43,1,0
BRDA:361,44,0,1
BRDA:361,44,1,0
BRDA:361,45,0,1
BRDA:361,45,1,1
BRDA:373,46,0,0
BRDA:373,46,1,0
BRDA:377,47,0,0
BRDA:377,47,1,0
BRDA:380,48,0,0
BRDA:380,48,1,0
BRDA:382,49,0,0
BRDA:382,49,1,0
BRDA:382,50,0,0
BRDA:382,50,1,0
BRDA:424,51,0,0
BRDA:424,51,1,0
BRDA:429,52,0,0
BRDA:429,52,1,0
BRDA:431,53,0,0
BRDA:431,53,1,0
BRDA:431,54,0,0
BRDA:431,54,1,0
BRDA:440,55,0,0
BRDA:440,55,1,0
BRDA:445,56,0,0
BRDA:445,56,1,0
BRDA:447,57,0,0
BRDA:447,57,1,0
BRDA:447,58,0,0
BRDA:447,58,1,0
BRDA:457,59,0,0
BRDA:457,59,1,0
BRDA:457,60,0,0
BRDA:457,60,1,0
BRDA:467,61,0,0
BRDA:467,61,1,0
BRDA:467,62,0,0
BRDA:467,62,1,0
BRDA:469,63,0,0
BRDA:469,63,1,0
BRDA:472,64,0,0
BRDA:472,64,1,0
BRDA:472,65,0,0
BRDA:472,65,1,0
BRDA:473,66,0,0
BRDA:473,66,1,0
BRDA:473,67,0,0
BRDA:473,67,1,0
BRDA:483,68,0,0
BRDA:483,68,1,0
BRDA:485,69,0,0
BRDA:485,69,1,0
BRDA:487,70,0,0
BRDA:487,70,1,0
BRDA:487,71,0,0
BRDA:487,71,1,0
BRDA:487,71,2,0
BRDA:490,72,0,0
BRDA:490,72,1,0
BRDA:500,73,0,0
BRDA:500,73,1,0
BRDA:508,74,0,0
BRDA:508,74,1,0
BRDA:508,75,0,0
BRDA:508,75,1,0
BRDA:514,76,0,0
BRDA:514,76,1,0
BRDA:525,77,0,0
BRDA:525,77,1,0
BRDA:534,78,0,0
BRDA:534,78,1,0
BRDA:541,79,0,0
BRDA:541,79,1,0
BRDA:542,80,0,0
BRDA:542,80,1,0
BRDA:555,81,0,0
BRDA:555,81,1,0
BRDA:559,82,0,0
BRDA:559,82,1,0
BRDA:569,83,0,0
BRDA:569,83,1,0
BRDA:576,84,0,0
BRDA:576,84,1,0
BRDA:583,85,0,0
BRDA:583,85,1,0
BRDA:588,86,0,0
BRDA:588,86,1,0
BRDA:590,87,0,0
BRDA:590,87,1,0
BRF:190
BRH:37
end_of_record
TN:
SF:/Users/i511786/Documents/ba_code/react-event-agenda_repos/react-event-agenda/src/models/AgendaModel.ts
FN:17,(anonymous_1)
FN:22,Agenda
FN:24,(anonymous_3)
FN:32,(anonymous_4)
FN:40,(anonymous_5)
FN:48,(anonymous_6)
FN:56,(anonymous_7)
FN:61,(anonymous_8)
FN:64,(anonymous_9)
FN:68,(anonymous_10)
FNF:10
FNH:8
FNDA:1,(anonymous_1)
FNDA:9,Agenda
FNDA:18,(anonymous_3)
FNDA:9,(anonymous_4)
FNDA:0,(anonymous_5)
FNDA:31,(anonymous_6)
FNDA:0,(anonymous_7)
FNDA:14,(anonymous_8)
FNDA:33,(anonymous_9)
FNDA:9,(anonymous_10)
DA:17,1
DA:18,1
DA:19,1
DA:23,9
DA:24,18
DA:32,1
DA:33,9
DA:41,0
DA:48,1
DA:49,31
DA:57,0
DA:61,1
DA:62,14
DA:64,33
DA:68,1
DA:69,9
DA:72,1
LF:17
LH:15
BRF:0
BRH:0
end_of_record
TN:
SF:/Users/i511786/Documents/ba_code/react-event-agenda_repos/react-event-agenda/src/models/AgendaStore.ts
FN:9,(anonymous_1)
FN:19,AgendaStore
FN:24,(anonymous_3)
FN:37,(anonymous_4)
FN:41,(anonymous_5)
FN:48,(anonymous_6)
FN:51,(anonymous_7)
FN:60,(anonymous_8)
FN:61,(anonymous_9)
FN:64,(anonymous_10)
FN:65,(anonymous_11)
FN:72,(anonymous_12)
FN:76,(anonymous_13)
FN:80,(anonymous_14)
FN:84,(anonymous_15)
FN:92,(anonymous_16)
FN:96,(anonymous_17)
FN:104,(anonymous_18)
FN:107,(anonymous_19)
FN:116,(anonymous_20)
FN:119,(anonymous_21)
FN:128,(anonymous_22)
FN:131,(anonymous_23)
FN:140,(anonymous_24)
FN:146,(anonymous_25)
FN:149,(anonymous_26)
FN:164,(anonymous_27)
FN:167,(anonymous_28)
FN:176,(anonymous_29)
FN:179,(anonymous_30)
FN:188,(anonymous_31)
FN:192,(anonymous_32)
FN:196,(anonymous_33)
FN:201,(anonymous_34)
FN:205,(anonymous_35)
FN:211,(anonymous_36)
FN:218,(anonymous_37)
FN:223,(anonymous_38)
FN:230,(anonymous_39)
FNF:39
FNH:17
FNDA:1,(anonymous_1)
FNDA:8,AgendaStore
FNDA:1,(anonymous_3)
FNDA:1,(anonymous_4)
FNDA:0,(anonymous_5)
FNDA:4,(anonymous_6)
FNDA:0,(anonymous_7)
FNDA:0,(anonymous_8)
FNDA:0,(anonymous_9)
FNDA:0,(anonymous_10)
FNDA:0,(anonymous_11)
FNDA:0,(anonymous_12)
FNDA:0,(anonymous_13)
FNDA:4,(anonymous_14)
FNDA:6,(anonymous_15)
FNDA:4,(anonymous_16)
FNDA:6,(anonymous_17)
FNDA:6,(anonymous_18)
FNDA:21,(anonymous_19)
FNDA:0,(anonymous_20)
FNDA:0,(anonymous_21)
FNDA:0,(anonymous_22)
FNDA:0,(anonymous_23)
FNDA:3,(anonymous_24)
FNDA:0,(anonymous_25)
FNDA:30,(anonymous_26)
FNDA:0,(anonymous_27)
FNDA:0,(anonymous_28)
FNDA:1,(anonymous_29)
FNDA:3,(anonymous_30)
FNDA:0,(anonymous_31)
FNDA:0,(anonymous_32)
FNDA:0,(anonymous_33)
FNDA:1,(anonymous_34)
FNDA:8,(anonymous_35)
FNDA:0,(anonymous_36)
FNDA:0,(anonymous_37)
FNDA:0,(anonymous_38)
FNDA:0,(anonymous_39)
DA:9,1
DA:10,1
DA:12,9
DA:13,9
DA:14,9
DA:16,8
DA:17,8
DA:20,8
DA:21,8
DA:24,2
DA:25,1
DA:26,1
DA:28,1
DA:29,1
DA:30,1
DA:31,1
DA:32,1
DA:33,1
DA:37,2
DA:38,1
DA:41,2
DA:42,0
DA:43,0
DA:44,0
DA:48,1
DA:49,4
DA:50,4
DA:51,0
DA:52,0
DA:53,0
DA:56,4
DA:60,1
DA:61,0
DA:64,2
DA:65,0
DA:66,0
DA:67,0
DA:68,0
DA:72,2
DA:73,0
DA:76,1
DA:77,0
DA:80,1
DA:81,4
DA:82,4
DA:83,6
DA:84,6
DA:85,6
DA:86,4
DA:89,0
DA:92,1
DA:93,4
DA:94,4
DA:95,6
DA:96,6
DA:97,6
DA:98,4
DA:101,0
DA:104,1
DA:105,7
DA:106,7
DA:107,21
DA:108,7
DA:109,6
DA:113,0
DA:116,1
DA:117,0
DA:118,0
DA:119,0
DA:120,0
DA:121,0
DA:125,0
DA:128,1
DA:129,0
DA:130,0
DA:131,0
DA:132,0
DA:133,0
DA:137,0
DA:140,1
DA:141,3
DA:142,9
DA:143,9
DA:144,9
DA:145,9
DA:146,0
DA:148,9
DA:149,30
DA:151,9
DA:154,3
DA:164,1
DA:165,0
DA:166,0
DA:167,0
DA:168,0
DA:169,0
DA:173,0
DA:176,2
DA:177,1
DA:178,1
DA:179,3
DA:180,1
DA:181,1
DA:182,1
DA:188,1
DA:189,0
DA:192,1
DA:193,0
DA:196,1
DA:197,0
DA:201,1
DA:202,1
DA:205,1
DA:206,8
DA:207,8
DA:208,8
DA:211,2
DA:212,0
DA:213,0
DA:214,0
DA:218,1
DA:219,0
DA:220,0
DA:223,2
DA:224,0
DA:225,0
DA:226,0
DA:230,1
DA:231,0
DA:232,0
DA:236,1
LF:131
LH:83
BRDA:28,0,0,1
BRDA:28,0,1,0
BRDA:28,1,0,1
BRDA:28,1,1,1
BRDA:43,2,0,0
BRDA:43,2,1,0
BRDA:50,3,0,0
BRDA:50,3,1,4
BRDA:52,4,0,0
BRDA:52,4,1,0
BRDA:66,5,0,0
BRDA:66,5,1,0
BRDA:85,6,0,4
BRDA:85,6,1,2
BRDA:97,7,0,4
BRDA:97,7,1,2
BRDA:108,8,0,6
BRDA:108,8,1,1
BRDA:120,9,0,0
BRDA:120,9,1,0
BRDA:132,10,0,0
BRDA:132,10,1,0
BRDA:145,11,0,0
BRDA:145,11,1,9
BRDA:148,12,0,9
BRDA:148,12,1,0
BRDA:168,13,0,0
BRDA:168,13,1,0
BRDA:180,14,0,1
BRDA:180,14,1,0
BRDA:212,15,0,0
BRDA:212,15,1,0
BRDA:219,16,0,0
BRDA:219,16,1,0
BRDA:224,17,0,0
BRDA:224,17,1,0
BRDA:231,18,0,0
BRDA:231,18,1,0
BRF:38
BRH:13
end_of_record
TN:
SF:/Users/i511786/Documents/ba_code/react-event-agenda_repos/react-event-agenda/src/models/DayModel.ts
FN:22,(anonymous_1)
FN:31,Day
FN:35,(anonymous_3)
FN:43,(anonymous_4)
FN:51,(anonymous_5)
FN:59,(anonymous_6)
FN:67,(anonymous_7)
FN:75,(anonymous_8)
FN:83,(anonymous_9)
FN:91,(anonymous_10)
FN:99,(anonymous_11)
FN:107,(anonymous_12)
FN:115,(anonymous_13)
FN:119,(anonymous_14)
FN:124,(anonymous_15)
FN:129,(anonymous_16)
FNF:16
FNH:11
FNDA:1,(anonymous_1)
FNDA:18,Day
FNDA:18,(anonymous_3)
FNDA:31,(anonymous_4)
FNDA:0,(anonymous_5)
FNDA:18,(anonymous_6)
FNDA:0,(anonymous_7)
FNDA:18,(anonymous_8)
FNDA:0,(anonymous_9)
FNDA:47,(anonymous_10)
FNDA:0,(anonymous_11)
FNDA:36,(anonymous_12)
FNDA:0,(anonymous_13)
FNDA:36,(anonymous_14)
FNDA:36,(anonymous_15)
FNDA:18,(anonymous_16)
DA:22,1
DA:23,1
DA:24,1
DA:25,1
DA:26,1
DA:27,1
DA:32,18
DA:33,18
DA:34,18
DA:35,18
DA:36,18
DA:43,1
DA:44,31
DA:52,0
DA:59,1
DA:60,18
DA:68,0
DA:75,1
DA:76,18
DA:84,0
DA:91,1
DA:92,47
DA:100,0
DA:107,1
DA:108,36
DA:116,0
DA:119,1
DA:120,36
DA:124,36
DA:129,1
DA:130,18
DA:133,1
LF:32
LH:27
BRDA:36,0,0,0
BRDA:36,0,1,18
BRF:2
BRH:1
end_of_record
TN:
SF:/Users/i511786/Documents/ba_code/react-event-agenda_repos/react-event-agenda/src/models/ItemModel.ts
FN:7,(anonymous_1)
FN:33,(anonymous_2)
FN:59,Item
FN:46,(anonymous_4)
FN:54,(anonymous_5)
FN:72,(anonymous_6)
FN:80,(anonymous_7)
FN:88,(anonymous_8)
FN:96,(anonymous_9)
FN:104,(anonymous_10)
FN:112,(anonymous_11)
FN:120,(anonymous_12)
FN:128,(anonymous_13)
FN:136,(anonymous_14)
FN:144,(anonymous_15)
FN:152,(anonymous_16)
FN:160,(anonymous_17)
FN:164,(anonymous_18)
FN:176,(anonymous_19)
FNF:19
FNH:14
FNDA:1,(anonymous_1)
FNDA:1,(anonymous_2)
FNDA:63,Item
FNDA:60,(anonymous_4)
FNDA:0,(anonymous_5)
FNDA:141,(anonymous_6)
FNDA:0,(anonymous_7)
FNDA:60,(anonymous_8)
FNDA:0,(anonymous_9)
FNDA:60,(anonymous_10)
FNDA:0,(anonymous_11)
FNDA:60,(anonymous_12)
FNDA:0,(anonymous_13)
FNDA:154,(anonymous_14)
FNDA:7,(anonymous_15)
FNDA:111,(anonymous_16)
FNDA:7,(anonymous_17)
FNDA:120,(anonymous_18)
FNDA:60,(anonymous_19)
DA:7,1
DA:8,1
DA:9,1
DA:33,1
DA:34,1
DA:35,1
DA:36,1
DA:37,1
DA:38,1
DA:39,1
DA:40,63
DA:46,1
DA:47,60
DA:55,0
DA:60,63
DA:61,63
DA:62,63
DA:63,63
DA:64,63
DA:65,63
DA:72,1
DA:73,141
DA:81,0
DA:88,1
DA:89,60
DA:97,0
DA:104,1
DA:105,60
DA:113,0
DA:120,1
DA:121,60
DA:129,0
DA:136,1
DA:137,154
DA:145,7
DA:152,1
DA:153,111
DA:161,7
DA:164,1
DA:165,120
DA:176,1
DA:177,60
DA:179,1
LF:43
LH:38
BRDA:7,0,0,1
BRDA:7,0,1,1
BRF:2
BRH:2
end_of_record
TN:
SF:/Users/i511786/Documents/ba_code/react-event-agenda_repos/react-event-agenda/src/models/TrackModel.ts
FN:17,(anonymous_1)
FN:23,Track
FN:25,(anonymous_3)
FN:32,(anonymous_4)
FN:33,(anonymous_5)
FN:49,(anonymous_6)
FN:57,(anonymous_7)
FN:65,(anonymous_8)
FN:73,(anonymous_9)
FN:81,(anonymous_10)
FN:89,(anonymous_11)
FN:93,(anonymous_12)
FN:97,(anonymous_13)
FN:101,(anonymous_14)
FNF:14
FNH:11
FNDA:1,(anonymous_1)
FNDA:18,Track
FNDA:60,(anonymous_3)
FNDA:3,(anonymous_4)
FNDA:8,(anonymous_5)
FNDA:18,(anonymous_6)
FNDA:0,(anonymous_7)
FNDA:47,(anonymous_8)
FNDA:0,(anonymous_9)
FNDA:33,(anonymous_10)
FNDA:0,(anonymous_11)
FNDA:36,(anonymous_12)
FNDA:120,(anonymous_13)
FNDA:18,(anonymous_14)
DA:17,1
DA:18,1
DA:19,1
DA:20,1
DA:24,18
DA:25,60
DA:26,18
DA:32,1
DA:33,3
DA:34,8
DA:35,7
DA:37,1
DA:38,1
DA:40,0
DA:49,1
DA:50,18
DA:58,0
DA:65,1
DA:66,47
DA:74,0
DA:81,1
DA:82,33
DA:90,0
DA:93,1
DA:94,36
DA:97,120
DA:101,1
DA:102,18
DA:106,1
LF:29
LH:25
BRDA:34,0,0,7
BRDA:34,0,1,1
BRDA:37,1,0,1
BRDA:37,1,1,0
BRF:4
BRH:3
end_of_record
TN:
SF:/Users/i511786/Documents/ba_code/react-event-agenda_repos/react-event-agenda/src/models/UIStore.ts
FN:4,(anonymous_1)
FN:13,(anonymous_2)
FN:20,(anonymous_4)
FN:24,(anonymous_5)
FN:28,(anonymous_6)
FN:32,(anonymous_7)
FN:36,(anonymous_8)
FN:40,(anonymous_9)
FN:44,(anonymous_10)
FN:48,(anonymous_11)
FNF:10
FNH:4
FNDA:1,(anonymous_1)
FNDA:9,(anonymous_2)
FNDA:1,(anonymous_4)
FNDA:1,(anonymous_5)
FNDA:0,(anonymous_6)
FNDA:0,(anonymous_7)
FNDA:0,(anonymous_8)
FNDA:0,(anonymous_9)
FNDA:0,(anonymous_10)
FNDA:0,(anonymous_11)
DA:4,1
DA:5,1
DA:6,1
DA:7,1
DA:8,1
DA:9,1
DA:10,1
DA:13,1
DA:14,9
DA:15,9
DA:16,9
DA:17,9
DA:20,1
DA:21,1
DA:24,2
DA:25,1
DA:28,1
DA:29,0
DA:32,2
DA:33,0
DA:36,1
DA:37,0
DA:40,2
DA:41,0
DA:44,1
DA:45,0
DA:48,2
DA:49,0
DA:54,1
LF:29
LH:23
BRDA:4,0,0,1
BRDA:4,0,1,1
BRF:2
BRH:2
end_of_record
