TN:
SF:/Users/i511786/Documents/ba_code/react-event-agenda_repos/react-event-agenda/src/AgendaViewModel.ts
FN:15,(anonymous_0)
FN:29,AgendaViewModel
FN:32,(anonymous_2)
FN:41,(anonymous_3)
FN:52,(anonymous_4)
FN:58,(anonymous_5)
FN:59,(anonymous_6)
FN:60,(anonymous_7)
FN:61,(anonymous_8)
FN:75,(anonymous_9)
FN:84,(anonymous_10)
FN:94,(anonymous_11)
FN:104,(anonymous_12)
FN:114,(anonymous_13)
FN:123,(anonymous_14)
FN:131,(anonymous_15)
FN:139,(anonymous_16)
FN:147,(anonymous_17)
FN:158,(anonymous_18)
FN:166,(anonymous_19)
FN:176,(anonymous_20)
FN:184,(anonymous_21)
FN:188,(anonymous_22)
FN:199,(anonymous_23)
FN:203,(anonymous_24)
FN:224,(anonymous_25)
FN:228,(anonymous_26)
FN:247,(anonymous_27)
FN:257,(anonymous_28)
FN:264,(anonymous_29)
FN:272,(anonymous_30)
FN:282,(anonymous_31)
FN:291,(anonymous_32)
FN:293,(anonymous_33)
FN:301,(anonymous_34)
FN:311,(anonymous_35)
FN:317,(anonymous_36)
FN:336,(anonymous_37)
FN:348,(anonymous_38)
FN:363,(anonymous_39)
FN:392,(anonymous_40)
FN:411,(anonymous_41)
FN:412,(anonymous_42)
FN:425,(anonymous_43)
FN:426,(anonymous_44)
FN:444,(anonymous_45)
FN:446,(anonymous_46)
FN:458,(anonymous_47)
FN:459,(anonymous_48)
FN:485,(anonymous_49)
FN:503,(anonymous_50)
FN:518,(anonymous_51)
FN:536,(anonymous_52)
FN:544,(anonymous_53)
FN:562,(anonymous_54)
FN:566,(anonymous_55)
FN:570,(anonymous_56)
FN:603,(anonymous_57)
FN:614,(anonymous_58)
FN:615,(anonymous_59)
FN:629,(anonymous_60)
FN:633,(anonymous_61)
FN:644,(anonymous_62)
FN:653,(anonymous_63)
FN:657,(anonymous_64)
FN:668,(anonymous_65)
FN:676,(anonymous_66)
FN:684,(anonymous_67)
FN:695,(anonymous_68)
FN:700,(anonymous_69)
FN:717,(anonymous_70)
FN:736,(anonymous_71)
FN:746,(anonymous_72)
FN:749,(anonymous_73)
FN:751,(anonymous_74)
FN:767,(anonymous_75)
FN:777,(anonymous_76)
FN:780,(anonymous_77)
FN:782,(anonymous_78)
FN:797,(anonymous_79)
FN:801,(anonymous_80)
FN:812,(anonymous_81)
FN:821,(anonymous_82)
FN:827,(anonymous_83)
FN:837,(anonymous_84)
FN:847,(anonymous_85)
FNF:86
FNH:43
FNDA:1,(anonymous_0)
FNDA:19,AgendaViewModel
FNDA:0,(anonymous_2)
FNDA:1,(anonymous_3)
FNDA:5,(anonymous_4)
FNDA:6,(anonymous_5)
FNDA:18,(anonymous_6)
FNDA:18,(anonymous_7)
FNDA:60,(anonymous_8)
FNDA:1,(anonymous_9)
FNDA:1,(anonymous_10)
FNDA:1,(anonymous_11)
FNDA:0,(anonymous_12)
FNDA:0,(anonymous_13)
FNDA:0,(anonymous_14)
FNDA:12,(anonymous_15)
FNDA:1,(anonymous_16)
FNDA:1,(anonymous_17)
FNDA:0,(anonymous_18)
FNDA:0,(anonymous_19)
FNDA:2,(anonymous_20)
FNDA:6,(anonymous_21)
FNDA:0,(anonymous_22)
FNDA:4,(anonymous_23)
FNDA:12,(anonymous_24)
FNDA:1,(anonymous_25)
FNDA:3,(anonymous_26)
FNDA:0,(anonymous_27)
FNDA:1,(anonymous_28)
FNDA:0,(anonymous_29)
FNDA:0,(anonymous_30)
FNDA:0,(anonymous_31)
FNDA:0,(anonymous_32)
FNDA:0,(anonymous_33)
FNDA:0,(anonymous_34)
FNDA:3,(anonymous_35)
FNDA:30,(anonymous_36)
FNDA:0,(anonymous_37)
FNDA:1,(anonymous_38)
FNDA:3,(anonymous_39)
FNDA:0,(anonymous_40)
FNDA:1,(anonymous_41)
FNDA:1,(anonymous_42)
FNDA:3,(anonymous_43)
FNDA:8,(anonymous_44)
FNDA:3,(anonymous_45)
FNDA:3,(anonymous_46)
FNDA:3,(anonymous_47)
FNDA:9,(anonymous_48)
FNDA:1,(anonymous_49)
FNDA:2,(anonymous_50)
FNDA:0,(anonymous_51)
FNDA:0,(anonymous_52)
FNDA:3,(anonymous_53)
FNDA:3,(anonymous_54)
FNDA:3,(anonymous_55)
FNDA:9,(anonymous_56)
FNDA:3,(anonymous_57)
FNDA:0,(anonymous_58)
FNDA:0,(anonymous_59)
FNDA:0,(anonymous_60)
FNDA:0,(anonymous_61)
FNDA:0,(anonymous_62)
FNDA:0,(anonymous_63)
FNDA:0,(anonymous_64)
FNDA:0,(anonymous_65)
FNDA:4,(anonymous_66)
FNDA:0,(anonymous_67)
FNDA:0,(anonymous_68)
FNDA:0,(anonymous_69)
FNDA:0,(anonymous_70)
FNDA:0,(anonymous_71)
FNDA:0,(anonymous_72)
FNDA:0,(anonymous_73)
FNDA:0,(anonymous_74)
FNDA:0,(anonymous_75)
FNDA:0,(anonymous_76)
FNDA:0,(anonymous_77)
FNDA:0,(anonymous_78)
FNDA:1,(anonymous_79)
FNDA:2,(anonymous_80)
FNDA:0,(anonymous_81)
FNDA:0,(anonymous_82)
FNDA:0,(anonymous_83)
FNDA:0,(anonymous_84)
FNDA:0,(anonymous_85)
DA:15,1
DA:29,19
DA:30,19
DA:31,19
DA:32,19
DA:41,1
DA:42,1
DA:43,1
DA:44,1
DA:52,1
DA:53,5
DA:54,5
DA:55,5
DA:58,1
DA:59,6
DA:60,18
DA:61,18
DA:62,60
DA:66,6
DA:75,1
DA:76,1
DA:84,1
DA:85,1
DA:94,1
DA:95,1
DA:104,1
DA:105,0
DA:114,1
DA:115,0
DA:123,1
DA:124,0
DA:131,1
DA:132,12
DA:139,1
DA:140,1
DA:147,1
DA:148,1
DA:158,1
DA:159,0
DA:166,1
DA:167,0
DA:176,1
DA:177,2
DA:178,2
DA:179,2
DA:184,1
DA:185,6
DA:188,1
DA:189,0
DA:199,1
DA:200,4
DA:201,4
DA:202,4
DA:203,4
DA:204,12
DA:205,12
DA:210,12
DA:212,4
DA:214,0
DA:224,1
DA:225,1
DA:226,1
DA:227,1
DA:228,1
DA:229,3
DA:230,3
DA:235,3
DA:237,1
DA:239,0
DA:247,1
DA:248,0
DA:257,1
DA:258,1
DA:264,1
DA:265,0
DA:272,1
DA:273,0
DA:282,1
DA:283,0
DA:291,1
DA:292,0
DA:293,0
DA:301,1
DA:302,0
DA:311,1
DA:312,3
DA:313,3
DA:315,3
DA:317,3
DA:318,30
DA:319,25
DA:321,30
DA:322,3
DA:323,3
DA:326,3
DA:336,1
DA:337,0
DA:338,0
DA:348,1
DA:349,1
DA:350,1
DA:351,1
DA:352,1
DA:363,1
DA:364,3
DA:365,3
DA:366,3
DA:367,3
DA:368,1
DA:369,1
DA:371,3
DA:372,1
DA:373,1
DA:375,3
DA:376,1
DA:377,1
DA:379,3
DA:380,3
DA:392,1
DA:393,0
DA:394,0
DA:395,0
DA:396,0
DA:397,0
DA:398,0
DA:411,1
DA:412,1
DA:413,1
DA:425,1
DA:426,3
DA:427,8
DA:444,1
DA:445,3
DA:446,3
DA:447,3
DA:449,3
DA:458,1
DA:459,9
DA:460,3
DA:461,3
DA:468,0
DA:470,3
DA:485,1
DA:487,1
DA:488,1
DA:489,1
DA:491,1
DA:493,1
DA:494,1
DA:495,1
DA:496,0
DA:497,0
DA:498,0
DA:501,1
DA:502,1
DA:503,2
DA:504,1
DA:518,1
DA:520,0
DA:521,0
DA:522,0
DA:525,0
DA:527,0
DA:528,0
DA:529,0
DA:530,0
DA:531,0
DA:532,0
DA:534,0
DA:535,0
DA:536,0
DA:537,0
DA:538,0
DA:539,0
DA:544,1
DA:545,3
DA:546,3
DA:547,3
DA:548,3
DA:549,3
DA:562,3
DA:563,3
DA:564,3
DA:565,3
DA:566,3
DA:567,3
DA:568,3
DA:569,3
DA:570,9
DA:572,3
DA:573,0
DA:576,3
DA:577,1
DA:578,1
DA:581,3
DA:582,3
DA:583,3
DA:584,3
DA:585,3
DA:587,3
DA:589,3
DA:590,3
DA:591,1
DA:593,1
DA:594,1
DA:595,1
DA:596,1
DA:598,0
DA:602,3
DA:603,3
DA:604,3
DA:605,3
DA:608,3
DA:614,1
DA:615,0
DA:616,0
DA:618,0
DA:619,0
DA:620,0
DA:629,1
DA:630,0
DA:631,0
DA:633,0
DA:634,0
DA:636,0
DA:638,0
DA:644,1
DA:645,0
DA:653,1
DA:654,0
DA:655,0
DA:657,0
DA:658,0
DA:660,0
DA:662,0
DA:668,1
DA:669,0
DA:676,1
DA:677,4
DA:678,4
DA:684,1
DA:685,0
DA:695,1
DA:696,0
DA:697,0
DA:699,0
DA:700,0
DA:701,0
DA:702,0
DA:703,0
DA:704,0
DA:717,1
DA:719,0
DA:720,0
DA:721,0
DA:722,0
DA:723,0
DA:724,0
DA:725,0
DA:727,0
DA:728,0
DA:736,1
DA:737,0
DA:738,0
DA:739,0
DA:740,0
DA:746,1
DA:747,0
DA:748,0
DA:749,0
DA:750,0
DA:751,0
DA:752,0
DA:753,0
DA:755,0
DA:756,0
DA:757,0
DA:758,0
DA:761,0
DA:767,1
DA:768,0
DA:769,0
DA:770,0
DA:771,0
DA:777,1
DA:778,0
DA:779,0
DA:780,0
DA:781,0
DA:782,0
DA:783,0
DA:784,0
DA:786,0
DA:787,0
DA:788,0
DA:789,0
DA:790,0
DA:791,0
DA:794,0
DA:797,1
DA:798,1
DA:799,1
DA:801,2
DA:802,1
DA:803,1
DA:804,1
DA:805,1
DA:806,1
DA:809,0
DA:812,0
DA:813,0
DA:814,0
DA:815,0
DA:816,0
DA:818,0
DA:821,1
DA:822,0
DA:823,0
DA:824,0
DA:827,1
DA:828,0
DA:829,0
DA:830,0
DA:831,0
DA:832,0
DA:833,0
DA:835,0
DA:836,0
DA:837,0
DA:839,0
DA:847,1
DA:848,0
DA:849,0
DA:850,0
DA:851,0
DA:852,0
DA:853,0
DA:854,0
DA:859,1
LF:339
LH:196
BRDA:32,0,0,0
BRDA:32,0,1,19
BRDA:178,1,0,2
BRDA:178,1,1,0
BRDA:201,2,0,3
BRDA:201,2,1,1
BRDA:202,3,0,4
BRDA:202,3,1,0
BRDA:226,4,0,0
BRDA:226,4,1,1
BRDA:227,5,0,1
BRDA:227,5,1,0
BRDA:318,6,0,25
BRDA:318,6,1,5
BRDA:321,7,0,3
BRDA:321,7,1,27
BRDA:321,8,0,30
BRDA:321,8,1,27
BRDA:338,9,0,0
BRDA:338,9,1,0
BRDA:351,10,0,1
BRDA:351,10,1,0
BRDA:365,11,0,3
BRDA:365,11,1,0
BRDA:367,12,0,1
BRDA:367,12,1,2
BRDA:367,13,0,3
BRDA:367,13,1,1
BRDA:371,14,0,1
BRDA:371,14,1,2
BRDA:371,15,0,3
BRDA:371,15,1,1
BRDA:375,16,0,1
BRDA:375,16,1,2
BRDA:375,17,0,3
BRDA:375,17,1,1
BRDA:379,18,0,3
BRDA:379,18,1,0
BRDA:379,19,0,3
BRDA:379,19,1,3
BRDA:394,20,0,0
BRDA:394,20,1,0
BRDA:397,21,0,0
BRDA:397,21,1,0
BRDA:397,22,0,0
BRDA:397,22,1,0
BRDA:397,22,2,0
BRDA:427,23,0,8
BRDA:427,23,1,0
BRDA:427,23,2,8
BRDA:427,23,3,1
BRDA:427,23,4,7
BRDA:427,23,5,7
BRDA:427,23,6,7
BRDA:427,23,7,7
BRDA:427,23,8,1
BRDA:460,24,0,0
BRDA:460,24,1,3
BRDA:460,25,0,3
BRDA:460,25,1,3
BRDA:461,26,0,0
BRDA:461,26,1,3
BRDA:461,27,0,3
BRDA:461,27,1,0
BRDA:461,27,2,0
BRDA:461,27,3,0
BRDA:461,27,4,0
BRDA:461,27,5,0
BRDA:491,28,0,1
BRDA:491,28,1,0
BRDA:495,29,0,1
BRDA:495,29,1,1
BRDA:498,30,0,0
BRDA:498,30,1,0
BRDA:501,31,0,1
BRDA:501,31,1,0
BRDA:501,32,0,1
BRDA:501,32,1,1
BRDA:525,33,0,0
BRDA:525,33,1,0
BRDA:529,34,0,0
BRDA:529,34,1,0
BRDA:532,35,0,0
BRDA:532,35,1,0
BRDA:534,36,0,0
BRDA:534,36,1,0
BRDA:534,37,0,0
BRDA:534,37,1,0
BRDA:546,38,0,0
BRDA:546,38,1,3
BRDA:548,39,0,0
BRDA:548,39,1,3
BRDA:549,40,0,0
BRDA:549,40,1,3
BRDA:568,41,0,0
BRDA:568,41,1,3
BRDA:568,42,0,3
BRDA:568,42,1,3
BRDA:569,43,0,0
BRDA:569,43,1,3
BRDA:572,44,0,0
BRDA:572,44,1,3
BRDA:572,45,0,3
BRDA:572,45,1,0
BRDA:572,46,0,0
BRDA:572,46,1,0
BRDA:576,47,0,1
BRDA:576,47,1,2
BRDA:576,48,0,3
BRDA:576,48,1,3
BRDA:576,49,0,0
BRDA:576,49,1,3
BRDA:576,50,0,3
BRDA:576,50,1,3
BRDA:582,51,0,0
BRDA:582,51,1,3
BRDA:582,52,0,3
BRDA:582,52,1,3
BRDA:583,53,0,0
BRDA:583,53,1,3
BRDA:587,54,0,3
BRDA:587,54,1,0
BRDA:587,55,0,3
BRDA:587,55,1,3
BRDA:590,56,0,1
BRDA:590,56,1,2
BRDA:595,57,0,1
BRDA:595,57,1,0
BRDA:595,58,0,1
BRDA:595,58,1,0
BRDA:608,59,0,0
BRDA:608,59,1,3
BRDA:608,60,0,3
BRDA:608,60,1,3
BRDA:631,61,0,0
BRDA:631,61,1,0
BRDA:636,62,0,0
BRDA:636,62,1,0
BRDA:638,63,0,0
BRDA:638,63,1,0
BRDA:638,64,0,0
BRDA:638,64,1,0
BRDA:655,65,0,0
BRDA:655,65,1,0
BRDA:660,66,0,0
BRDA:660,66,1,0
BRDA:662,67,0,0
BRDA:662,67,1,0
BRDA:662,68,0,0
BRDA:662,68,1,0
BRDA:678,69,0,0
BRDA:678,69,1,4
BRDA:678,70,0,4
BRDA:678,70,1,0
BRDA:697,71,0,0
BRDA:697,71,1,0
BRDA:697,72,0,0
BRDA:697,72,1,0
BRDA:699,73,0,0
BRDA:699,73,1,0
BRDA:702,74,0,0
BRDA:702,74,1,0
BRDA:702,75,0,0
BRDA:702,75,1,0
BRDA:703,76,0,0
BRDA:703,76,1,0
BRDA:703,77,0,0
BRDA:703,77,1,0
BRDA:720,78,0,0
BRDA:720,78,1,0
BRDA:722,79,0,0
BRDA:722,79,1,0
BRDA:724,80,0,0
BRDA:724,80,1,0
BRDA:724,81,0,0
BRDA:724,81,1,0
BRDA:724,81,2,0
BRDA:727,82,0,0
BRDA:727,82,1,0
BRDA:739,83,0,0
BRDA:739,83,1,0
BRDA:750,84,0,0
BRDA:750,84,1,0
BRDA:750,85,0,0
BRDA:750,85,1,0
BRDA:756,86,0,0
BRDA:756,86,1,0
BRDA:770,87,0,0
BRDA:770,87,1,0
BRDA:781,88,0,0
BRDA:781,88,1,0
BRDA:788,89,0,0
BRDA:788,89,1,0
BRDA:789,90,0,0
BRDA:789,90,1,0
BRDA:802,91,0,1
BRDA:802,91,1,0
BRDA:806,92,0,1
BRDA:806,92,1,0
BRDA:816,93,0,0
BRDA:816,93,1,0
BRDA:823,94,0,0
BRDA:823,94,1,0
BRDA:830,95,0,0
BRDA:830,95,1,0
BRDA:835,96,0,0
BRDA:835,96,1,0
BRDA:837,97,0,0
BRDA:837,97,1,0
BRF:209
BRH:83
end_of_record
TN:
SF:/Users/i511786/Documents/ba_code/react-event-agenda_repos/react-event-agenda/src/models/AgendaModel.ts
FN:17,(anonymous_1)
FN:22,Agenda
FN:24,(anonymous_3)
FN:32,(anonymous_4)
FN:40,(anonymous_5)
FN:48,(anonymous_6)
FN:56,(anonymous_7)
FN:61,(anonymous_8)
FN:64,(anonymous_9)
FN:68,(anonymous_10)
FNF:10
FNH:9
FNDA:1,(anonymous_1)
FNDA:20,Agenda
FNDA:51,(anonymous_3)
FNDA:27,(anonymous_4)
FNDA:0,(anonymous_5)
FNDA:78,(anonymous_6)
FNDA:1,(anonymous_7)
FNDA:32,(anonymous_8)
FNDA:87,(anonymous_9)
FNDA:20,(anonymous_10)
DA:17,1
DA:18,1
DA:19,1
DA:23,20
DA:24,51
DA:32,1
DA:33,27
DA:41,0
DA:48,1
DA:49,78
DA:57,1
DA:61,1
DA:62,32
DA:64,87
DA:68,1
DA:69,20
DA:72,1
LF:17
LH:16
BRF:0
BRH:0
end_of_record
TN:
SF:/Users/i511786/Documents/ba_code/react-event-agenda_repos/react-event-agenda/src/models/AgendaStore.ts
FN:9,(anonymous_1)
FN:24,AgendaStore
FN:29,(anonymous_3)
FN:41,(anonymous_4)
FN:45,(anonymous_5)
FN:52,(anonymous_6)
FN:55,(anonymous_7)
FN:64,(anonymous_8)
FN:65,(anonymous_9)
FN:68,(anonymous_10)
FN:69,(anonymous_11)
FN:76,(anonymous_12)
FN:80,(anonymous_13)
FN:84,(anonymous_14)
FN:88,(anonymous_15)
FN:96,(anonymous_16)
FN:100,(anonymous_17)
FN:108,(anonymous_18)
FN:111,(anonymous_19)
FN:120,(anonymous_20)
FN:123,(anonymous_21)
FN:132,(anonymous_22)
FN:135,(anonymous_23)
FN:144,(anonymous_24)
FN:150,(anonymous_25)
FN:153,(anonymous_26)
FN:168,(anonymous_27)
FN:171,(anonymous_28)
FN:180,(anonymous_29)
FN:183,(anonymous_30)
FN:192,(anonymous_31)
FN:196,(anonymous_32)
FN:200,(anonymous_33)
FN:205,(anonymous_34)
FN:209,(anonymous_35)
FN:215,(anonymous_36)
FN:222,(anonymous_37)
FN:227,(anonymous_38)
FN:234,(anonymous_39)
FNF:39
FNH:25
FNDA:1,(anonymous_1)
FNDA:19,AgendaStore
FNDA:2,(anonymous_3)
FNDA:1,(anonymous_4)
FNDA:0,(anonymous_5)
FNDA:13,(anonymous_6)
FNDA:3,(anonymous_7)
FNDA:2,(anonymous_8)
FNDA:4,(anonymous_9)
FNDA:1,(anonymous_10)
FNDA:3,(anonymous_11)
FNDA:1,(anonymous_12)
FNDA:0,(anonymous_13)
FNDA:5,(anonymous_14)
FNDA:7,(anonymous_15)
FNDA:6,(anonymous_16)
FNDA:8,(anonymous_17)
FNDA:6,(anonymous_18)
FNDA:21,(anonymous_19)
FNDA:0,(anonymous_20)
FNDA:0,(anonymous_21)
FNDA:9,(anonymous_22)
FNDA:13,(anonymous_23)
FNDA:6,(anonymous_24)
FNDA:0,(anonymous_25)
FNDA:30,(anonymous_26)
FNDA:0,(anonymous_27)
FNDA:0,(anonymous_28)
FNDA:1,(anonymous_29)
FNDA:3,(anonymous_30)
FNDA:0,(anonymous_31)
FNDA:0,(anonymous_32)
FNDA:0,(anonymous_33)
FNDA:4,(anonymous_34)
FNDA:23,(anonymous_35)
FNDA:0,(anonymous_36)
FNDA:0,(anonymous_37)
FNDA:0,(anonymous_38)
FNDA:0,(anonymous_39)
DA:9,1
DA:10,1
DA:12,20
DA:13,20
DA:14,20
DA:16,19
DA:17,19
DA:25,19
DA:26,19
DA:29,2
DA:30,2
DA:31,2
DA:32,2
DA:33,2
DA:34,2
DA:35,2
DA:36,2
DA:37,2
DA:41,2
DA:42,1
DA:45,2
DA:46,0
DA:47,0
DA:48,0
DA:52,1
DA:53,13
DA:54,13
DA:55,1
DA:56,3
DA:57,3
DA:60,13
DA:64,1
DA:65,4
DA:68,2
DA:69,3
DA:70,1
DA:71,1
DA:72,1
DA:76,2
DA:77,1
DA:80,1
DA:81,0
DA:84,1
DA:85,5
DA:86,5
DA:87,7
DA:88,7
DA:89,7
DA:90,5
DA:93,0
DA:96,1
DA:97,6
DA:98,6
DA:99,8
DA:100,8
DA:101,8
DA:102,6
DA:105,0
DA:108,1
DA:109,7
DA:110,7
DA:111,21
DA:112,7
DA:113,6
DA:117,0
DA:120,1
DA:121,0
DA:122,0
DA:123,0
DA:124,0
DA:125,0
DA:129,0
DA:132,1
DA:133,9
DA:134,9
DA:135,13
DA:136,9
DA:137,9
DA:141,0
DA:144,1
DA:145,6
DA:146,18
DA:147,18
DA:148,18
DA:149,18
DA:150,0
DA:152,18
DA:153,30
DA:155,18
DA:158,6
DA:168,1
DA:169,0
DA:170,0
DA:171,0
DA:172,0
DA:173,0
DA:177,0
DA:180,2
DA:181,1
DA:182,1
DA:183,3
DA:184,1
DA:185,1
DA:186,1
DA:192,1
DA:193,0
DA:196,1
DA:197,0
DA:200,1
DA:201,0
DA:205,1
DA:206,4
DA:209,1
DA:210,23
DA:211,23
DA:212,23
DA:215,2
DA:216,0
DA:217,0
DA:218,0
DA:222,1
DA:223,0
DA:224,0
DA:227,2
DA:228,0
DA:229,0
DA:230,0
DA:234,1
DA:235,0
DA:236,0
DA:240,1
LF:131
LH:97
BRDA:32,0,0,2
BRDA:32,0,1,0
BRDA:32,1,0,2
BRDA:32,1,1,2
BRDA:47,2,0,0
BRDA:47,2,1,0
BRDA:54,3,0,1
BRDA:54,3,1,12
BRDA:56,4,0,3
BRDA:56,4,1,0
BRDA:70,5,0,1
BRDA:70,5,1,0
BRDA:89,6,0,5
BRDA:89,6,1,2
BRDA:101,7,0,6
BRDA:101,7,1,2
BRDA:112,8,0,6
BRDA:112,8,1,1
BRDA:124,9,0,0
BRDA:124,9,1,0
BRDA:136,10,0,9
BRDA:136,10,1,0
BRDA:149,11,0,0
BRDA:149,11,1,18
BRDA:152,12,0,9
BRDA:152,12,1,9
BRDA:172,13,0,0
BRDA:172,13,1,0
BRDA:184,14,0,1
BRDA:184,14,1,0
BRDA:216,15,0,0
BRDA:216,15,1,0
BRDA:223,16,0,0
BRDA:223,16,1,0
BRDA:228,17,0,0
BRDA:228,17,1,0
BRDA:235,18,0,0
BRDA:235,18,1,0
BRF:38
BRH:18
end_of_record
TN:
SF:/Users/i511786/Documents/ba_code/react-event-agenda_repos/react-event-agenda/src/models/DayModel.ts
FN:22,(anonymous_1)
FN:31,Day
FN:35,(anonymous_3)
FN:43,(anonymous_4)
FN:51,(anonymous_5)
FN:59,(anonymous_6)
FN:67,(anonymous_7)
FN:75,(anonymous_8)
FN:83,(anonymous_9)
FN:91,(anonymous_10)
FN:99,(anonymous_11)
FN:107,(anonymous_12)
FN:115,(anonymous_13)
FN:119,(anonymous_14)
FN:124,(anonymous_15)
FN:129,(anonymous_16)
FNF:16
FNH:12
FNDA:1,(anonymous_1)
FNDA:52,Day
FNDA:52,(anonymous_3)
FNDA:91,(anonymous_4)
FNDA:0,(anonymous_5)
FNDA:75,(anonymous_6)
FNDA:0,(anonymous_7)
FNDA:90,(anonymous_8)
FNDA:0,(anonymous_9)
FNDA:122,(anonymous_10)
FNDA:0,(anonymous_11)
FNDA:100,(anonymous_12)
FNDA:2,(anonymous_13)
FNDA:91,(anonymous_14)
FNDA:91,(anonymous_15)
FNDA:51,(anonymous_16)
DA:22,1
DA:23,1
DA:24,1
DA:25,1
DA:26,1
DA:27,1
DA:32,52
DA:33,52
DA:34,52
DA:35,52
DA:36,52
DA:43,1
DA:44,91
DA:52,0
DA:59,1
DA:60,75
DA:68,0
DA:75,1
DA:76,90
DA:84,0
DA:91,1
DA:92,122
DA:100,0
DA:107,1
DA:108,100
DA:116,2
DA:119,1
DA:120,91
DA:124,91
DA:129,1
DA:130,51
DA:133,1
LF:32
LH:28
BRDA:36,0,0,1
BRDA:36,0,1,51
BRF:2
BRH:2
end_of_record
TN:
SF:/Users/i511786/Documents/ba_code/react-event-agenda_repos/react-event-agenda/src/models/ItemModel.ts
FN:5,(anonymous_1)
FN:31,(anonymous_2)
FN:57,Item
FN:44,(anonymous_4)
FN:52,(anonymous_5)
FN:71,(anonymous_6)
FN:79,(anonymous_7)
FN:87,(anonymous_8)
FN:95,(anonymous_9)
FN:103,(anonymous_10)
FN:111,(anonymous_11)
FN:119,(anonymous_12)
FN:127,(anonymous_13)
FN:135,(anonymous_14)
FN:143,(anonymous_15)
FN:151,(anonymous_16)
FN:159,(anonymous_17)
FN:169,(anonymous_18)
FN:176,(anonymous_19)
FN:186,(anonymous_20)
FN:200,(anonymous_21)
FN:208,(anonymous_22)
FN:220,(anonymous_23)
FNF:23
FNH:22
FNDA:1,(anonymous_1)
FNDA:1,(anonymous_2)
FNDA:174,Item
FNDA:243,(anonymous_4)
FNDA:28,(anonymous_5)
FNDA:410,(anonymous_6)
FNDA:0,(anonymous_7)
FNDA:243,(anonymous_8)
FNDA:1,(anonymous_9)
FNDA:243,(anonymous_10)
FNDA:1,(anonymous_11)
FNDA:243,(anonymous_12)
FNDA:1,(anonymous_13)
FNDA:329,(anonymous_14)
FNDA:1,(anonymous_15)
FNDA:285,(anonymous_16)
FNDA:1,(anonymous_17)
FNDA:2,(anonymous_18)
FNDA:9,(anonymous_19)
FNDA:1,(anonymous_20)
FNDA:3,(anonymous_21)
FNDA:304,(anonymous_22)
FNDA:170,(anonymous_23)
DA:5,1
DA:6,1
DA:7,1
DA:31,1
DA:32,1
DA:33,1
DA:34,1
DA:35,1
DA:36,1
DA:37,1
DA:38,174
DA:44,1
DA:45,243
DA:53,28
DA:58,174
DA:59,174
DA:60,174
DA:61,174
DA:62,174
DA:63,174
DA:64,174
DA:71,1
DA:72,410
DA:80,0
DA:87,1
DA:88,243
DA:96,1
DA:103,1
DA:104,243
DA:112,1
DA:119,1
DA:120,243
DA:128,1
DA:135,1
DA:136,329
DA:144,1
DA:151,1
DA:152,285
DA:160,1
DA:169,1
DA:170,2
DA:176,1
DA:177,9
DA:186,1
DA:187,1
DA:188,1
DA:189,1
DA:190,1
DA:200,1
DA:201,3
DA:202,3
DA:203,3
DA:208,1
DA:209,304
DA:220,1
DA:221,170
DA:223,1
LF:57
LH:56
BRDA:5,0,0,1
BRDA:5,0,1,1
BRF:2
BRH:2
end_of_record
TN:
SF:/Users/i511786/Documents/ba_code/react-event-agenda_repos/react-event-agenda/src/models/TrackModel.ts
FN:17,(anonymous_1)
FN:23,Track
FN:25,(anonymous_3)
FN:32,(anonymous_4)
FN:33,(anonymous_5)
FN:49,(anonymous_6)
FN:57,(anonymous_7)
FN:65,(anonymous_8)
FN:73,(anonymous_9)
FN:81,(anonymous_10)
FN:89,(anonymous_11)
FN:93,(anonymous_12)
FN:97,(anonymous_13)
FN:101,(anonymous_14)
FNF:14
FNH:11
FNDA:1,(anonymous_1)
FNDA:52,Track
FNDA:170,(anonymous_3)
FNDA:4,(anonymous_4)
FNDA:11,(anonymous_5)
FNDA:72,(anonymous_6)
FNDA:0,(anonymous_7)
FNDA:117,(anonymous_8)
FNDA:0,(anonymous_9)
FNDA:90,(anonymous_10)
FNDA:0,(anonymous_11)
FNDA:91,(anonymous_12)
FNDA:304,(anonymous_13)
FNDA:52,(anonymous_14)
DA:17,1
DA:18,1
DA:19,1
DA:20,1
DA:24,52
DA:25,170
DA:26,52
DA:32,1
DA:33,4
DA:34,11
DA:35,10
DA:37,1
DA:38,1
DA:40,0
DA:49,1
DA:50,72
DA:58,0
DA:65,1
DA:66,117
DA:74,0
DA:81,1
DA:82,90
DA:90,0
DA:93,1
DA:94,91
DA:97,304
DA:101,1
DA:102,52
DA:106,1
LF:29
LH:25
BRDA:34,0,0,10
BRDA:34,0,1,1
BRDA:37,1,0,1
BRDA:37,1,1,0
BRF:4
BRH:3
end_of_record
TN:
SF:/Users/i511786/Documents/ba_code/react-event-agenda_repos/react-event-agenda/src/models/UIStore.ts
FN:4,(anonymous_1)
FN:13,(anonymous_2)
FN:20,(anonymous_4)
FN:24,(anonymous_5)
FN:28,(anonymous_6)
FN:32,(anonymous_7)
FN:36,(anonymous_8)
FN:40,(anonymous_9)
FN:44,(anonymous_10)
FN:48,(anonymous_11)
FNF:10
FNH:6
FNDA:1,(anonymous_1)
FNDA:20,(anonymous_2)
FNDA:1,(anonymous_4)
FNDA:1,(anonymous_5)
FNDA:3,(anonymous_6)
FNDA:0,(anonymous_7)
FNDA:0,(anonymous_8)
FNDA:1,(anonymous_9)
FNDA:0,(anonymous_10)
FNDA:0,(anonymous_11)
DA:4,1
DA:5,1
DA:6,1
DA:7,1
DA:8,1
DA:9,1
DA:10,1
DA:13,1
DA:14,20
DA:15,20
DA:16,20
DA:17,20
DA:20,1
DA:21,1
DA:24,2
DA:25,1
DA:28,1
DA:29,3
DA:32,2
DA:33,0
DA:36,1
DA:37,0
DA:40,2
DA:41,1
DA:44,1
DA:45,0
DA:48,2
DA:49,0
DA:54,1
LF:29
LH:25
BRDA:4,0,0,1
BRDA:4,0,1,1
BRF:2
BRH:2
end_of_record
